<testsuite name="Mocha Tests" tests="1049" failures="0" errors="0" skipped="0" timestamp="Mon, 29 Nov 2021 12:47:41 GMT" time="4.088">
<testcase classname="connection loginAsync" name="should succeed with correct passowrd." time="0.045"/>
<testcase classname="connection loginAsync" name="should throw an error with incorrect passowrd." time="0.004"/>
<testcase classname="connection loginAsync" name="should throw an error on GW_ERROR_NTF." time="0.003"/>
<testcase classname="connection loginAsync" name="should throw an error after timeout." time="1.009"/>
<testcase classname="connection loginAsync" name="should reconnect without error after the connection is lost." time="0.011"/>
<testcase classname="connection logoutAsync" name="should fulfill if not logged in." time="0.003"/>
<testcase classname="connection logoutAsync" name="should fulfill if logged in." time="0.004"/>
<testcase classname="connection sendFrameAsync" name="should return the corresponding confirmation." time="0.004"/>
<testcase classname="connection sendFrameAsync" name="should timeout on missing confirmation." time="1.02"/>
<testcase classname="connection sendFrameAsync" name="should reject on error frame." time="0.003"/>
<testcase classname="connection sendFrameAsync" name="should ignore wrong confirmation." time="0.003"/>
<testcase classname="connection KLF200SocketProtocol" name="should get the protocol after login." time="0.008"/>
<testcase classname="connection on" name="should receive a frame in the registered event handler" time="0.004"/>
<testcase classname="connection on" name="should receive a frame in the filtered registered event handler on match" time="0.007"/>
<testcase classname="connection on" name="shouldn&#x27;t receive a frame in the filtered registered event handler on no match" time="0.015"/>
<testcase classname="connection startKeepAlive" name="should send a GW_GET_STATE_REQ after 10 minutes" time="0.007"/>
<testcase classname="connection startKeepAlive" name="should postpone the GW_GET_STATE_REQ if other data is sent before 10 minutes" time="0.004"/>
<testcase classname="connection stopKeepAlive" name="shouldn&#x27;t send a GW_GET_STATE_REQ after 10 minutes after stopping the keep-alive" time="0.029"/>
<testcase classname="Gateway constructor" name="should create without error." time="0.001"/>
<testcase classname="Gateway changePasswordAsync" name="should return true due to status." time="0.002"/>
<testcase classname="Gateway changePasswordAsync" name="should return false due to status." time="0"/>
<testcase classname="Gateway changePasswordAsync" name="should throw an error due to an error frame received." time="0"/>
<testcase classname="Gateway getVersionAsync" name="should throw an error due to an error frame received." time="0"/>
<testcase classname="Gateway getVersionAsync" name="should return the version information." time="0.001"/>
<testcase classname="Gateway getProtocolVersionAsync" name="should throw an error due to an error frame received." time="0.001"/>
<testcase classname="Gateway getProtocolVersionAsync" name="should return the version information." time="0.001"/>
<testcase classname="Gateway getStateAsync" name="should throw an error due to an error frame received." time="0.001"/>
<testcase classname="Gateway getStateAsync" name="should return the version information." time="0"/>
<testcase classname="Gateway setUTCDateTimeAsync" name="should throw an error due to an error frame received." time="0.001"/>
<testcase classname="Gateway setUTCDateTimeAsync" name="shouldn&#x27;t throw an error." time="0.001"/>
<testcase classname="Gateway setTimeZoneAsync" name="should throw an error due to an error frame received." time="0.002"/>
<testcase classname="Gateway setTimeZoneAsync" name="shouldn&#x27;t throw an error." time="0.001"/>
<testcase classname="Gateway setTimeZoneAsync" name="should throw an error due to status." time="0"/>
<testcase classname="Gateway rebootAsync" name="should throw an error due to an error frame received." time="0.001"/>
<testcase classname="Gateway rebootAsync" name="shouldn&#x27;t throw an error." time="0.001"/>
<testcase classname="Gateway factoryResetAsync" name="should throw an error due to an error frame received." time="0"/>
<testcase classname="Gateway factoryResetAsync" name="shouldn&#x27;t throw an error." time="0.001"/>
<testcase classname="Gateway leaveLearnStateAsync" name="should throw an error due to an error frame received." time="0"/>
<testcase classname="Gateway leaveLearnStateAsync" name="shouldn&#x27;t throw an error." time="0"/>
<testcase classname="Gateway getNetworkSettingsAsync" name="should throw an error due to an error frame received." time="0.001"/>
<testcase classname="Gateway getNetworkSettingsAsync" name="should return the network settings (non-DHCP)." time="0.001"/>
<testcase classname="Gateway getNetworkSettingsAsync" name="should return the network settings (DHCP)." time="0"/>
<testcase classname="Gateway setNetworkSettingsAsync" name="should throw an error due to an error frame received." time="0.002"/>
<testcase classname="Gateway setNetworkSettingsAsync" name="shouldn&#x27;t throw an error (DHCP)." time="0"/>
<testcase classname="Gateway setNetworkSettingsAsync" name="shouldn&#x27;t throw an error (non-DHCP)." time="0"/>
<testcase classname="Gateway enableHouseStatusMonitorAsync" name="should throw an error due to an error frame received." time="0"/>
<testcase classname="Gateway enableHouseStatusMonitorAsync" name="shouldn&#x27;t throw an error." time="0.001"/>
<testcase classname="Gateway disableHouseStatusMonitorAsync" name="should throw an error due to an error frame received." time="0"/>
<testcase classname="Gateway disableHouseStatusMonitorAsync" name="shouldn&#x27;t throw an error." time="0"/>
<testcase classname="groups groups class creategroupsAsync" name="should create without error with 2 groups." time="0.001"/>
<testcase classname="groups groups class creategroupsAsync" name="should throw an error on invalid frames." time="0.001"/>
<testcase classname="groups groups class creategroupsAsync" name="should create without error without groups." time="0.001"/>
<testcase classname="groups groups class findByName" name="should find group &#x27;Fenster S&#xFC;den&#x27;." time="0.001"/>
<testcase classname="groups groups class onNotificationHandler" name="should remove 1 group." time="0.016"/>
<testcase classname="groups groups class onNotificationHandler" name="should change 1 group." time="0.015"/>
<testcase classname="groups groups class onNotificationHandler" name="should add 1 group." time="0.014"/>
<testcase classname="groups groups class group class Name" name="should return the group name" time="0"/>
<testcase classname="groups groups class group class Order" name="should return the group&#x27;s order" time="0.001"/>
<testcase classname="groups groups class group class Placement" name="should return the group&#x27;s placement" time="0"/>
<testcase classname="groups groups class group class Velocity" name="should return the group&#x27;s Velocity" time="0"/>
<testcase classname="groups groups class group class NodeVariation" name="should return the group&#x27;s NodeVariation" time="0"/>
<testcase classname="groups groups class group class GroupType" name="should return the group&#x27;s GroupType" time="0"/>
<testcase classname="groups groups class group class Nodes" name="should return the group&#x27;s Nodes" time="0.001"/>
<testcase classname="groups groups class group class changeGroupAsync" name="should fulfill if all properties are set to different values" time="0.001"/>
<testcase classname="groups groups class group class changeGroupAsync" name="should fulfill if all properties are set to same values" time="0"/>
<testcase classname="groups groups class group class changeGroupAsync" name="should reject on error status" time="0.039"/>
<testcase classname="groups groups class group class changeGroupAsync" name="should reject on error frame" time="0.001"/>
<testcase classname="groups groups class group class setNameAsync" name="should send a set group information request with changed name" time="0.001"/>
<testcase classname="groups groups class group class setNameAsync" name="should reject on error status" time="0.002"/>
<testcase classname="groups groups class group class setNameAsync" name="should reject on error frame" time="0.001"/>
<testcase classname="groups groups class group class setOrderAsync" name="should send a set group information request with changed order" time="0"/>
<testcase classname="groups groups class group class setOrderAsync" name="should reject on error status" time="0.001"/>
<testcase classname="groups groups class group class setOrderAsync" name="should reject on error frame" time="0"/>
<testcase classname="groups groups class group class setPlacementAsync" name="should send a set group information request with changed placement" time="0.001"/>
<testcase classname="groups groups class group class setPlacementAsync" name="should reject on error status" time="0.001"/>
<testcase classname="groups groups class group class setPlacementAsync" name="should reject on error frame" time="0.001"/>
<testcase classname="groups groups class group class setVelocityAsync" name="should send a set group information request with changed velocity" time="0"/>
<testcase classname="groups groups class group class setVelocityAsync" name="should reject on error status" time="0.001"/>
<testcase classname="groups groups class group class setVelocityAsync" name="should reject on error frame" time="0"/>
<testcase classname="groups groups class group class setNodeVariationAsync" name="should send a set group information request with changed node variation" time="0"/>
<testcase classname="groups groups class group class setNodeVariationAsync" name="should reject on error status" time="0"/>
<testcase classname="groups groups class group class setNodeVariationAsync" name="should reject on error frame" time="0"/>
<testcase classname="groups groups class group class setNodesAsync" name="should send a set group information request with changed node variation" time="0.001"/>
<testcase classname="groups groups class group class setNodesAsync" name="should reject on error status" time="0.001"/>
<testcase classname="groups groups class group class setNodesAsync" name="should reject on error frame" time="0.001"/>
<testcase classname="groups groups class group class setTargetPositionRawAsync" name="should send a set group information request with changed node variation" time="0.001"/>
<testcase classname="groups groups class group class setTargetPositionRawAsync" name="should reject on error status" time="0.001"/>
<testcase classname="groups groups class group class setTargetPositionRawAsync" name="should reject on error frame" time="0.003"/>
<testcase classname="groups groups class group class setTargetPositionAsync" name="should send a set group information request with changed node variation" time="0.006"/>
<testcase classname="groups groups class group class setTargetPositionAsync" name="should reject on error status" time="0.002"/>
<testcase classname="groups groups class group class setTargetPositionAsync" name="should reject on error frame" time="0.003"/>
<testcase classname="groups groups class group class refreshAsync" name="should send a command request" time="0.001"/>
<testcase classname="groups groups class group class refreshAsync" name="should reject on error status" time="0.001"/>
<testcase classname="groups groups class group class refreshAsync" name="should reject on error frame" time="0"/>
<testcase classname="groups groups class group class onNotificationHandler GW_GET_GROUP_INFORMATION_NTF" name="should send notifications for Name" time="0.019"/>
<testcase classname="common GW_FRAME" name="subclass should create successfully" time="0"/>
<testcase classname="common GW_FRAME" name="should contain the right command" time="0.001"/>
<testcase classname="common GW_FRAME" name="should have an offset value of 3" time="0.001"/>
<testcase classname="common GW_FRAME" name="unknown subclass should have an undefined command." time="0"/>
<testcase classname="common GW_FRAME_REQ" name="subclass should create successfully" time="0"/>
<testcase classname="common GW_FRAME_REQ" name="should contain the right data" time="0"/>
<testcase classname="common GW_FRAME_REQ" name="should contain the right data after realloc with CopyData = undefined" time="0.001"/>
<testcase classname="common GW_FRAME_REQ" name="should contain the right data after realloc with CopyData = true" time="0.001"/>
<testcase classname="common GW_FRAME_REQ" name="should contain the right data after realloc with CopyData = false" time="0.001"/>
<testcase classname="common GW_FRAME_REQ" name="should contain the right data after realloc with CopyData = undefined and new length 0" time="0.001"/>
<testcase classname="common GW_FRAME_COMMAND_REQ" name="subclass should create successfully" time="0"/>
<testcase classname="common GW_FRAME_COMMAND_REQ" name="should contain a SessionID" time="0"/>
<testcase classname="common GW_FRAME_COMMAND_REQ" name="should increment the SessionID with each new request" time="0"/>
<testcase classname="common GW_FRAME_RCV" name="subclass should create successfully" time="0"/>
<testcase classname="common GW_FRAME_RCV" name="Data should contain payload only" time="0"/>
<testcase classname="common GW_FRAME_RCV" name="subclass should throw on creation on wrong input data" time="0.001"/>
<testcase classname="common readZString" name="should return an empty string, if the first byte is 0" time="0"/>
<testcase classname="common readZString" name="should return the string until the first 0, even if the buffer is larger" time="0"/>
<testcase classname="common readZString" name="should return the string if the buffer is filled completely" time="0.001"/>
<testcase classname="common readZString" name="should return the sliced string if the buffer is filled longer, but sliced" time="0.001"/>
<testcase classname="FrameRcvFactory CreateRcvFrame" name="should create a GW_REBOOT_CFM object from the provided buffer" time="0.001"/>
<testcase classname="FrameRcvFactory CreateRcvFrame" name="should throw an error on an unknown command" time="0.001"/>
<testcase classname="KLF200-API GW_ACTIVATE_PRODUCTGROUP_CFM Constructor" name="should create without error" time="0"/>
<testcase classname="KLF200-API GW_ACTIVATE_PRODUCTGROUP_CFM Constructor" name="should return the session ID" time="0"/>
<testcase classname="KLF200-API GW_ACTIVATE_PRODUCTGROUP_CFM getError" name="should return &#x27;No error.&#x27;" time="0"/>
<testcase classname="KLF200-API GW_ACTIVATE_PRODUCTGROUP_CFM getError" name="should return &#x27;Unknown product group.&#x27;" time="0"/>
<testcase classname="KLF200-API GW_ACTIVATE_PRODUCTGROUP_CFM getError" name="should return &#x27;Session ID in use.&#x27;" time="0"/>
<testcase classname="KLF200-API GW_ACTIVATE_PRODUCTGROUP_CFM getError" name="should return &#x27;Busy.&#x27;" time="0"/>
<testcase classname="KLF200-API GW_ACTIVATE_PRODUCTGROUP_CFM getError" name="should return &#x27;Wrong group type.&#x27;" time="0"/>
<testcase classname="KLF200-API GW_ACTIVATE_PRODUCTGROUP_CFM getError" name="should return &#x27;Failed.&#x27;" time="0"/>
<testcase classname="KLF200-API GW_ACTIVATE_PRODUCTGROUP_CFM getError" name="should return &#x27;Invalid parameter.&#x27;" time="0"/>
<testcase classname="KLF200-API GW_ACTIVATE_PRODUCTGROUP_CFM getError" name="should return &#x27;Unknown error.&#x27;" time="0"/>
<testcase classname="KLF200-API GW_ACTIVATE_PRODUCTGROUP_REQ" name="shouldn&#x27;t throw an error on create" time="0"/>
<testcase classname="KLF200-API GW_ACTIVATE_PRODUCTGROUP_REQ" name="should create the right object with default values" time="0.001"/>
<testcase classname="KLF200-API GW_ACTIVATE_PRODUCTGROUP_REQ" name="should write the priority levels at the right position" time="0"/>
<testcase classname="KLF200-API GW_ACTIVATE_PRODUCTGROUP_REQ" name="should throw an error at priority level value greater than 3" time="0"/>
<testcase classname="KLF200-API GW_ACTIVATE_PRODUCTGROUP_REQ" name="should throw an error at priority level less than 0" time="0.001"/>
<testcase classname="KLF200-API GW_ACTIVATE_PRODUCTGROUP_REQ" name="should throw an error at too many priority levels (more than 8)" time="0"/>
<testcase classname="KLF200-API GW_ACTIVATE_SCENE_CFM Constructor" name="should create without error" time="0"/>
<testcase classname="KLF200-API GW_ACTIVATE_SCENE_CFM Constructor" name="should return the session ID" time="0.001"/>
<testcase classname="KLF200-API GW_ACTIVATE_SCENE_CFM Constructor" name="should return the status" time="0"/>
<testcase classname="KLF200-API GW_ACTIVATE_SCENE_CFM getError" name="should return &#x27;No error.&#x27;" time="0"/>
<testcase classname="KLF200-API GW_ACTIVATE_SCENE_CFM getError" name="should return &#x27;Invalid parameter.&#x27;" time="0"/>
<testcase classname="KLF200-API GW_ACTIVATE_SCENE_CFM getError" name="should return &#x27;Request rejected.&#x27;" time="0.001"/>
<testcase classname="KLF200-API GW_ACTIVATE_SCENE_CFM getError" name="should return &#x27;Unknown error.&#x27;" time="0"/>
<testcase classname="KLF200-API GW_ACTIVATE_SCENE_REQ" name="shouldn&#x27;t throw an error on create" time="0.001"/>
<testcase classname="KLF200-API GW_ACTIVATE_SCENE_REQ" name="should create the right object with default values" time="0"/>
<testcase classname="KLF200-API GW_COMMAND_REMAINING_TIME_NTF Constructor" name="should create without error" time="0"/>
<testcase classname="KLF200-API GW_COMMAND_REMAINING_TIME_NTF Constructor" name="should return the session ID" time="0"/>
<testcase classname="KLF200-API GW_COMMAND_REMAINING_TIME_NTF Constructor" name="should return the node parameter FP2" time="0"/>
<testcase classname="KLF200-API GW_COMMAND_REMAINING_TIME_NTF Constructor" name="should return the 42 seconds remaining time" time="0"/>
<testcase classname="KLF200-API GW_COMMAND_RUN_STATUS_NTF Constructor" name="should create without error" time="0.001"/>
<testcase classname="KLF200-API GW_COMMAND_RUN_STATUS_NTF Constructor" name="should return the session ID" time="0"/>
<testcase classname="KLF200-API GW_COMMAND_RUN_STATUS_NTF Constructor" name="should return the status owner" time="0"/>
<testcase classname="KLF200-API GW_COMMAND_RUN_STATUS_NTF Constructor" name="should return the node ID" time="0"/>
<testcase classname="KLF200-API GW_COMMAND_RUN_STATUS_NTF Constructor" name="should return the node parameter FP2" time="0"/>
<testcase classname="KLF200-API GW_COMMAND_RUN_STATUS_NTF Constructor" name="should return the parameter value" time="0"/>
<testcase classname="KLF200-API GW_COMMAND_RUN_STATUS_NTF Constructor" name="should return the run status" time="0"/>
<testcase classname="KLF200-API GW_COMMAND_RUN_STATUS_NTF Constructor" name="should return the status reply Ok" time="0"/>
<testcase classname="KLF200-API GW_COMMAND_RUN_STATUS_NTF Constructor" name="should return the information code" time="0.001"/>
<testcase classname="KLF200-API GW_COMMAND_SEND_CFM Constructor" name="should create without error" time="0.001"/>
<testcase classname="KLF200-API GW_COMMAND_SEND_CFM Constructor" name="should return the session ID" time="0"/>
<testcase classname="KLF200-API GW_COMMAND_SEND_CFM getError" name="should return &#x27;No error.&#x27;" time="0"/>
<testcase classname="KLF200-API GW_COMMAND_SEND_CFM getError" name="should return &#x27;Command rejected.&#x27;" time="0"/>
<testcase classname="KLF200-API GW_COMMAND_SEND_CFM getError" name="should return &#x27;Unknown error.&#x27;" time="0"/>
<testcase classname="KLF200-API GW_COMMAND_SEND_REQ" name="shouldn&#x27;t throw an error on create" time="0.001"/>
<testcase classname="KLF200-API GW_COMMAND_SEND_REQ" name="should create the right object with default values" time="0.001"/>
<testcase classname="KLF200-API GW_COMMAND_SEND_REQ" name="should write the priority levels at the right position" time="0"/>
<testcase classname="KLF200-API GW_COMMAND_SEND_REQ" name="should throw an error at priority level value greater than 3" time="0"/>
<testcase classname="KLF200-API GW_COMMAND_SEND_REQ" name="should throw an error at priority level less than 0" time="0"/>
<testcase classname="KLF200-API GW_COMMAND_SEND_REQ" name="should throw an error at too many priority levels (more than 8)" time="0"/>
<testcase classname="KLF200-API GW_COMMAND_SEND_REQ" name="should write the functional parameter the right way" time="0"/>
<testcase classname="KLF200-API GW_COMMAND_SEND_REQ" name="should throw an error on invalid functional parameter ID" time="0"/>
<testcase classname="KLF200-API GW_COMMAND_SEND_REQ" name="should write multiple nodes" time="0.002"/>
<testcase classname="KLF200-API GW_COMMAND_SEND_REQ" name="should throw an error if more than 20 nodes are provided" time="0"/>
<testcase classname="GW_COMMAND LockTime lockTimeValueToLockTime" name="should return 30 for input value 0" time="0.001"/>
<testcase classname="GW_COMMAND LockTime lockTimeValueToLockTime" name="should return 1290 for input value 42" time="0"/>
<testcase classname="GW_COMMAND LockTime lockTimeValueToLockTime" name="should return +infinity for input value 255" time="0"/>
<testcase classname="GW_COMMAND LockTime lockTimeValueToLockTime" name="should throw on a negative input value" time="0"/>
<testcase classname="GW_COMMAND LockTime lockTimeValueToLockTime" name="should throw on an input value greater than 255" time="0"/>
<testcase classname="GW_COMMAND LockTime lockTimeTolockTimeValue" name="should return 0 for input value 30" time="0"/>
<testcase classname="GW_COMMAND LockTime lockTimeTolockTimeValue" name="should return 42 for input value 1290" time="0"/>
<testcase classname="GW_COMMAND LockTime lockTimeTolockTimeValue" name="should return 255 for input value +infinity" time="0"/>
<testcase classname="GW_COMMAND LockTime lockTimeTolockTimeValue" name="should throw on a negative input value" time="0.001"/>
<testcase classname="GW_COMMAND LockTime lockTimeTolockTimeValue" name="should throw on an input value greater than 7560" time="0.001"/>
<testcase classname="GW_COMMAND LockTime lockTimeTolockTimeValue" name="should throw on an input value not dividable by 30" time="0"/>
<testcase classname="GW_COMMAND LockTime lockTimeValueToLockTimeForLimitation" name="should return 30 for input value 0" time="0"/>
<testcase classname="GW_COMMAND LockTime lockTimeValueToLockTimeForLimitation" name="should return 1290 for input value 42" time="0"/>
<testcase classname="GW_COMMAND LockTime lockTimeValueToLockTimeForLimitation" name="should return +infinity for input value 253" time="0"/>
<testcase classname="GW_COMMAND LockTime lockTimeValueToLockTimeForLimitation" name="should throw on a negative input value" time="0"/>
<testcase classname="GW_COMMAND LockTime lockTimeValueToLockTimeForLimitation" name="should throw on an input value greater than 253" time="0.001"/>
<testcase classname="GW_COMMAND LockTime lockTimeTolockTimeValueForLimitation" name="should return 0 for input value 30" time="0"/>
<testcase classname="GW_COMMAND LockTime lockTimeTolockTimeValueForLimitation" name="should return 42 for input value 1290" time="0"/>
<testcase classname="GW_COMMAND LockTime lockTimeTolockTimeValueForLimitation" name="should return 253 for input value +infinity" time="0"/>
<testcase classname="GW_COMMAND LockTime lockTimeTolockTimeValueForLimitation" name="should throw on a negative input value" time="0"/>
<testcase classname="GW_COMMAND LockTime lockTimeTolockTimeValueForLimitation" name="should throw on an input value greater than 7560" time="0"/>
<testcase classname="GW_COMMAND LockTime lockTimeTolockTimeValueForLimitation" name="should throw on an input value not dividable by 30" time="0"/>
<testcase classname="GW_COMMAND convertPositionRaw" name="should return 0 for 0x0000 for a roller shutter" time="0"/>
<testcase classname="GW_COMMAND convertPositionRaw" name="should return 1 for 0xC800 for a roller shutter" time="0"/>
<testcase classname="GW_COMMAND convertPositionRaw" name="should return 0.1 for 0x1400 for a roller shutter" time="0"/>
<testcase classname="GW_COMMAND convertPositionRaw" name="should return NaN for a value greater than 0xC800 for a roller shutter" time="0"/>
<testcase classname="GW_COMMAND convertPositionRaw" name="should return 1 for 0x0000 for a window opener" time="0"/>
<testcase classname="GW_COMMAND convertPositionRaw" name="should return 0 for 0xC800 for a window opener" time="0"/>
<testcase classname="GW_COMMAND convertPositionRaw" name="should return 0.9 for 0x1400 for a window opener" time="0.001"/>
<testcase classname="GW_COMMAND convertPositionRaw" name="should return NaN for a value greater than 0xC800 for a window opener" time="0.001"/>
<testcase classname="GW_COMMAND convertPosition" name="should return 0x0000 for 0 for a roller shutter" time="0"/>
<testcase classname="GW_COMMAND convertPosition" name="should return 0xC800 for 1 for a roller shutter" time="0"/>
<testcase classname="GW_COMMAND convertPosition" name="should return 0x1400 for 0.1 for a roller shutter" time="0"/>
<testcase classname="GW_COMMAND convertPosition" name="should throw an error for negative values for a roller shutter" time="0.001"/>
<testcase classname="GW_COMMAND convertPosition" name="should throw an error for values larger than 1.0 for a roller shutter" time="0"/>
<testcase classname="GW_COMMAND convertPosition" name="should return 0x0000 for 1 for a window opener" time="0"/>
<testcase classname="GW_COMMAND convertPosition" name="should return 0xC800 for 0 for a window opener" time="0"/>
<testcase classname="GW_COMMAND convertPosition" name="should return 0x1400 for 0.9 for a window opener" time="0"/>
<testcase classname="GW_COMMAND convertPosition" name="should throw an error for negative values for a window opener" time="0.001"/>
<testcase classname="GW_COMMAND convertPosition" name="should throw an error for values larger than 1.0 for a window opener" time="0.001"/>
<testcase classname="KLF200-API GW_CS_ACTIVATE_CONFIGURATION_MODE_CFM Constructor" name="should create without error" time="0.001"/>
<testcase classname="KLF200-API GW_CS_ACTIVATE_CONFIGURATION_MODE_CFM Constructor" name="should return the status" time="0.001"/>
<testcase classname="KLF200-API GW_CS_ACTIVATE_CONFIGURATION_MODE_CFM Constructor" name="should return the activated nodes" time="0"/>
<testcase classname="KLF200-API GW_CS_ACTIVATE_CONFIGURATION_MODE_CFM Constructor" name="should return the no contact nodes" time="0"/>
<testcase classname="KLF200-API GW_CS_ACTIVATE_CONFIGURATION_MODE_CFM Constructor" name="should return the other error nodes" time="0"/>
<testcase classname="KLF200-API GW_CS_ACTIVATE_CONFIGURATION_MODE_CFM getError" name="should return the error message" time="0.001"/>
<testcase classname="KLF200-API GW_CS_ACTIVATE_CONFIGURATION_MODE_CFM getError" name="should throw if no error" time="0.001"/>
<testcase classname="KLF200-API GW_CS_ACTIVATE_CONFIGURATION_MODE_REQ" name="shouldn&#x27;t throw an error on create" time="0.001"/>
<testcase classname="KLF200-API GW_CS_ACTIVATE_CONFIGURATION_MODE_REQ" name="should write multiple nodes" time="0"/>
<testcase classname="KLF200-API GW_CS_CONTROLLER_COPY_NTF Constructor" name="should create without error" time="0"/>
<testcase classname="KLF200-API GW_CS_CONTROLLER_COPY_NTF Constructor" name="should return the Controller Copy Mode" time="0"/>
<testcase classname="KLF200-API GW_CS_CONTROLLER_COPY_NTF Constructor" name="should return the Controller Copy Status" time="0"/>
<testcase classname="KLF200-API GW_CS_DISCOVER_NODES_REQ" name="shouldn&#x27;t throw an error on create" time="0"/>
<testcase classname="KLF200-API GW_CS_DISCOVER_NODES_REQ" name="should write the node type at the right position" time="0.001"/>
<testcase classname="KLF200-API GW_CS_DISCOVER_NODES_REQ" name="should default to ActuatorType.NO_TYPE for node type" time="0"/>
<testcase classname="KLF200-API GW_CS_DISCOVER_NODES_NTF Constructor" name="should create without error" time="0"/>
<testcase classname="KLF200-API GW_CS_DISCOVER_NODES_NTF Constructor" name="should return the status" time="0"/>
<testcase classname="KLF200-API GW_CS_DISCOVER_NODES_NTF Constructor" name="should return the added nodes" time="0.001"/>
<testcase classname="KLF200-API GW_CS_DISCOVER_NODES_NTF Constructor" name="should return the RF connection error nodes" time="0.001"/>
<testcase classname="KLF200-API GW_CS_DISCOVER_NODES_NTF Constructor" name="should return the io-Key error nodes" time="0"/>
<testcase classname="KLF200-API GW_CS_DISCOVER_NODES_NTF Constructor" name="should return the removed nodes" time="0"/>
<testcase classname="KLF200-API GW_CS_DISCOVER_NODES_NTF Constructor" name="should return the open nodes" time="0"/>
<testcase classname="KLF200-API GW_CS_CONTROLLER_COPY_REQ" name="shouldn&#x27;t throw an error on create" time="0.001"/>
<testcase classname="KLF200-API GW_CS_CONTROLLER_COPY_REQ" name="should write the controller copy mode at the right position" time="0.001"/>
<testcase classname="KLF200-API GW_CS_RECEIVE_KEY_NTF Constructor" name="should create without error" time="0.001"/>
<testcase classname="KLF200-API GW_CS_RECEIVE_KEY_NTF Constructor" name="should return the ChangeKeyStatus" time="0"/>
<testcase classname="KLF200-API GW_CS_RECEIVE_KEY_NTF Constructor" name="should return the changed nodes" time="0.001"/>
<testcase classname="KLF200-API GW_CS_RECEIVE_KEY_NTF Constructor" name="should return the unchanged nodes" time="0"/>
<testcase classname="KLF200-API GW_CS_GET_SYSTEMTABLE_DATA_NTF Constructor" name="should create without error" time="0.001"/>
<testcase classname="KLF200-API GW_CS_GET_SYSTEMTABLE_DATA_NTF Constructor" name="should return the correct number of entries" time="0.001"/>
<testcase classname="KLF200-API GW_CS_GET_SYSTEMTABLE_DATA_NTF Constructor" name="should return the correct number of entries" time="0"/>
<testcase classname="KLF200-API GW_CS_GET_SYSTEMTABLE_DATA_NTF Constructor" name="should return the entries" time="0"/>
<testcase classname="KLF200-API GW_CS_GET_SYSTEMTABLE_DATA_NTF Constructor" name="should return an empty array" time="0.001"/>
<testcase classname="KLF200-API GW_CS_PGC_JOB_NTF Constructor" name="should create without error" time="0"/>
<testcase classname="KLF200-API GW_CS_PGC_JOB_NTF Constructor" name="should return the correct PGC Job State" time="0"/>
<testcase classname="KLF200-API GW_CS_PGC_JOB_NTF Constructor" name="should return the correct PGC Job Status" time="0.001"/>
<testcase classname="KLF200-API GW_CS_PGC_JOB_NTF Constructor" name="should return the correct PGC Job Type" time="0"/>
<testcase classname="KLF200-API GW_CS_GENERATE_NEW_KEY_NTF Constructor" name="should create without error" time="0"/>
<testcase classname="KLF200-API GW_CS_GENERATE_NEW_KEY_NTF Constructor" name="should return the ChangeKeyStatus" time="0"/>
<testcase classname="KLF200-API GW_CS_GENERATE_NEW_KEY_NTF Constructor" name="should return the changed nodes" time="0.001"/>
<testcase classname="KLF200-API GW_CS_GENERATE_NEW_KEY_NTF Constructor" name="should return the unchanged nodes" time="0"/>
<testcase classname="KLF200-API GW_CS_REMOVE_NODES_CFM Constructor" name="should create without error" time="0.001"/>
<testcase classname="KLF200-API GW_CS_REMOVE_NODES_CFM Constructor" name="should return scene deleted as true" time="0"/>
<testcase classname="KLF200-API GW_CS_REMOVE_NODES_REQ" name="shouldn&#x27;t throw an error on create" time="0"/>
<testcase classname="KLF200-API GW_CS_REMOVE_NODES_REQ" name="should create the right object with the bit for node 42 set" time="0"/>
<testcase classname="KLF200-API GW_CS_REPAIR_KEY_NTF Constructor" name="should create without error" time="0"/>
<testcase classname="KLF200-API GW_CS_REPAIR_KEY_NTF Constructor" name="should return the ChangeKeyStatus" time="0"/>
<testcase classname="KLF200-API GW_CS_REPAIR_KEY_NTF Constructor" name="should return the changed nodes" time="0.001"/>
<testcase classname="KLF200-API GW_CS_REPAIR_KEY_NTF Constructor" name="should return the unchanged nodes" time="0"/>
<testcase classname="KLF200-API GW_CS_SYSTEM_TABLE_UPDATE_NTF Constructor" name="should create without error" time="0.002"/>
<testcase classname="KLF200-API GW_CS_SYSTEM_TABLE_UPDATE_NTF Constructor" name="should return the added and removed nodes" time="0.001"/>
<testcase classname="KLF200-API GW_DELETE_GROUP_CFM Constructor" name="should create without error" time="0.001"/>
<testcase classname="KLF200-API GW_DELETE_GROUP_CFM Constructor" name="should return the group ID" time="0"/>
<testcase classname="KLF200-API GW_DELETE_GROUP_CFM Constructor" name="should return the status" time="0"/>
<testcase classname="KLF200-API GW_DELETE_GROUP_CFM getError" name="should throw No error" time="0.001"/>
<testcase classname="KLF200-API GW_DELETE_GROUP_CFM getError" name="should return &#x27;Request failed.&#x27;" time="0"/>
<testcase classname="KLF200-API GW_DELETE_GROUP_CFM getError" name="should return &#x27;Invalid group ID.&#x27;" time="0.001"/>
<testcase classname="KLF200-API GW_DELETE_GROUP_CFM getError" name="should return &#x27;Unknown error 3.&#x27;" time="0"/>
<testcase classname="KLF200-API GW_DELETE_GROUP_REQ" name="shouldn&#x27;t throw an error on create" time="0.001"/>
<testcase classname="KLF200-API GW_DELETE_GROUP_REQ" name="should write the group id at the right position" time="0.001"/>
<testcase classname="KLF200-API GW_DELETE_SCENE_CFM Constructor" name="should create without error" time="0.001"/>
<testcase classname="KLF200-API GW_DELETE_SCENE_CFM Constructor" name="should return the scene ID" time="0"/>
<testcase classname="KLF200-API GW_DELETE_SCENE_CFM Constructor" name="should return the status" time="0"/>
<testcase classname="KLF200-API GW_DELETE_SCENE_CFM getError" name="should throw No error" time="0.001"/>
<testcase classname="KLF200-API GW_DELETE_SCENE_CFM getError" name="should return &#x27;Request failed.&#x27;" time="0"/>
<testcase classname="KLF200-API GW_DELETE_SCENE_CFM getError" name="should return &#x27;Invalid scene ID.&#x27;" time="0.001"/>
<testcase classname="KLF200-API GW_DELETE_SCENE_CFM getError" name="should return &#x27;Unknown error 3.&#x27;" time="0.001"/>
<testcase classname="KLF200-API GW_DELETE_SCENE_REQ" name="shouldn&#x27;t throw an error on create" time="0.001"/>
<testcase classname="KLF200-API GW_DELETE_SCENE_REQ" name="should write the group id at the right position" time="0.001"/>
<testcase classname="KLF200-API GW_ERROR_NTF" name="should return a valid error number." time="0.001"/>
<testcase classname="KLF200-API GW_ERROR_NTF" name="should return a valid zero error number." time="0"/>
<testcase classname="KLF200-API GW_ERROR_NTF" name="should return the unknown error number." time="0"/>
<testcase classname="KLF200-API GW_ERROR_NTF" name="should return the unknown error number, if the provided error number is not known." time="0.001"/>
<testcase classname="KLF200-API GW_ERROR_NTF" name="should throw an exception if the command isn&#x27;t matching" time="0.001"/>
<testcase classname="KLF200-API GW_ERROR_NTF getError()" name="should return the correct error message for error code 0" time="0"/>
<testcase classname="KLF200-API GW_ERROR_NTF getError()" name="should return the correct error message for error code 1" time="0"/>
<testcase classname="KLF200-API GW_ERROR_NTF getError()" name="should return the correct error message for error code 2" time="0"/>
<testcase classname="KLF200-API GW_ERROR_NTF getError()" name="should return the correct error message for error code 7" time="0.002"/>
<testcase classname="KLF200-API GW_ERROR_NTF getError()" name="should return the correct error message for error code 8" time="0"/>
<testcase classname="KLF200-API GW_ERROR_NTF getError()" name="should return the correct error message for error code 12" time="0.001"/>
<testcase classname="KLF200-API GW_ERROR_NTF getError()" name="should return the correct error message for error code 255" time="0.001"/>
<testcase classname="KLF200-API GW_GET_ACTIVATION_LOG_HEADER_CFM Constructor" name="should create without error" time="0.001"/>
<testcase classname="KLF200-API GW_GET_ACTIVATION_LOG_HEADER_CFM Constructor" name="should return the correct max line count and current line count values" time="0"/>
<testcase classname="KLF200-API GW_GET_ACTIVATION_LOG_LINE_CFM Constructor" name="should create without error" time="0.001"/>
<testcase classname="KLF200-API GW_GET_ACTIVATION_LOG_LINE_CFM Constructor" name="should return the correct property values" time="0.001"/>
<testcase classname="KLF200-API GW_GET_ACTIVATION_LOG_LINE_REQ" name="shouldn&#x27;t throw an error on create" time="0"/>
<testcase classname="KLF200-API GW_GET_ACTIVATION_LOG_LINE_REQ" name="should write the line number at the right position" time="0"/>
<testcase classname="KLF200-API GW_GET_ALL_GROUPS_INFORMATION_NTF Constructor" name="should create without error" time="0"/>
<testcase classname="KLF200-API GW_GET_ALL_GROUPS_INFORMATION_NTF Constructor" name="should return the group ID" time="0"/>
<testcase classname="KLF200-API GW_GET_ALL_GROUPS_INFORMATION_NTF Constructor" name="should return the order" time="0.001"/>
<testcase classname="KLF200-API GW_GET_ALL_GROUPS_INFORMATION_NTF Constructor" name="should return the placement" time="0"/>
<testcase classname="KLF200-API GW_GET_ALL_GROUPS_INFORMATION_NTF Constructor" name="should return the name" time="0.001"/>
<testcase classname="KLF200-API GW_GET_ALL_GROUPS_INFORMATION_NTF Constructor" name="should return the velocity" time="0.001"/>
<testcase classname="KLF200-API GW_GET_ALL_GROUPS_INFORMATION_NTF Constructor" name="should return the node variation" time="0.001"/>
<testcase classname="KLF200-API GW_GET_ALL_GROUPS_INFORMATION_NTF Constructor" name="should return the group type" time="0"/>
<testcase classname="KLF200-API GW_GET_ALL_GROUPS_INFORMATION_NTF Constructor" name="should return the nodes" time="0.001"/>
<testcase classname="KLF200-API GW_GET_ALL_GROUPS_INFORMATION_NTF Constructor" name="should return the empty nodes list if not User Group" time="0.001"/>
<testcase classname="KLF200-API GW_GET_ALL_GROUPS_INFORMATION_NTF Constructor" name="should return the revision" time="0"/>
<testcase classname="KLF200-API GW_GET_ALL_GROUPS_INFORMATION_REQ" name="shouldn&#x27;t throw an error on create" time="0.003"/>
<testcase classname="KLF200-API GW_GET_ALL_GROUPS_INFORMATION_REQ" name="should set no filter with empty parameter" time="0.001"/>
<testcase classname="KLF200-API GW_GET_ALL_GROUPS_INFORMATION_REQ" name="should set filter to true and group type 0" time="0"/>
<testcase classname="KLF200-API GW_GET_ALL_GROUPS_INFORMATION_REQ" name="should set filter to true and group type 1" time="0"/>
<testcase classname="KLF200-API GW_GET_ALL_GROUPS_INFORMATION_REQ" name="should set filter to true and group type 2" time="0"/>
<testcase classname="KLF200-API GW_GET_ALL_GROUPS_INFORMATION_REQ" name="should set filter to true and group type 3" time="0"/>
<testcase classname="KLF200-API GW_GET_ALL_NODES_INFORMATION_NTF Constructor" name="should create without error" time="0"/>
<testcase classname="KLF200-API GW_GET_ALL_NODES_INFORMATION_NTF Constructor" name="should return the node ID" time="0"/>
<testcase classname="KLF200-API GW_GET_ALL_NODES_INFORMATION_NTF Constructor" name="should return the order" time="0.001"/>
<testcase classname="KLF200-API GW_GET_ALL_NODES_INFORMATION_NTF Constructor" name="should return the placement" time="0.001"/>
<testcase classname="KLF200-API GW_GET_ALL_NODES_INFORMATION_NTF Constructor" name="should return the name" time="0"/>
<testcase classname="KLF200-API GW_GET_ALL_NODES_INFORMATION_NTF Constructor" name="should return the velocity" time="0"/>
<testcase classname="KLF200-API GW_GET_ALL_NODES_INFORMATION_NTF Constructor" name="should return the node type" time="0"/>
<testcase classname="KLF200-API GW_GET_ALL_NODES_INFORMATION_NTF Constructor" name="should return the node sub type" time="0"/>
<testcase classname="KLF200-API GW_GET_ALL_NODES_INFORMATION_NTF Constructor" name="should return the product group" time="0"/>
<testcase classname="KLF200-API GW_GET_ALL_NODES_INFORMATION_NTF Constructor" name="should return the product type" time="0"/>
<testcase classname="KLF200-API GW_GET_ALL_NODES_INFORMATION_NTF Constructor" name="should return the node variation" time="0"/>
<testcase classname="KLF200-API GW_GET_ALL_NODES_INFORMATION_NTF Constructor" name="should return the power mode" time="0"/>
<testcase classname="KLF200-API GW_GET_ALL_NODES_INFORMATION_NTF Constructor" name="should return the serial number" time="0"/>
<testcase classname="KLF200-API GW_GET_ALL_NODES_INFORMATION_NTF Constructor" name="should return the state" time="0"/>
<testcase classname="KLF200-API GW_GET_ALL_NODES_INFORMATION_NTF Constructor" name="should return the current position" time="0"/>
<testcase classname="KLF200-API GW_GET_ALL_NODES_INFORMATION_NTF Constructor" name="should return the FP1 current position" time="0"/>
<testcase classname="KLF200-API GW_GET_ALL_NODES_INFORMATION_NTF Constructor" name="should return the FP2 current position" time="0.001"/>
<testcase classname="KLF200-API GW_GET_ALL_NODES_INFORMATION_NTF Constructor" name="should return the FP3 current position" time="0.001"/>
<testcase classname="KLF200-API GW_GET_ALL_NODES_INFORMATION_NTF Constructor" name="should return the FP4 current position" time="0"/>
<testcase classname="KLF200-API GW_GET_ALL_NODES_INFORMATION_NTF Constructor" name="should return the remaining time" time="0"/>
<testcase classname="KLF200-API GW_GET_ALL_NODES_INFORMATION_NTF Constructor" name="should return the time stamp" time="0"/>
<testcase classname="KLF200-API GW_GET_ALL_NODES_INFORMATION_NTF Constructor" name="should return the aliases array" time="0.001"/>
<testcase classname="KLF200-API GW_GET_CONTACT_INPUT_LINK_LIST_CFM Constructor" name="should create without error" time="0"/>
<testcase classname="KLF200-API GW_GET_CONTACT_INPUT_LINK_LIST_CFM Constructor" name="should return an array with one contact input object" time="0"/>
<testcase classname="KLF200-API GW_GET_GROUP_INFORMATION_CFM Constructor" name="should create without error" time="0"/>
<testcase classname="KLF200-API GW_GET_GROUP_INFORMATION_CFM Constructor" name="should return the group ID" time="0"/>
<testcase classname="KLF200-API GW_GET_GROUP_INFORMATION_CFM Constructor" name="should return the status" time="0"/>
<testcase classname="KLF200-API GW_GET_GROUP_INFORMATION_CFM getError" name="should throw No error" time="0"/>
<testcase classname="KLF200-API GW_GET_GROUP_INFORMATION_CFM getError" name="should return &#x27;Request failed.&#x27;" time="0.001"/>
<testcase classname="KLF200-API GW_GET_GROUP_INFORMATION_CFM getError" name="should return &#x27;Invalid group ID.&#x27;" time="0"/>
<testcase classname="KLF200-API GW_GET_GROUP_INFORMATION_CFM getError" name="should return &#x27;Unknown error 3.&#x27;" time="0.001"/>
<testcase classname="KLF200-API GW_GET_GROUP_INFORMATION_NTF Constructor" name="should create without error" time="0"/>
<testcase classname="KLF200-API GW_GET_GROUP_INFORMATION_NTF Constructor" name="should return the group ID" time="0.001"/>
<testcase classname="KLF200-API GW_GET_GROUP_INFORMATION_NTF Constructor" name="should return the order" time="0"/>
<testcase classname="KLF200-API GW_GET_GROUP_INFORMATION_NTF Constructor" name="should return the placement" time="0.001"/>
<testcase classname="KLF200-API GW_GET_GROUP_INFORMATION_NTF Constructor" name="should return the name" time="0"/>
<testcase classname="KLF200-API GW_GET_GROUP_INFORMATION_NTF Constructor" name="should return the velocity" time="0"/>
<testcase classname="KLF200-API GW_GET_GROUP_INFORMATION_NTF Constructor" name="should return the node variation" time="0"/>
<testcase classname="KLF200-API GW_GET_GROUP_INFORMATION_NTF Constructor" name="should return the group type" time="0"/>
<testcase classname="KLF200-API GW_GET_GROUP_INFORMATION_NTF Constructor" name="should return the nodes" time="0"/>
<testcase classname="KLF200-API GW_GET_GROUP_INFORMATION_NTF Constructor" name="should return the empty nodes list if not User Group" time="0"/>
<testcase classname="KLF200-API GW_GET_GROUP_INFORMATION_NTF Constructor" name="should return the revision" time="0"/>
<testcase classname="KLF200-API GW_GET_GROUP_INFORMATION_REQ" name="shouldn&#x27;t throw an error on create" time="0"/>
<testcase classname="KLF200-API GW_GET_GROUP_INFORMATION_REQ" name="should write the group id at the right position" time="0"/>
<testcase classname="KLF200-API GW_GET_LIMITATION_STATUS_CFM Constructor" name="should create without error" time="0"/>
<testcase classname="KLF200-API GW_GET_LIMITATION_STATUS_CFM Constructor" name="should return the session ID" time="0"/>
<testcase classname="KLF200-API GW_GET_LIMITATION_STATUS_CFM Constructor" name="should return the status" time="0"/>
<testcase classname="KLF200-API GW_GET_LIMITATION_STATUS_CFM getError" name="should throw &#x27;No error.&#x27;" time="0"/>
<testcase classname="KLF200-API GW_GET_LIMITATION_STATUS_CFM getError" name="should return &#x27;Request failed.&#x27;" time="0"/>
<testcase classname="KLF200-API GW_GET_LIMITATION_STATUS_CFM getError" name="should return &#x27;Unknown error.&#x27;" time="0.001"/>
<testcase classname="KLF200-API GW_GET_LIMITATION_STATUS_REQ" name="shouldn&#x27;t throw an error on create" time="0"/>
<testcase classname="KLF200-API GW_GET_LIMITATION_STATUS_REQ" name="should write the correct default values" time="0.001"/>
<testcase classname="KLF200-API GW_GET_LIMITATION_STATUS_REQ" name="should write the single node" time="0.001"/>
<testcase classname="KLF200-API GW_GET_LIMITATION_STATUS_REQ" name="should write multiple nodes" time="0.001"/>
<testcase classname="KLF200-API GW_GET_LIMITATION_STATUS_REQ" name="shouldn&#x27;t throw an error with 20 nodes" time="0"/>
<testcase classname="KLF200-API GW_GET_LIMITATION_STATUS_REQ" name="should throw an error with more than 20 nodes" time="0"/>
<testcase classname="KLF200-API GW_GET_LOCAL_TIME_CFM Constructor" name="should create without error" time="0.001"/>
<testcase classname="KLF200-API GW_GET_LOCAL_TIME_CFM Constructor" name="should return the UTC time" time="0"/>
<testcase classname="KLF200-API GW_GET_LOCAL_TIME_CFM Constructor" name="should return the seconds" time="0"/>
<testcase classname="KLF200-API GW_GET_LOCAL_TIME_CFM Constructor" name="should return the minutes" time="0"/>
<testcase classname="KLF200-API GW_GET_LOCAL_TIME_CFM Constructor" name="should return the hours" time="0"/>
<testcase classname="KLF200-API GW_GET_LOCAL_TIME_CFM Constructor" name="should return the day of month" time="0"/>
<testcase classname="KLF200-API GW_GET_LOCAL_TIME_CFM Constructor" name="should return the month" time="0"/>
<testcase classname="KLF200-API GW_GET_LOCAL_TIME_CFM Constructor" name="should return the year" time="0"/>
<testcase classname="KLF200-API GW_GET_LOCAL_TIME_CFM Constructor" name="should return the weekday" time="0"/>
<testcase classname="KLF200-API GW_GET_LOCAL_TIME_CFM Constructor" name="should return the day of year" time="0.001"/>
<testcase classname="KLF200-API GW_GET_LOCAL_TIME_CFM Constructor" name="should return the daylight saving flag" time="0"/>
<testcase classname="KLF200-API GW_GET_MULTIPLE_ACTIVATION_LOG_LINES_CFM Constructor" name="should create without error" time="0"/>
<testcase classname="KLF200-API GW_GET_MULTIPLE_ACTIVATION_LOG_LINES_CFM Constructor" name="should return the line count" time="0"/>
<testcase classname="KLF200-API GW_GET_MULTIPLE_ACTIVATION_LOG_LINES_CFM Constructor" name="should return the status" time="0"/>
<testcase classname="KLF200-API GW_GET_MULTIPLE_ACTIVATION_LOG_LINES_CFM getError" name="should throw &#x27;No error.&#x27;" time="0"/>
<testcase classname="KLF200-API GW_GET_MULTIPLE_ACTIVATION_LOG_LINES_CFM getError" name="should return &#x27;Request failed.&#x27;" time="0.001"/>
<testcase classname="KLF200-API GW_GET_MULTIPLE_ACTIVATION_LOG_LINES_CFM getError" name="should return &#x27;Unknown error.&#x27;" time="0"/>
<testcase classname="KLF200-API GW_GET_MULTIPLE_ACTIVATION_LOG_LINES_NTF Constructor" name="should create without error" time="0"/>
<testcase classname="KLF200-API GW_GET_MULTIPLE_ACTIVATION_LOG_LINES_NTF Constructor" name="should return the timestamp" time="0.001"/>
<testcase classname="KLF200-API GW_GET_MULTIPLE_ACTIVATION_LOG_LINES_NTF Constructor" name="should return the session ID" time="0"/>
<testcase classname="KLF200-API GW_GET_MULTIPLE_ACTIVATION_LOG_LINES_NTF Constructor" name="should return the status ID" time="0.001"/>
<testcase classname="KLF200-API GW_GET_MULTIPLE_ACTIVATION_LOG_LINES_NTF Constructor" name="should return the node ID" time="0"/>
<testcase classname="KLF200-API GW_GET_MULTIPLE_ACTIVATION_LOG_LINES_NTF Constructor" name="should return the node parameter FP1" time="0"/>
<testcase classname="KLF200-API GW_GET_MULTIPLE_ACTIVATION_LOG_LINES_NTF Constructor" name="should return the parameter value" time="0.001"/>
<testcase classname="KLF200-API GW_GET_MULTIPLE_ACTIVATION_LOG_LINES_NTF Constructor" name="should return the run status" time="0.001"/>
<testcase classname="KLF200-API GW_GET_MULTIPLE_ACTIVATION_LOG_LINES_NTF Constructor" name="should return the status reply" time="0.001"/>
<testcase classname="KLF200-API GW_GET_MULTIPLE_ACTIVATION_LOG_LINES_NTF Constructor" name="should return the information code" time="0.001"/>
<testcase classname="KLF200-API GW_GET_MULTIPLE_ACTIVATION_LOG_LINES_REQ" name="shouldn&#x27;t throw an error on create" time="0.001"/>
<testcase classname="KLF200-API GW_GET_MULTIPLE_ACTIVATION_LOG_LINES_REQ" name="should write the correct date" time="0"/>
<testcase classname="KLF200-API GW_GET_NETWORK_SETUP_CFM Constructor" name="should create without error" time="0"/>
<testcase classname="KLF200-API GW_GET_NETWORK_SETUP_CFM Constructor" name="should return the IP address" time="0"/>
<testcase classname="KLF200-API GW_GET_NETWORK_SETUP_CFM Constructor" name="should return the mask" time="0"/>
<testcase classname="KLF200-API GW_GET_NETWORK_SETUP_CFM Constructor" name="should return the gateway" time="0"/>
<testcase classname="KLF200-API GW_GET_NETWORK_SETUP_CFM Constructor" name="should return the DHCP flag" time="0"/>
<testcase classname="KLF200-API GW_GET_NODE_INFORMATION_CFM Constructor" name="should create without error" time="0"/>
<testcase classname="KLF200-API GW_GET_NODE_INFORMATION_CFM Constructor" name="should return the scene ID" time="0.002"/>
<testcase classname="KLF200-API GW_GET_NODE_INFORMATION_CFM Constructor" name="should return the status" time="0"/>
<testcase classname="KLF200-API GW_GET_NODE_INFORMATION_CFM getError" name="should throw No error" time="0"/>
<testcase classname="KLF200-API GW_GET_NODE_INFORMATION_CFM getError" name="should return &#x27;Request failed.&#x27;" time="0.001"/>
<testcase classname="KLF200-API GW_GET_NODE_INFORMATION_CFM getError" name="should return &#x27;Invalid node ID.&#x27;" time="0.001"/>
<testcase classname="KLF200-API GW_GET_NODE_INFORMATION_CFM getError" name="should return &#x27;Unknown error 3.&#x27;" time="0"/>
<testcase classname="KLF200-API GW_GET_NODE_INFORMATION_NTF Constructor" name="should create without error" time="0.001"/>
<testcase classname="KLF200-API GW_GET_NODE_INFORMATION_NTF Constructor" name="should return the node ID" time="0"/>
<testcase classname="KLF200-API GW_GET_NODE_INFORMATION_NTF Constructor" name="should return the order" time="0.001"/>
<testcase classname="KLF200-API GW_GET_NODE_INFORMATION_NTF Constructor" name="should return the placement" time="0.001"/>
<testcase classname="KLF200-API GW_GET_NODE_INFORMATION_NTF Constructor" name="should return the name" time="0"/>
<testcase classname="KLF200-API GW_GET_NODE_INFORMATION_NTF Constructor" name="should return the velocity" time="0"/>
<testcase classname="KLF200-API GW_GET_NODE_INFORMATION_NTF Constructor" name="should return the node type" time="0.001"/>
<testcase classname="KLF200-API GW_GET_NODE_INFORMATION_NTF Constructor" name="should return the node sub type" time="0"/>
<testcase classname="KLF200-API GW_GET_NODE_INFORMATION_NTF Constructor" name="should return the product group" time="0"/>
<testcase classname="KLF200-API GW_GET_NODE_INFORMATION_NTF Constructor" name="should return the product type" time="0"/>
<testcase classname="KLF200-API GW_GET_NODE_INFORMATION_NTF Constructor" name="should return the node variation" time="0.001"/>
<testcase classname="KLF200-API GW_GET_NODE_INFORMATION_NTF Constructor" name="should return the power mode" time="0"/>
<testcase classname="KLF200-API GW_GET_NODE_INFORMATION_NTF Constructor" name="should return the serial number" time="0"/>
<testcase classname="KLF200-API GW_GET_NODE_INFORMATION_NTF Constructor" name="should return the state" time="0"/>
<testcase classname="KLF200-API GW_GET_NODE_INFORMATION_NTF Constructor" name="should return the current position" time="0"/>
<testcase classname="KLF200-API GW_GET_NODE_INFORMATION_NTF Constructor" name="should return the FP1 current position" time="0"/>
<testcase classname="KLF200-API GW_GET_NODE_INFORMATION_NTF Constructor" name="should return the FP2 current position" time="0"/>
<testcase classname="KLF200-API GW_GET_NODE_INFORMATION_NTF Constructor" name="should return the FP3 current position" time="0"/>
<testcase classname="KLF200-API GW_GET_NODE_INFORMATION_NTF Constructor" name="should return the FP4 current position" time="0"/>
<testcase classname="KLF200-API GW_GET_NODE_INFORMATION_NTF Constructor" name="should return the remaining time" time="0"/>
<testcase classname="KLF200-API GW_GET_NODE_INFORMATION_NTF Constructor" name="should return the time stamp" time="0"/>
<testcase classname="KLF200-API GW_GET_NODE_INFORMATION_NTF Constructor" name="should return the aliases array" time="0.001"/>
<testcase classname="KLF200-API GW_GET_NODE_INFORMATION_REQ" name="shouldn&#x27;t throw an error on create" time="0"/>
<testcase classname="KLF200-API GW_GET_NODE_INFORMATION_REQ" name="should write the correct node ID" time="0"/>
<testcase classname="KLF200-API GW_GET_PROTOCOL_VERSION_CFM Constructor" name="should create without error" time="0"/>
<testcase classname="KLF200-API GW_GET_PROTOCOL_VERSION_CFM Constructor" name="should return the line count" time="0"/>
<testcase classname="KLF200-API GW_GET_PROTOCOL_VERSION_CFM Constructor" name="should return the status" time="0"/>
<testcase classname="KLF200-API GW_GET_SCENE_INFORMATION_CFM Constructor" name="should create without error" time="0"/>
<testcase classname="KLF200-API GW_GET_SCENE_INFORMATION_CFM Constructor" name="should return the scene ID" time="0.001"/>
<testcase classname="KLF200-API GW_GET_SCENE_INFORMATION_CFM Constructor" name="should return the status" time="0"/>
<testcase classname="KLF200-API GW_GET_SCENE_INFORMATION_CFM getError" name="should throw No error" time="0.001"/>
<testcase classname="KLF200-API GW_GET_SCENE_INFORMATION_CFM getError" name="should return &#x27;Request failed.&#x27;" time="0"/>
<testcase classname="KLF200-API GW_GET_SCENE_INFORMATION_CFM getError" name="should return &#x27;Invalid scene ID.&#x27;" time="0"/>
<testcase classname="KLF200-API GW_GET_SCENE_INFORMATION_CFM getError" name="should return &#x27;Unknown error 3.&#x27;" time="0"/>
<testcase classname="KLF200-API GW_GET_SCENE_INFORMATION_NTF Constructor" name="should create without error" time="0.001"/>
<testcase classname="KLF200-API GW_GET_SCENE_INFORMATION_NTF Constructor" name="should return the scene ID" time="0"/>
<testcase classname="KLF200-API GW_GET_SCENE_INFORMATION_NTF Constructor" name="should return the name" time="0"/>
<testcase classname="KLF200-API GW_GET_SCENE_INFORMATION_NTF Constructor" name="should return the number of nodes" time="0"/>
<testcase classname="KLF200-API GW_GET_SCENE_INFORMATION_NTF Constructor" name="should return the nodes" time="0"/>
<testcase classname="KLF200-API GW_GET_SCENE_INFORMATION_NTF Constructor" name="should return the number of remaining nodes" time="0.001"/>
<testcase classname="KLF200-API GW_GET_SCENE_INFORMATION_REQ" name="shouldn&#x27;t throw an error on create" time="0"/>
<testcase classname="KLF200-API GW_GET_SCENE_INFORMATION_REQ" name="should write the scene id at the right position" time="0"/>
<testcase classname="KLF200-API GW_GET_SCENE_LIST_CFM Constructor" name="should create without error" time="0"/>
<testcase classname="KLF200-API GW_GET_SCENE_LIST_CFM Constructor" name="should return the number of scenes" time="0.001"/>
<testcase classname="KLF200-API GW_GET_SCENE_LIST_NTF Constructor" name="should create without error" time="0.001"/>
<testcase classname="KLF200-API GW_GET_SCENE_LIST_NTF Constructor" name="should return the number of scenes" time="0.001"/>
<testcase classname="KLF200-API GW_GET_SCENE_LIST_NTF Constructor" name="should return the number of remaining scenes" time="0"/>
<testcase classname="KLF200-API GW_GET_SCENE_LIST_NTF Constructor" name="should return the scenes" time="0.001"/>
<testcase classname="KLF200-API GW_GET_STATE_CFM Constructor" name="should create without error" time="0"/>
<testcase classname="KLF200-API GW_GET_STATE_CFM Constructor" name="should return the correct property values" time="0.001"/>
<testcase classname="KLF200-API GW_GET_VERSION_CFM Constructor" name="should create without error" time="0.001"/>
<testcase classname="KLF200-API GW_GET_VERSION_CFM Constructor" name="should return the Software Version" time="0.001"/>
<testcase classname="KLF200-API GW_GET_VERSION_CFM Constructor" name="should return the Hardware Version" time="0"/>
<testcase classname="KLF200-API GW_GET_VERSION_CFM Constructor" name="should return the Product Group" time="0.001"/>
<testcase classname="KLF200-API GW_GET_VERSION_CFM Constructor" name="should return the Product Type" time="0"/>
<testcase classname="KLF200-API SoftwareVersion Constructur" name="should create without error" time="0"/>
<testcase classname="KLF200-API SoftwareVersion toString" name="should return 2.3.4.71.5.6" time="0.001"/>
<testcase classname="KLF200-API GW_GROUP_DELETED_NTF Constructor" name="should create without error" time="0.001"/>
<testcase classname="KLF200-API GW_GROUP_DELETED_NTF Constructor" name="should return the group ID" time="0"/>
<testcase classname="KLF200-API GW_GROUP_INFORMATION_CHANGED_NTF Constructor Change type = deleted" name="should create without error" time="0.001"/>
<testcase classname="KLF200-API GW_GROUP_INFORMATION_CHANGED_NTF Constructor Change type = deleted" name="should return the group ID" time="0"/>
<testcase classname="KLF200-API GW_GROUP_INFORMATION_CHANGED_NTF Constructor Change type = deleted" name="should return an empty order" time="0.001"/>
<testcase classname="KLF200-API GW_GROUP_INFORMATION_CHANGED_NTF Constructor Change type = deleted" name="should return an empty placement" time="0.001"/>
<testcase classname="KLF200-API GW_GROUP_INFORMATION_CHANGED_NTF Constructor Change type = deleted" name="should return an empty name" time="0.001"/>
<testcase classname="KLF200-API GW_GROUP_INFORMATION_CHANGED_NTF Constructor Change type = deleted" name="should return an empty velocity" time="0.001"/>
<testcase classname="KLF200-API GW_GROUP_INFORMATION_CHANGED_NTF Constructor Change type = deleted" name="should return an empty node variation" time="0"/>
<testcase classname="KLF200-API GW_GROUP_INFORMATION_CHANGED_NTF Constructor Change type = deleted" name="should return an empty group type" time="0"/>
<testcase classname="KLF200-API GW_GROUP_INFORMATION_CHANGED_NTF Constructor Change type = deleted" name="should return an empty nodes" time="0"/>
<testcase classname="KLF200-API GW_GROUP_INFORMATION_CHANGED_NTF Constructor Change type = deleted" name="should return an empty revision" time="0.001"/>
<testcase classname="KLF200-API GW_GROUP_INFORMATION_CHANGED_NTF Constructor Change type = modified" name="should create without error" time="0"/>
<testcase classname="KLF200-API GW_GROUP_INFORMATION_CHANGED_NTF Constructor Change type = modified" name="should return the group ID" time="0.001"/>
<testcase classname="KLF200-API GW_GROUP_INFORMATION_CHANGED_NTF Constructor Change type = modified" name="should return the order" time="0"/>
<testcase classname="KLF200-API GW_GROUP_INFORMATION_CHANGED_NTF Constructor Change type = modified" name="should return the placement" time="0"/>
<testcase classname="KLF200-API GW_GROUP_INFORMATION_CHANGED_NTF Constructor Change type = modified" name="should return the name" time="0"/>
<testcase classname="KLF200-API GW_GROUP_INFORMATION_CHANGED_NTF Constructor Change type = modified" name="should return the velocity" time="0.001"/>
<testcase classname="KLF200-API GW_GROUP_INFORMATION_CHANGED_NTF Constructor Change type = modified" name="should return the node variation" time="0.001"/>
<testcase classname="KLF200-API GW_GROUP_INFORMATION_CHANGED_NTF Constructor Change type = modified" name="should return the group type" time="0.001"/>
<testcase classname="KLF200-API GW_GROUP_INFORMATION_CHANGED_NTF Constructor Change type = modified" name="should return the nodes" time="0.001"/>
<testcase classname="KLF200-API GW_GROUP_INFORMATION_CHANGED_NTF Constructor Change type = modified" name="should return the empty nodes list if not User Group" time="0"/>
<testcase classname="KLF200-API GW_GROUP_INFORMATION_CHANGED_NTF Constructor Change type = modified" name="should return the revision" time="0.001"/>
<testcase classname="KLF200-API GW_INITIALIZE_SCENE_CANCEL_CFM Constructor" name="should create without error" time="0"/>
<testcase classname="KLF200-API GW_INITIALIZE_SCENE_CANCEL_CFM Constructor" name="should return the status" time="0.001"/>
<testcase classname="KLF200-API GW_INITIALIZE_SCENE_CANCEL_CFM getError" name="should throw No error" time="0.001"/>
<testcase classname="KLF200-API GW_INITIALIZE_SCENE_CANCEL_CFM getError" name="should return &#x27;Request failed.&#x27;" time="0"/>
<testcase classname="KLF200-API GW_INITIALIZE_SCENE_CANCEL_CFM getError" name="should return &#x27;Invalid scene ID.&#x27;" time="0"/>
<testcase classname="KLF200-API GW_INITIALIZE_SCENE_CANCEL_CFM getError" name="should return &#x27;Unknown error 3.&#x27;" time="0"/>
<testcase classname="KLF200-API GW_INITIALIZE_SCENE_CFM Constructor" name="should create without error" time="0"/>
<testcase classname="KLF200-API GW_INITIALIZE_SCENE_CFM Constructor" name="should return the status" time="0.001"/>
<testcase classname="KLF200-API GW_INITIALIZE_SCENE_CFM getError" name="should throw No error" time="0.001"/>
<testcase classname="KLF200-API GW_INITIALIZE_SCENE_CFM getError" name="should return &#x27;Empty system table.&#x27;" time="0"/>
<testcase classname="KLF200-API GW_INITIALIZE_SCENE_CFM getError" name="should return &#x27;Out of storage for scene.&#x27;" time="0"/>
<testcase classname="KLF200-API GW_INITIALIZE_SCENE_CFM getError" name="should return &#x27;Unknown error 3.&#x27;" time="0.001"/>
<testcase classname="KLF200-API GW_INITIALIZE_SCENE_NTF Constructor" name="should create without error" time="0.001"/>
<testcase classname="KLF200-API GW_INITIALIZE_SCENE_NTF Constructor" name="should return the status" time="0"/>
<testcase classname="KLF200-API GW_INITIALIZE_SCENE_NTF Constructor" name="should return the failed nodes" time="0"/>
<testcase classname="KLF200-API GW_LEAVE_LEARN_STATE_CFM Constructor" name="should create without error" time="0.001"/>
<testcase classname="KLF200-API GW_LEAVE_LEARN_STATE_CFM Constructor" name="should return the status" time="0"/>
<testcase classname="KLF200-API GW_LEAVE_LEARN_STATE_CFM getError" name="should throw &#x27;No error.&#x27;" time="0"/>
<testcase classname="KLF200-API GW_LEAVE_LEARN_STATE_CFM getError" name="should return &#x27;Request failed.&#x27;" time="0"/>
<testcase classname="KLF200-API GW_LEAVE_LEARN_STATE_CFM getError" name="should return &#x27;Unknown error.&#x27;" time="0"/>
<testcase classname="KLF200-API GW_LIMITATION_STATUS_NTF Constructor" name="should create without error" time="0"/>
<testcase classname="KLF200-API GW_LIMITATION_STATUS_NTF Constructor" name="should return the session ID" time="0"/>
<testcase classname="KLF200-API GW_LIMITATION_STATUS_NTF Constructor" name="should return the node ID" time="0"/>
<testcase classname="KLF200-API GW_LIMITATION_STATUS_NTF Constructor" name="should return the parameter ID" time="0.001"/>
<testcase classname="KLF200-API GW_LIMITATION_STATUS_NTF Constructor" name="should return the min value" time="0"/>
<testcase classname="KLF200-API GW_LIMITATION_STATUS_NTF Constructor" name="should return the max value" time="0"/>
<testcase classname="KLF200-API GW_LIMITATION_STATUS_NTF Constructor" name="should return the limitation originator" time="0"/>
<testcase classname="KLF200-API GW_LIMITATION_STATUS_NTF Constructor" name="should return the limitation time" time="0"/>
<testcase classname="KLF200-API GW_MODE_SEND_CFM Constructor" name="should create without error" time="0"/>
<testcase classname="KLF200-API GW_MODE_SEND_CFM Constructor" name="should return the session ID" time="0"/>
<testcase classname="KLF200-API GW_MODE_SEND_CFM Constructor" name="should return the status" time="0.001"/>
<testcase classname="KLF200-API GW_MODE_SEND_CFM getError" name="should throw No error" time="0.001"/>
<testcase classname="KLF200-API GW_MODE_SEND_CFM getError" name="should return &#x27;Command rejected.&#x27;" time="0"/>
<testcase classname="KLF200-API GW_MODE_SEND_CFM getError" name="should return &#x27;Unknown client ID.&#x27;" time="0"/>
<testcase classname="KLF200-API GW_MODE_SEND_CFM getError" name="should return &#x27;Session ID in use.&#x27;" time="0"/>
<testcase classname="KLF200-API GW_MODE_SEND_CFM getError" name="should return &#x27;Busy.&#x27;" time="0"/>
<testcase classname="KLF200-API GW_MODE_SEND_CFM getError" name="should return &#x27;Invalid parameter value.&#x27;" time="0"/>
<testcase classname="KLF200-API GW_MODE_SEND_CFM getError" name="should return &#x27;Failed.&#x27;" time="0"/>
<testcase classname="KLF200-API GW_MODE_SEND_CFM getError" name="should return &#x27;Unknown error 254.&#x27;" time="0"/>
<testcase classname="KLF200-API GW_MODE_SEND_REQ" name="shouldn&#x27;t throw an error on create" time="0"/>
<testcase classname="KLF200-API GW_MODE_SEND_REQ" name="should write the correct default values" time="0.001"/>
<testcase classname="KLF200-API GW_MODE_SEND_REQ" name="should write the single node" time="0"/>
<testcase classname="KLF200-API GW_MODE_SEND_REQ" name="should write multiple nodes" time="0"/>
<testcase classname="KLF200-API GW_MODE_SEND_REQ" name="shouldn&#x27;t throw an error with 20 nodes" time="0.001"/>
<testcase classname="KLF200-API GW_MODE_SEND_REQ" name="should throw an error with more than 20 nodes" time="0.001"/>
<testcase classname="KLF200-API GW_MODE_SEND_REQ" name="shouldn&#x27;t throw an error with 8 priority levels" time="0"/>
<testcase classname="KLF200-API GW_MODE_SEND_REQ" name="should throw an error with more than 8 priority levels" time="0"/>
<testcase classname="KLF200-API GW_MODE_SEND_REQ" name="should throw an error with a negative priority level" time="0.001"/>
<testcase classname="KLF200-API GW_MODE_SEND_REQ" name="should throw an error with a priority level greater than 3" time="0.001"/>
<testcase classname="KLF200-API GW_MODE_SEND_REQ" name="shouldn&#x27;t throw an error with priority levels 0-3" time="0.001"/>
<testcase classname="KLF200-API GW_MODE_SEND_REQ" name="should write the correct priority levels 0-3" time="0.001"/>
<testcase classname="KLF200-API GW_NEW_GROUP_CFM Constructor" name="should create without error" time="0.001"/>
<testcase classname="KLF200-API GW_NEW_GROUP_CFM Constructor" name="should return the group ID" time="0.001"/>
<testcase classname="KLF200-API GW_NEW_GROUP_CFM Constructor" name="should return the status" time="0"/>
<testcase classname="KLF200-API GW_NEW_GROUP_CFM getError" name="should throw No error" time="0"/>
<testcase classname="KLF200-API GW_NEW_GROUP_CFM getError" name="should return &#x27;Request failed.&#x27;" time="0"/>
<testcase classname="KLF200-API GW_NEW_GROUP_CFM getError" name="should return &#x27;Invalid group ID.&#x27;" time="0.001"/>
<testcase classname="KLF200-API GW_NEW_GROUP_CFM getError" name="should return &#x27;Unknown error 3.&#x27;" time="0"/>
<testcase classname="KLF200-API GW_NEW_GROUP_REQ" name="shouldn&#x27;t throw an error on create" time="0.001"/>
<testcase classname="KLF200-API GW_NEW_GROUP_REQ" name="should write the correct default values" time="0.001"/>
<testcase classname="KLF200-API GW_NODE_INFORMATION_CHANGED_NTF Constructor" name="should create without error" time="0.001"/>
<testcase classname="KLF200-API GW_NODE_INFORMATION_CHANGED_NTF Constructor" name="should return the node ID" time="0"/>
<testcase classname="KLF200-API GW_NODE_INFORMATION_CHANGED_NTF Constructor" name="should return the order" time="0.001"/>
<testcase classname="KLF200-API GW_NODE_INFORMATION_CHANGED_NTF Constructor" name="should return the placement" time="0.001"/>
<testcase classname="KLF200-API GW_NODE_INFORMATION_CHANGED_NTF Constructor" name="should return the name" time="0.001"/>
<testcase classname="KLF200-API GW_NODE_INFORMATION_CHANGED_NTF Constructor" name="should return the node variation" time="0.001"/>
<testcase classname="KLF200-API GW_NODE_STATE_POSITION_CHANGED_NTF Constructor" name="should create without error" time="0.001"/>
<testcase classname="KLF200-API GW_NODE_STATE_POSITION_CHANGED_NTF Constructor" name="should return the node ID" time="0"/>
<testcase classname="KLF200-API GW_NODE_STATE_POSITION_CHANGED_NTF Constructor" name="should return the state" time="0"/>
<testcase classname="KLF200-API GW_NODE_STATE_POSITION_CHANGED_NTF Constructor" name="should return the current position" time="0"/>
<testcase classname="KLF200-API GW_NODE_STATE_POSITION_CHANGED_NTF Constructor" name="should return the FP1 current position" time="0"/>
<testcase classname="KLF200-API GW_NODE_STATE_POSITION_CHANGED_NTF Constructor" name="should return the FP2 current position" time="0"/>
<testcase classname="KLF200-API GW_NODE_STATE_POSITION_CHANGED_NTF Constructor" name="should return the FP3 current position" time="0"/>
<testcase classname="KLF200-API GW_NODE_STATE_POSITION_CHANGED_NTF Constructor" name="should return the FP4 current position" time="0.001"/>
<testcase classname="KLF200-API GW_NODE_STATE_POSITION_CHANGED_NTF Constructor" name="should return the remaining time" time="0.001"/>
<testcase classname="KLF200-API GW_NODE_STATE_POSITION_CHANGED_NTF Constructor" name="should return the time stamp" time="0"/>
<testcase classname="KLF200-API GW_PASSWORD_CHANGE_CFM Constructor" name="should create without error" time="0"/>
<testcase classname="KLF200-API GW_PASSWORD_CHANGE_CFM Constructor" name="should return the status" time="0.001"/>
<testcase classname="KLF200-API GW_PASSWORD_CHANGE_CFM getError" name="should throw No error" time="0"/>
<testcase classname="KLF200-API GW_PASSWORD_CHANGE_CFM getError" name="should return &#x27;Request failed.&#x27;" time="0"/>
<testcase classname="KLF200-API GW_PASSWORD_CHANGE_CFM getError" name="should return &#x27;Invalid ID.&#x27;" time="0"/>
<testcase classname="KLF200-API GW_PASSWORD_CHANGE_CFM getError" name="should return &#x27;Unknown error 3.&#x27;" time="0"/>
<testcase classname="KLF200-API GW_PASSWORD_CHANGE_NTF Constructor" name="should create without error" time="0"/>
<testcase classname="KLF200-API GW_PASSWORD_CHANGE_NTF Constructor" name="should return the number of scenes" time="0"/>
<testcase classname="KLF200-API GW_PASSWORD_CHANGE_REQ" name="shouldn&#x27;t throw an error on create" time="0.002"/>
<testcase classname="KLF200-API GW_PASSWORD_CHANGE_REQ" name="should write the correct password values" time="0.001"/>
<testcase classname="KLF200-API GW_PASSWORD_CHANGE_REQ" name="shouldn&#x27;t throw an error with passwords at size of 32 chars" time="0"/>
<testcase classname="KLF200-API GW_PASSWORD_CHANGE_REQ" name="should throw an error with old passwords at size greater than 32 chars" time="0.001"/>
<testcase classname="KLF200-API GW_PASSWORD_CHANGE_REQ" name="should throw an error with new passwords at size greater than 32 chars" time="0"/>
<testcase classname="KLF200-API GW_PASSWORD_ENTER_CFM Constructor" name="should create without error" time="0"/>
<testcase classname="KLF200-API GW_PASSWORD_ENTER_CFM Constructor" name="should return the status" time="0"/>
<testcase classname="KLF200-API GW_PASSWORD_ENTER_CFM getError" name="should throw No error" time="0.001"/>
<testcase classname="KLF200-API GW_PASSWORD_ENTER_CFM getError" name="should return &#x27;Request failed.&#x27;" time="0"/>
<testcase classname="KLF200-API GW_PASSWORD_ENTER_CFM getError" name="should return &#x27;Invalid ID.&#x27;" time="0"/>
<testcase classname="KLF200-API GW_PASSWORD_ENTER_CFM getError" name="should return &#x27;Unknown error 3.&#x27;" time="0"/>
<testcase classname="KLF200-API GW_PASSWORD_ENTER_REQ" name="should return the provided password." time="0"/>
<testcase classname="KLF200-API GW_PASSWORD_ENTER_REQ" name="should return the provided password, if the password length equals 32 bytes." time="0.001"/>
<testcase classname="KLF200-API GW_PASSWORD_ENTER_REQ" name="should throw an exception if the password is to long." time="0"/>
<testcase classname="KLF200-API GW_RECORD_SCENE_CFM Constructor" name="should create without error" time="0.001"/>
<testcase classname="KLF200-API GW_RECORD_SCENE_CFM Constructor" name="should return the status" time="0.001"/>
<testcase classname="KLF200-API GW_RECORD_SCENE_CFM getError" name="should throw No error" time="0"/>
<testcase classname="KLF200-API GW_RECORD_SCENE_CFM getError" name="should return &#x27;Request failed.&#x27;" time="0"/>
<testcase classname="KLF200-API GW_RECORD_SCENE_CFM getError" name="should return &#x27;Invalid scene ID.&#x27;" time="0"/>
<testcase classname="KLF200-API GW_RECORD_SCENE_CFM getError" name="should return &#x27;Unknown error 3.&#x27;" time="0"/>
<testcase classname="KLF200-API GW_RECORD_SCENE_NTF Constructor" name="should create without error" time="0.001"/>
<testcase classname="KLF200-API GW_RECORD_SCENE_NTF Constructor" name="should return the scene ID" time="0"/>
<testcase classname="KLF200-API GW_RECORD_SCENE_NTF Constructor" name="should return the status" time="0"/>
<testcase classname="KLF200-API GW_RECORD_SCENE_REQ" name="shouldn&#x27;t throw an error on create" time="0.001"/>
<testcase classname="KLF200-API GW_RECORD_SCENE_REQ" name="should write the correct scene name" time="0.001"/>
<testcase classname="KLF200-API GW_RECORD_SCENE_REQ" name="shouldn&#x27;t throw an error with scene name at size of 64 chars" time="0.001"/>
<testcase classname="KLF200-API GW_RECORD_SCENE_REQ" name="should throw an error with old passwords at size greater than 64 chars" time="0.001"/>
<testcase classname="KLF200-API GW_REMOVE_CONTACT_INPUT_LINK_CFM Constructor" name="should create without error" time="0.001"/>
<testcase classname="KLF200-API GW_REMOVE_CONTACT_INPUT_LINK_CFM Constructor" name="should return the contact ID" time="0"/>
<testcase classname="KLF200-API GW_REMOVE_CONTACT_INPUT_LINK_CFM Constructor" name="should return the status" time="0"/>
<testcase classname="KLF200-API GW_REMOVE_CONTACT_INPUT_LINK_CFM getError" name="should throw No error" time="0.001"/>
<testcase classname="KLF200-API GW_REMOVE_CONTACT_INPUT_LINK_CFM getError" name="should return &#x27;Request failed.&#x27;" time="0"/>
<testcase classname="KLF200-API GW_REMOVE_CONTACT_INPUT_LINK_CFM getError" name="should return &#x27;Unknown error 3.&#x27;" time="0"/>
<testcase classname="KLF200-API GW_REMOVE_CONTACT_INPUT_LINK_REQ" name="shouldn&#x27;t throw an error on create" time="0"/>
<testcase classname="KLF200-API GW_REMOVE_CONTACT_INPUT_LINK_REQ" name="should write the input link ID" time="0"/>
<testcase classname="KLF200-API GW_RENAME_SCENE_CFM Constructor" name="should create without error" time="0"/>
<testcase classname="KLF200-API GW_RENAME_SCENE_CFM Constructor" name="should return the scene ID" time="0"/>
<testcase classname="KLF200-API GW_RENAME_SCENE_CFM Constructor" name="should return the status" time="0"/>
<testcase classname="KLF200-API GW_RENAME_SCENE_CFM getError" name="should throw No error" time="0.001"/>
<testcase classname="KLF200-API GW_RENAME_SCENE_CFM getError" name="should return &#x27;Invalid scene ID.&#x27;" time="0"/>
<testcase classname="KLF200-API GW_RENAME_SCENE_CFM getError" name="should return &#x27;Name in use.&#x27;" time="0"/>
<testcase classname="KLF200-API GW_RENAME_SCENE_CFM getError" name="should return &#x27;Unknown error 3.&#x27;" time="0"/>
<testcase classname="KLF200-API GW_RENAME_SCENE_REQ" name="shouldn&#x27;t throw an error on create" time="0.001"/>
<testcase classname="KLF200-API GW_RENAME_SCENE_REQ" name="should write the correct scene name" time="0.001"/>
<testcase classname="KLF200-API GW_RENAME_SCENE_REQ" name="shouldn&#x27;t throw an error with scene name at size of 64 chars" time="0"/>
<testcase classname="KLF200-API GW_RENAME_SCENE_REQ" name="should throw an error with old passwords at size greater than 64 chars" time="0.001"/>
<testcase classname="KLF200-API GW_RTC_SET_TIME_ZONE_CFM Constructor" name="should create without error" time="0.001"/>
<testcase classname="KLF200-API GW_RTC_SET_TIME_ZONE_CFM Constructor" name="should return the status" time="0.001"/>
<testcase classname="KLF200-API GW_RTC_SET_TIME_ZONE_CFM getError" name="should throw &#x27;No error.&#x27;" time="0"/>
<testcase classname="KLF200-API GW_RTC_SET_TIME_ZONE_CFM getError" name="should return &#x27;Request failed.&#x27;" time="0.001"/>
<testcase classname="KLF200-API GW_RTC_SET_TIME_ZONE_CFM getError" name="should return &#x27;Unknown error.&#x27;" time="0"/>
<testcase classname="KLF200-API GW_RTC_SET_TIME_ZONE_REQ" name="shouldn&#x27;t throw an error on create" time="0.001"/>
<testcase classname="KLF200-API GW_RTC_SET_TIME_ZONE_REQ" name="should write the correct time zone" time="0.001"/>
<testcase classname="KLF200-API GW_SCENE_INFORMATION_CHANGED_NTF Constructor" name="should create without error" time="0.001"/>
<testcase classname="KLF200-API GW_SCENE_INFORMATION_CHANGED_NTF Constructor" name="should return the scenes ID" time="0"/>
<testcase classname="KLF200-API GW_SCENE_INFORMATION_CHANGED_NTF Constructor" name="should return the scenes change type" time="0"/>
<testcase classname="KLF200-API GW_SESSION_FINISHED_NTF Constructor" name="should create without error" time="0.001"/>
<testcase classname="KLF200-API GW_SESSION_FINISHED_NTF Constructor" name="should return the session ID" time="0"/>
<testcase classname="KLF200-API GW_SET_CONTACT_INPUT_LINK_CFM Constructor" name="should create without error" time="0.001"/>
<testcase classname="KLF200-API GW_SET_CONTACT_INPUT_LINK_CFM Constructor" name="should return the contact input ID" time="0.001"/>
<testcase classname="KLF200-API GW_SET_CONTACT_INPUT_LINK_CFM Constructor" name="should return the status" time="0.001"/>
<testcase classname="KLF200-API GW_SET_CONTACT_INPUT_LINK_CFM getError" name="should throw &#x27;No error.&#x27;" time="0.001"/>
<testcase classname="KLF200-API GW_SET_CONTACT_INPUT_LINK_CFM getError" name="should return &#x27;Request failed.&#x27;" time="0"/>
<testcase classname="KLF200-API GW_SET_CONTACT_INPUT_LINK_CFM getError" name="should return &#x27;Unknown error.&#x27;" time="0"/>
<testcase classname="KLF200-API GW_SET_CONTACT_INPUT_LINK_REQ" name="shouldn&#x27;t throw an error on create" time="0.001"/>
<testcase classname="KLF200-API GW_SET_CONTACT_INPUT_LINK_REQ" name="should write the correct default values" time="0.004"/>
<testcase classname="KLF200-API GW_SET_GROUP_INFORMATION_CFM Constructor" name="should create without error" time="0"/>
<testcase classname="KLF200-API GW_SET_GROUP_INFORMATION_CFM Constructor" name="should return the group ID" time="0"/>
[...]
<testcase classname="products Products class Product class FP4CurrentPositionRaw" name="should return the node&#x27;s functional parameter 4 position raw value" time="0"/>
<testcase classname="products Products class Product class RemainingTime" name="should return the node&#x27;s remaining time for the current operation" time="0"/>
<testcase classname="products Products class Product class TimeStamp" name="should return the node&#x27;s timestamp of the current data" time="0"/>
<testcase classname="products Products class Product class RunStatus" name="should return the node&#x27;s run status" time="0"/>
<testcase classname="products Products class Product class StatusReply" name="should return the node&#x27;s status reply" time="0"/>
<testcase classname="products Products class Product class CurrentPosition" name="should return the node&#x27;s interpreted current position" time="0"/>
<testcase classname="products Products class Product class TargetPosition" name="should return the node&#x27;s interpreted target position" time="0"/>
<testcase classname="products Products class Product class Velocity" name="should return the node&#x27;s velocity" time="0"/>
<testcase classname="products Products class Product class PowerSaveMode" name="should return the node&#x27;s power save mode" time="0.001"/>
<testcase classname="products Products class Product class ProductType" name="should return the node&#x27;s product type" time="0"/>
<testcase classname="products Products class Product class LimitationMin for MP" name="should return the node&#x27;s limitation min value" time="0"/>
<testcase classname="products Products class Product class LimitationMax for MP" name="should return the node&#x27;s limitation max value" time="0"/>
<testcase classname="products Products class Product class LimitationMin for FP1" name="should return the node&#x27;s limitation min value" time="0"/>
<testcase classname="products Products class Product class LimitationMax for FP1" name="should return the node&#x27;s limitation max value" time="0"/>
<testcase classname="products Products class Product class LimitationMin for FP2" name="should return the node&#x27;s limitation min value" time="0"/>
<testcase classname="products Products class Product class LimitationMax for FP2" name="should return the node&#x27;s limitation max value" time="0"/>
<testcase classname="products Products class Product class LimitationMin for FP3" name="should return the node&#x27;s limitation min value" time="0"/>
<testcase classname="products Products class Product class LimitationMax for FP3" name="should return the node&#x27;s limitation max value" time="0"/>
<testcase classname="products Products class Product class LimitationMin for FP4" name="should return the node&#x27;s limitation min value" time="0"/>
<testcase classname="products Products class Product class LimitationMax for FP4" name="should return the node&#x27;s limitation max value" time="0.001"/>
<testcase classname="products Products class Product class LimitationMin for FP5" name="should return the node&#x27;s limitation min value" time="0"/>
<testcase classname="products Products class Product class LimitationMax for FP5" name="should return the node&#x27;s limitation max value" time="0"/>
<testcase classname="products Products class Product class LimitationMin for FP6" name="should return the node&#x27;s limitation min value" time="0"/>
<testcase classname="products Products class Product class LimitationMax for FP6" name="should return the node&#x27;s limitation max value" time="0"/>
<testcase classname="products Products class Product class LimitationMin for FP7" name="should return the node&#x27;s limitation min value" time="0"/>
<testcase classname="products Products class Product class LimitationMax for FP7" name="should return the node&#x27;s limitation max value" time="0"/>
<testcase classname="products Products class Product class LimitationMin for FP8" name="should return the node&#x27;s limitation min value" time="0"/>
<testcase classname="products Products class Product class LimitationMax for FP8" name="should return the node&#x27;s limitation max value" time="0.001"/>
<testcase classname="products Products class Product class LimitationMin for FP9" name="should return the node&#x27;s limitation min value" time="0"/>
<testcase classname="products Products class Product class LimitationMax for FP9" name="should return the node&#x27;s limitation max value" time="0"/>
<testcase classname="products Products class Product class LimitationMin for FP10" name="should return the node&#x27;s limitation min value" time="0.001"/>
<testcase classname="products Products class Product class LimitationMax for FP10" name="should return the node&#x27;s limitation max value" time="0"/>
<testcase classname="products Products class Product class LimitationMin for FP11" name="should return the node&#x27;s limitation min value" time="0"/>
<testcase classname="products Products class Product class LimitationMax for FP11" name="should return the node&#x27;s limitation max value" time="0"/>
<testcase classname="products Products class Product class LimitationMin for FP12" name="should return the node&#x27;s limitation min value" time="0"/>
<testcase classname="products Products class Product class LimitationMax for FP12" name="should return the node&#x27;s limitation max value" time="0"/>
<testcase classname="products Products class Product class LimitationMin for FP13" name="should return the node&#x27;s limitation min value" time="0"/>
<testcase classname="products Products class Product class LimitationMax for FP13" name="should return the node&#x27;s limitation max value" time="0"/>
<testcase classname="products Products class Product class LimitationMin for FP14" name="should return the node&#x27;s limitation min value" time="0"/>
<testcase classname="products Products class Product class LimitationMax for FP14" name="should return the node&#x27;s limitation max value" time="0"/>
<testcase classname="products Products class Product class LimitationMin for FP15" name="should return the node&#x27;s limitation min value" time="0"/>
<testcase classname="products Products class Product class LimitationMax for FP15" name="should return the node&#x27;s limitation max value" time="0"/>
<testcase classname="products Products class Product class LimitationMin for FP16" name="should return the node&#x27;s limitation min value" time="0"/>
<testcase classname="products Products class Product class LimitationMax for FP16" name="should return the node&#x27;s limitation max value" time="0"/>
<testcase classname="products Products class Product class setNameAsync" name="should send a set node name request" time="0.002"/>
<testcase classname="products Products class Product class setNameAsync" name="should reject on error status" time="0"/>
<testcase classname="products Products class Product class setNameAsync" name="should reject on error frame" time="0.001"/>
<testcase classname="products Products class Product class setNodeVariationAsync" name="should send a set node variation request" time="0.001"/>
<testcase classname="products Products class Product class setNodeVariationAsync" name="should reject on error status" time="0"/>
<testcase classname="products Products class Product class setNodeVariationAsync" name="should reject on error frame" time="0.001"/>
<testcase classname="products Products class Product class setOrderAndPlacementAsync" name="should send a set order and placement request" time="0"/>
<testcase classname="products Products class Product class setOrderAndPlacementAsync" name="should reject on error status" time="0"/>
<testcase classname="products Products class Product class setOrderAndPlacementAsync" name="should reject on error frame" time="0"/>
<testcase classname="products Products class Product class setOrderAsync" name="should call setOrderAndPlacementAsync" time="0.001"/>
<testcase classname="products Products class Product class setPlacementAsync" name="should call setOrderAndPlacementAsync" time="0.001"/>
<testcase classname="products Products class Product class setTargetPositionAsync" name="should send a command request" time="0"/>
<testcase classname="products Products class Product class setTargetPositionAsync" name="should reject on error status" time="0"/>
<testcase classname="products Products class Product class setTargetPositionAsync" name="should reject on error frame" time="0.001"/>
<testcase classname="products Products class Product class stopAsync" name="should send a command request" time="0.001"/>
<testcase classname="products Products class Product class stopAsync" name="should reject on error status" time="0.001"/>
<testcase classname="products Products class Product class stopAsync" name="should reject on error frame" time="0.001"/>
<testcase classname="products Products class Product class winkAsync" name="should send a command request" time="0"/>
<testcase classname="products Products class Product class winkAsync" name="should reject on error status" time="0"/>
<testcase classname="products Products class Product class winkAsync" name="should reject on error frame" time="0"/>
<testcase classname="products Products class Product class refreshAsync" name="should send a command request" time="0"/>
<testcase classname="products Products class Product class refreshAsync" name="should reject on error status" time="0.001"/>
<testcase classname="products Products class Product class refreshAsync" name="should reject on error frame" time="0"/>
<testcase classname="products Products class Product class onNotificationHandler GW_NODE_INFORMATION_CHANGED_NTF" name="should send notifications for Name, NodeVariation, Order and Placement" time="0.001"/>
<testcase classname="products Products class Product class onNotificationHandler GW_NODE_INFORMATION_CHANGED_NTF" name="should send notifications for Name only" time="0"/>
<testcase classname="products Products class Product class onNotificationHandler GW_NODE_INFORMATION_CHANGED_NTF" name="shouldn&#x27;t send any notifications" time="0.001"/>
<testcase classname="products Products class Product class onNotificationHandler GW_NODE_STATE_POSITION_CHANGED_NTF" name="should send notifications for State, CurrentPositionRaw, CurrentPosition, TargetPositionRaw, TargetPosition, FP1CurrentPositionRaw, FP2CurrentPositionRaw, FP3CurrentPositionRaw, FP4CurrentPositionRaw, RemainingTime, TimeStamp" time="0.004"/>
<testcase classname="products Products class Product class onNotificationHandler GW_NODE_STATE_POSITION_CHANGED_NTF" name="shouldn&#x27;t send any notifications" time="0"/>
<testcase classname="products Products class Product class onNotificationHandler GW_COMMAND_RUN_STATUS_NTF" name="should send notifications for CurrentPositionRaw, CurrentPosition, RunStatus, StatusReply" time="0.001"/>
<testcase classname="products Products class Product class onNotificationHandler GW_COMMAND_RUN_STATUS_NTF" name="should send notifications for FP1CurrentPositionRaw, RunStatus, StatusReply" time="0.001"/>
<testcase classname="products Products class Product class onNotificationHandler GW_COMMAND_RUN_STATUS_NTF" name="should send notifications for FP2CurrentPositionRaw, RunStatus, StatusReply" time="0.001"/>
<testcase classname="products Products class Product class onNotificationHandler GW_COMMAND_RUN_STATUS_NTF" name="should send notifications for FP3CurrentPositionRaw, RunStatus, StatusReply" time="0.001"/>
<testcase classname="products Products class Product class onNotificationHandler GW_COMMAND_RUN_STATUS_NTF" name="should send notifications for FP4CurrentPositionRaw, RunStatus, StatusReply" time="0"/>
<testcase classname="products Products class Product class onNotificationHandler GW_COMMAND_RUN_STATUS_NTF" name="shouldn&#x27;t send any notifications" time="0"/>
<testcase classname="products Products class Product class onNotificationHandler GW_COMMAND_REMAINING_TIME_NTF" name="should send notifications for RemainingTime" time="0.001"/>
<testcase classname="products Products class Product class onNotificationHandler GW_COMMAND_REMAINING_TIME_NTF" name="shouldn&#x27;t send any notifications" time="0"/>
<testcase classname="products Products class Product class onNotificationHandler GW_GET_NODE_INFORMATION_NTF" name="shouldn&#x27;t send any notifications" time="0"/>
<testcase classname="products Products class Product class onNotificationHandler GW_GET_NODE_INFORMATION_NTF" name="should send notifications for Order only" time="0.001"/>
<testcase classname="products Products class Product class onNotificationHandler GW_GET_NODE_INFORMATION_NTF" name="should send notifications for Placement only" time="0.001"/>
<testcase classname="products Products class Product class onNotificationHandler GW_GET_NODE_INFORMATION_NTF" name="should send notifications for Name only" time="0"/>
<testcase classname="products Products class Product class onNotificationHandler GW_GET_NODE_INFORMATION_NTF" name="should send notifications for Velocity only" time="0"/>
<testcase classname="products Products class Product class onNotificationHandler GW_GET_NODE_INFORMATION_NTF" name="should send notifications for TypeID only" time="0.001"/>
<testcase classname="products Products class Product class onNotificationHandler GW_GET_NODE_INFORMATION_NTF" name="should send notifications for SubType only" time="0.001"/>
<testcase classname="products Products class Product class onNotificationHandler GW_GET_NODE_INFORMATION_NTF" name="should send notifications for ProductType only" time="0.001"/>
<testcase classname="products Products class Product class onNotificationHandler GW_GET_NODE_INFORMATION_NTF" name="should send notifications for NodeVariation only" time="0.001"/>
<testcase classname="products Products class Product class onNotificationHandler GW_GET_NODE_INFORMATION_NTF" name="should send notifications for PowerSaveMode only" time="0"/>
<testcase classname="products Products class Product class onNotificationHandler GW_GET_NODE_INFORMATION_NTF" name="should send notifications for SerialNumber only" time="0.001"/>
<testcase classname="products Products class Product class onNotificationHandler GW_GET_NODE_INFORMATION_NTF" name="should send notifications for State only" time="0.001"/>
<testcase classname="products Products class Product class onNotificationHandler GW_GET_NODE_INFORMATION_NTF" name="should send notifications for CurrentPosition/Raw only" time="0.001"/>
<testcase classname="products Products class Product class onNotificationHandler GW_GET_NODE_INFORMATION_NTF" name="should send notifications for TargetPosition/Raw only" time="0.001"/>
<testcase classname="products Products class Product class onNotificationHandler GW_GET_NODE_INFORMATION_NTF" name="should send notifications for FP1CurrentPositionRaw only" time="0.001"/>
<testcase classname="products Products class Product class onNotificationHandler GW_GET_NODE_INFORMATION_NTF" name="should send notifications for FP2CurrentPositionRaw only" time="0"/>
<testcase classname="products Products class Product class onNotificationHandler GW_GET_NODE_INFORMATION_NTF" name="should send notifications for FP3CurrentPositionRaw only" time="0"/>
<testcase classname="products Products class Product class onNotificationHandler GW_GET_NODE_INFORMATION_NTF" name="should send notifications for FP4CurrentPositionRaw only" time="0.001"/>
<testcase classname="products Products class Product class onNotificationHandler GW_GET_NODE_INFORMATION_NTF" name="should send notifications for RemainingTime only" time="0.001"/>
<testcase classname="products Products class Product class onNotificationHandler GW_GET_NODE_INFORMATION_NTF" name="should send notifications for TimeStamp only" time="0"/>
<testcase classname="products Products class Product class onNotificationHandler GW_GET_NODE_INFORMATION_NTF" name="should send notifications for ProductAlias only" time="0.001"/>
<testcase classname="scenes Scenes class createScenesAsync" name="should create without error with 4 scenes." time="0.001"/>
<testcase classname="scenes Scenes class createScenesAsync" name="should throw an error on invalid frames." time="0"/>
<testcase classname="scenes Scenes class createScenesAsync" name="should create without error with no scenes." time="0"/>
<testcase classname="scenes Scenes class findByName" name="should find scene &#x27;Dummy 1&#x27;." time="0"/>
<testcase classname="scenes Scenes class onChangedScene" name="should change scene ID #2." time="0.002"/>
<testcase classname="scenes Scenes class onRemovedScene" name="should remove scene ID #2." time="0.001"/>
<testcase classname="scenes Scenes class onAddedScene" name="should call the notification in onAddedScene 4 times." time="0.001"/>
<testcase classname="scenes Scenes class Scene class runAsync" name="should run scene ID #2." time="0.001"/>
<testcase classname="scenes Scenes class Scene class runAsync" name="should run scene ID #2 and set to stop after notification." time="0.001"/>
<testcase classname="scenes Scenes class Scene class runAsync" name="should throw an error on an error frame." time="0"/>
<testcase classname="scenes Scenes class Scene class runAsync" name="should throw an error on request rejected." time="0"/>
<testcase classname="scenes Scenes class Scene class stopAsync" name="should run scene ID #2." time="0.001"/>
<testcase classname="scenes Scenes class Scene class stopAsync" name="should throw an error on an error frame." time="0.001"/>
<testcase classname="scenes Scenes class Scene class stopAsync" name="should throw an error on request rejected." time="0.001"/>
<testcase classname="scenes Scenes class Scene class refreshAsync" name="should refresh scene ID #2." time="0.006"/>
<testcase classname="scenes Scenes class Scene class refreshAsync" name="should throw an error on an error frame." time="0.001"/>
<testcase classname="scenes Scenes class Scene class refreshAsync" name="should throw an error on request rejected." time="0.002"/>
<testcase classname="utils BitArray bitArrayToArray" name="should return an empty number array on a zero length buffer" time="0.001"/>
<testcase classname="utils BitArray bitArrayToArray" name="should return an empty number array on a zero filled buffer" time="0"/>
<testcase classname="utils BitArray bitArrayToArray" name="should return the correct array of numbers" time="0.001"/>
<testcase classname="utils BitArray arrayToBitArray" name="should return an zero filled buffer on an empty array" time="0.001"/>
<testcase classname="utils BitArray arrayToBitArray" name="should return an the correctly filled buffer" time="0.001"/>
<testcase classname="utils BitArray arrayToBitArray" name="should return the same buffer zeroed" time="0.001"/>
<testcase classname="utils BitArray arrayToBitArray" name="should return the same buffer that is filled correctly" time="0.001"/>
<testcase classname="utils BitArray arrayToBitArray" name="should throw an exception if a negative number is provided" time="0.001"/>
<testcase classname="utils BitArray arrayToBitArray" name="should throw an exception if the number is out of range of the buffer length" time="0"/>
<testcase classname="utils Component propertyChanged" name="should return emit a PropertyChangedEvent" time="0.001"/>
<testcase classname="utils UtilityFunctions isArrayEqual" name="should return false on arrays with different lengths" time="0"/>
<testcase classname="utils UtilityFunctions isArrayEqual" name="should return true on the same arrays" time="0.001"/>
<testcase classname="utils UtilityFunctions isArrayEqual" name="should return true on same arrays with different order of items" time="0"/>
<testcase classname="utils UtilityFunctions isArrayEqual" name="should return false on different arrays with same lengths" time="0.001"/>
</testsuite>
