<testsuite name="Mocha Tests" tests="885" failures="0" errors="1" skipped="1" timestamp="Tue, 04 Jun 2024 10:07:01 GMT" time="1.144">
<testcase classname="connection loginAsync" name="should succeed with correct passowrd." time="0.013"/>
<testcase classname="connection loginAsync" name="should throw an error with incorrect passowrd." time="0.002"/>
<testcase classname="connection loginAsync" name="should throw an error on GW_ERROR_NTF." time="0.002"/>
<testcase classname="connection loginAsync" name="should throw an error after timeout." time="0.002"/>
<testcase classname="connection loginAsync" name="should reconnect without error after the connection is lost." time="0.005"/>
<testcase classname="connection logoutAsync" name="should fulfill if not logged in." time="0.001"/>
<testcase classname="connection logoutAsync" name="should fulfill if logged in." time="0.002"/>
<testcase classname="connection sendFrameAsync" name="should return the corresponding confirmation." time="0.002"/>
<testcase classname="connection sendFrameAsync" name="should timeout on missing confirmation." time="0.009"/>
<testcase classname="connection sendFrameAsync" name="should reject on error frame." time="0.016"/>
<testcase classname="connection sendFrameAsync" name="should ignore wrong confirmation." time="0.015"/>
<testcase classname="connection sendFrameAsync" name="should call the notification handler." time="0.015"/>
<testcase classname="connection KLF200SocketProtocol" name="should get the protocol after login." time="0.002"/>
<testcase classname="connection on" name="should receive a frame in the registered event handler" time="0.025"/>
<testcase classname="connection on" name="should receive a frame in the filtered registered event handler on match" time="0.017"/>
<testcase classname="connection on" name="shouldn&#x27;t receive a frame in the filtered registered event handler on no match" time="0.013"/>
<testcase classname="connection startKeepAlive" name="should send a GW_GET_STATE_REQ after 10 minutes" time="0.013"/>
<testcase classname="connection startKeepAlive" name="should postpone the GW_GET_STATE_REQ if other data is sent before 10 minutes" time="0.03"/>
<testcase classname="connection stopKeepAlive" name="shouldn&#x27;t send a GW_GET_STATE_REQ after 10 minutes after stopping the keep-alive" time="0.014"/>
<testcase classname="Gateway constructor" name="should create without error." time="0.002"/>
<testcase classname="Gateway changePasswordAsync" name="should return true due to status." time="0.002"/>
<testcase classname="Gateway changePasswordAsync" name="should return false due to status." time="0"/>
<testcase classname="Gateway changePasswordAsync" name="should throw an error due to an error frame received." time="0.001"/>
<testcase classname="Gateway getVersionAsync" name="should throw an error due to an error frame received." time="0.001"/>
<testcase classname="Gateway getVersionAsync" name="should return the version information." time="0.002"/>
<testcase classname="Gateway getProtocolVersionAsync" name="should throw an error due to an error frame received." time="0.001"/>
<testcase classname="Gateway getProtocolVersionAsync" name="should return the version information." time="0.001"/>
<testcase classname="Gateway getStateAsync" name="should throw an error due to an error frame received." time="0.001"/>
<testcase classname="Gateway getStateAsync" name="should return the version information." time="0"/>
<testcase classname="Gateway setUTCDateTimeAsync" name="should throw an error due to an error frame received." time="0.001"/>
<testcase classname="Gateway setUTCDateTimeAsync" name="shouldn&#x27;t throw an error." time="0.001"/>
<testcase classname="Gateway setTimeZoneAsync" name="should throw an error due to an error frame received." time="0.001"/>
<testcase classname="Gateway setTimeZoneAsync" name="shouldn&#x27;t throw an error." time="0"/>
<testcase classname="Gateway setTimeZoneAsync" name="should throw an error due to status." time="0"/>
<testcase classname="Gateway rebootAsync" name="should throw an error due to an error frame received." time="0.001"/>
<testcase classname="Gateway rebootAsync" name="shouldn&#x27;t throw an error." time="0.001"/>
<testcase classname="Gateway factoryResetAsync" name="should throw an error due to an error frame received." time="0"/>
<testcase classname="Gateway factoryResetAsync" name="shouldn&#x27;t throw an error." time="0.001"/>
<testcase classname="Gateway leaveLearnStateAsync" name="should throw an error due to an error frame received." time="0.001"/>
<testcase classname="Gateway leaveLearnStateAsync" name="shouldn&#x27;t throw an error." time="0.001"/>
<testcase classname="Gateway getNetworkSettingsAsync" name="should throw an error due to an error frame received." time="0.001"/>
<testcase classname="Gateway getNetworkSettingsAsync" name="should return the network settings (non-DHCP)." time="0.001"/>
<testcase classname="Gateway getNetworkSettingsAsync" name="should return the network settings (DHCP)." time="0.001"/>
<testcase classname="Gateway setNetworkSettingsAsync" name="should throw an error due to an error frame received." time="0.002"/>
<testcase classname="Gateway setNetworkSettingsAsync" name="shouldn&#x27;t throw an error (DHCP)." time="0"/>
<testcase classname="Gateway setNetworkSettingsAsync" name="shouldn&#x27;t throw an error (non-DHCP)." time="0.001"/>
<testcase classname="Gateway enableHouseStatusMonitorAsync" name="should throw an error due to an error frame received." time="0.001"/>
<testcase classname="Gateway enableHouseStatusMonitorAsync" name="shouldn&#x27;t throw an error." time="0.001"/>
<testcase classname="Gateway disableHouseStatusMonitorAsync" name="should throw an error due to an error frame received." time="0.001"/>
<testcase classname="Gateway disableHouseStatusMonitorAsync" name="shouldn&#x27;t throw an error." time="0"/>
<testcase classname="groups groups class createGroupsAsync (default)" name="should create without error with 2 groups." time="0.002"/>
<testcase classname="groups groups class createGroupsAsync (default)" name="should throw an error on invalid frames." time="0.001"/>
<testcase classname="groups groups class createGroupsAsync (default)" name="should create without error without groups." time="0"/>
<testcase classname="groups groups class createGroupsAsync (default)" name="should create groups of type &#x27;User&#x27;." time="0.001"/>
<testcase classname="groups groups class createGroupsAsync (rooms)" name="should create without error with 2 groups." time="0.001"/>
<testcase classname="groups groups class createGroupsAsync (rooms)" name="should create groups of type &#x27;Room&#x27;." time="0.001"/>
<testcase classname="groups groups class createGroupsAsync (house)" name="should create without error with 1 group." time="0.001"/>
<testcase classname="groups groups class createGroupsAsync (house)" name="should create groups of type &#x27;House&#x27;." time="0"/>
<testcase classname="groups groups class findByName" name="should find group &#x27;Fenster S&#xFC;den&#x27;." time="0.012"/>
<testcase classname="groups groups class onNotificationHandler" name="should remove 1 group." time="0.015"/>
<testcase classname="groups groups class onNotificationHandler" name="should change 1 group." time="0.014"/>
<testcase classname="groups groups class onNotificationHandler" name="should add 1 group." time="0.015"/>
<testcase classname="groups groups class group class Name" name="should return the group name" time="0"/>
<testcase classname="groups groups class group class Order" name="should return the group&#x27;s order" time="0"/>
<testcase classname="groups groups class group class Placement" name="should return the group&#x27;s placement" time="0"/>
<testcase classname="groups groups class group class Velocity" name="should return the group&#x27;s Velocity" time="0"/>
<testcase classname="groups groups class group class NodeVariation" name="should return the group&#x27;s NodeVariation" time="0.001"/>
<testcase classname="groups groups class group class GroupType" name="should return the group&#x27;s GroupType" time="0"/>
<testcase classname="groups groups class group class Nodes" name="should return the group&#x27;s Nodes" time="0.001"/>
<testcase classname="groups groups class group class changeGroupAsync" name="should fulfill if all properties are set to different values" time="0.001"/>
<testcase classname="groups groups class group class changeGroupAsync" name="should fulfill if all properties are set to same values" time="0"/>
<testcase classname="groups groups class group class changeGroupAsync" name="should reject on error status" time="0.001"/>
<testcase classname="groups groups class group class changeGroupAsync" name="should reject on error frame" time="0"/>
<testcase classname="groups groups class group class setNameAsync" name="should send a set group information request with changed name" time="0.001"/>
<testcase classname="groups groups class group class setNameAsync" name="should reject on error status" time="0"/>
<testcase classname="groups groups class group class setNameAsync" name="should reject on error frame" time="0"/>
<testcase classname="groups groups class group class setOrderAsync" name="should send a set group information request with changed order" time="0"/>
<testcase classname="groups groups class group class setOrderAsync" name="should reject on error status" time="0"/>
<testcase classname="groups groups class group class setOrderAsync" name="should reject on error frame" time="0.001"/>
<testcase classname="groups groups class group class setPlacementAsync" name="should send a set group information request with changed placement" time="0"/>
<testcase classname="groups groups class group class setPlacementAsync" name="should reject on error status" time="0"/>
<testcase classname="groups groups class group class setPlacementAsync" name="should reject on error frame" time="0"/>
<testcase classname="groups groups class group class setVelocityAsync" name="should send a set group information request with changed velocity" time="0.001"/>
<testcase classname="groups groups class group class setVelocityAsync" name="should reject on error status" time="0"/>
<testcase classname="groups groups class group class setVelocityAsync" name="should reject on error frame" time="0"/>
<testcase classname="groups groups class group class setNodeVariationAsync" name="should send a set group information request with changed node variation" time="0"/>
<testcase classname="groups groups class group class setNodeVariationAsync" name="should reject on error status" time="0"/>
<testcase classname="groups groups class group class setNodeVariationAsync" name="should reject on error frame" time="0"/>
<testcase classname="groups groups class group class setNodesAsync" name="should send a set group information request with changed node variation" time="0"/>
<testcase classname="groups groups class group class setNodesAsync" name="should reject on error status" time="0"/>
<testcase classname="groups groups class group class setNodesAsync" name="should reject on error frame" time="0.001"/>
<testcase classname="groups groups class group class setTargetPositionRawAsync" name="should send a set group information request with changed node variation" time="0.001"/>
<testcase classname="groups groups class group class setTargetPositionRawAsync" name="should reject on error status" time="0"/>
<testcase classname="groups groups class group class setTargetPositionRawAsync" name="should reject on error frame" time="0"/>
<testcase classname="groups groups class group class setTargetPositionAsync" name="should send a set group information request with changed node variation" time="0.003"/>
<testcase classname="groups groups class group class setTargetPositionAsync" name="should reject on error status" time="0.001"/>
<testcase classname="groups groups class group class setTargetPositionAsync" name="should reject on error frame" time="0"/>
<testcase classname="groups groups class group class refreshAsync" name="should send a command request" time="0"/>
<testcase classname="groups groups class group class refreshAsync" name="should reject on error status" time="0"/>
<testcase classname="groups groups class group class refreshAsync" name="should reject on error frame" time="0"/>
<testcase classname="groups groups class group class onNotificationHandler GW_GET_GROUP_INFORMATION_NTF" name="should send notifications for Name" time="0.012"/>
<testcase classname="common GW_FRAME" name="subclass should create successfully" time="0"/>
<testcase classname="common GW_FRAME" name="should contain the right command" time="0"/>
<testcase classname="common GW_FRAME" name="should have an offset value of 3" time="0"/>
<testcase classname="common GW_FRAME" name="unknown subclass should have an undefined command." time="0.001"/>
<testcase classname="common GW_FRAME_REQ" name="subclass should create successfully" time="0"/>
<testcase classname="common GW_FRAME_REQ" name="should contain the right data" time="0.001"/>
<testcase classname="common GW_FRAME_REQ" name="should contain the right data after realloc with CopyData = undefined" time="0"/>
<testcase classname="common GW_FRAME_REQ" name="should contain the right data after realloc with CopyData = true" time="0.001"/>
<testcase classname="common GW_FRAME_REQ" name="should contain the right data after realloc with CopyData = false" time="0.001"/>
<testcase classname="common GW_FRAME_REQ" name="should contain the right data after realloc with CopyData = undefined and new length 0" time="0"/>
<testcase classname="common GW_FRAME_COMMAND_REQ" name="subclass should create successfully" time="0"/>
<testcase classname="common GW_FRAME_COMMAND_REQ" name="should contain a SessionID" time="0"/>
<testcase classname="common GW_FRAME_COMMAND_REQ" name="should increment the SessionID with each new request" time="0.001"/>
<testcase classname="common GW_FRAME_RCV" name="subclass should create successfully" time="0.001"/>
<testcase classname="common GW_FRAME_RCV" name="Data should contain payload only" time="0.001"/>
<testcase classname="common GW_FRAME_RCV" name="subclass should throw on creation on wrong input data" time="0.001"/>
<testcase classname="common readZString" name="should return an empty string, if the first byte is 0" time="0"/>
<testcase classname="common readZString" name="should return the string until the first 0, even if the buffer is larger" time="0"/>
<testcase classname="common readZString" name="should return the string if the buffer is filled completely" time="0"/>
<testcase classname="common readZString" name="should return the sliced string if the buffer is filled longer, but sliced" time="0"/>
<testcase classname="FrameRcvFactory CreateRcvFrame" name="should create a GW_REBOOT_CFM object from the provided buffer" time="0.001"/>
<testcase classname="FrameRcvFactory CreateRcvFrame" name="should throw an error on an unknown command" time="0"/>
<testcase classname="KLF200-API GW_ACTIVATE_PRODUCTGROUP_CFM Constructor" name="should create without error" time="0.001"/>
<testcase classname="KLF200-API GW_ACTIVATE_PRODUCTGROUP_CFM Constructor" name="should return the session ID" time="0.001"/>
<testcase classname="KLF200-API GW_ACTIVATE_PRODUCTGROUP_CFM getError" name="should return &#x27;No error.&#x27;" time="0.001"/>
<testcase classname="KLF200-API GW_ACTIVATE_PRODUCTGROUP_CFM getError" name="should return &#x27;Unknown product group.&#x27;" time="0.001"/>
<testcase classname="KLF200-API GW_ACTIVATE_PRODUCTGROUP_CFM getError" name="should return &#x27;Session ID in use.&#x27;" time="0"/>
<testcase classname="KLF200-API GW_ACTIVATE_PRODUCTGROUP_CFM getError" name="should return &#x27;Busy.&#x27;" time="0"/>
<testcase classname="KLF200-API GW_ACTIVATE_PRODUCTGROUP_CFM getError" name="should return &#x27;Wrong group type.&#x27;" time="0"/>
<testcase classname="KLF200-API GW_ACTIVATE_PRODUCTGROUP_CFM getError" name="should return &#x27;Failed.&#x27;" time="0"/>
<testcase classname="KLF200-API GW_ACTIVATE_PRODUCTGROUP_CFM getError" name="should return &#x27;Invalid parameter.&#x27;" time="0"/>
<testcase classname="KLF200-API GW_ACTIVATE_PRODUCTGROUP_CFM getError" name="should return &#x27;Unknown error.&#x27;" time="0.001"/>
<testcase classname="KLF200-API GW_ACTIVATE_PRODUCTGROUP_REQ" name="shouldn&#x27;t throw an error on create" time="0.001"/>
<testcase classname="KLF200-API GW_ACTIVATE_PRODUCTGROUP_REQ" name="should create the right object with default values" time="0.001"/>
<testcase classname="KLF200-API GW_ACTIVATE_PRODUCTGROUP_REQ" name="should write the priority levels at the right position" time="0"/>
<testcase classname="KLF200-API GW_ACTIVATE_PRODUCTGROUP_REQ" name="should throw an error at priority level value greater than 3" time="0"/>
<testcase classname="KLF200-API GW_ACTIVATE_PRODUCTGROUP_REQ" name="should throw an error at priority level less than 0" time="0"/>
<testcase classname="KLF200-API GW_ACTIVATE_PRODUCTGROUP_REQ" name="should throw an error at too many priority levels (more than 8)" time="0"/>
<testcase classname="KLF200-API GW_ACTIVATE_SCENE_CFM Constructor" name="should create without error" time="0"/>
<testcase classname="KLF200-API GW_ACTIVATE_SCENE_CFM Constructor" name="should return the session ID" time="0"/>
<testcase classname="KLF200-API GW_ACTIVATE_SCENE_CFM Constructor" name="should return the status" time="0"/>
<testcase classname="KLF200-API GW_ACTIVATE_SCENE_CFM getError" name="should return &#x27;No error.&#x27;" time="0"/>
<testcase classname="KLF200-API GW_ACTIVATE_SCENE_CFM getError" name="should return &#x27;Invalid parameter.&#x27;" time="0"/>
<testcase classname="KLF200-API GW_ACTIVATE_SCENE_CFM getError" name="should return &#x27;Request rejected.&#x27;" time="0"/>
<testcase classname="KLF200-API GW_ACTIVATE_SCENE_CFM getError" name="should return &#x27;Unknown error.&#x27;" time="0"/>
<testcase classname="KLF200-API GW_ACTIVATE_SCENE_REQ" name="shouldn&#x27;t throw an error on create" time="0.001"/>
<testcase classname="KLF200-API GW_ACTIVATE_SCENE_REQ" name="should create the right object with default values" time="0"/>
<testcase classname="KLF200-API GW_COMMAND_REMAINING_TIME_NTF Constructor" name="should create without error" time="0"/>
<testcase classname="KLF200-API GW_COMMAND_REMAINING_TIME_NTF Constructor" name="should return the session ID" time="0"/>
<testcase classname="KLF200-API GW_COMMAND_REMAINING_TIME_NTF Constructor" name="should return the node parameter FP2" time="0"/>
<testcase classname="KLF200-API GW_COMMAND_REMAINING_TIME_NTF Constructor" name="should return the 42 seconds remaining time" time="0"/>
<testcase classname="KLF200-API GW_COMMAND_RUN_STATUS_NTF Constructor" name="should create without error" time="0"/>
<testcase classname="KLF200-API GW_COMMAND_RUN_STATUS_NTF Constructor" name="should return the session ID" time="0"/>
<testcase classname="KLF200-API GW_COMMAND_RUN_STATUS_NTF Constructor" name="should return the status owner" time="0"/>
<testcase classname="KLF200-API GW_COMMAND_RUN_STATUS_NTF Constructor" name="should return the node ID" time="0"/>
<testcase classname="KLF200-API GW_COMMAND_RUN_STATUS_NTF Constructor" name="should return the node parameter FP2" time="0"/>
<testcase classname="KLF200-API GW_COMMAND_RUN_STATUS_NTF Constructor" name="should return the parameter value" time="0"/>
<testcase classname="KLF200-API GW_COMMAND_RUN_STATUS_NTF Constructor" name="should return the run status" time="0"/>
<testcase classname="KLF200-API GW_COMMAND_RUN_STATUS_NTF Constructor" name="should return the status reply Ok" time="0"/>
<testcase classname="KLF200-API GW_COMMAND_RUN_STATUS_NTF Constructor" name="should return the information code" time="0"/>
<testcase classname="KLF200-API GW_COMMAND_SEND_CFM Constructor" name="should create without error" time="0.001"/>
<testcase classname="KLF200-API GW_COMMAND_SEND_CFM Constructor" name="should return the session ID" time="0"/>
<testcase classname="KLF200-API GW_COMMAND_SEND_CFM getError" name="should return &#x27;No error.&#x27;" time="0"/>
<testcase classname="KLF200-API GW_COMMAND_SEND_CFM getError" name="should return &#x27;Command rejected.&#x27;" time="0.001"/>
<testcase classname="KLF200-API GW_COMMAND_SEND_CFM getError" name="should return &#x27;Unknown error.&#x27;" time="0"/>
<testcase classname="KLF200-API GW_COMMAND_SEND_REQ" name="shouldn&#x27;t throw an error on create" time="0.001"/>
<testcase classname="KLF200-API GW_COMMAND_SEND_REQ" name="should create the right object with default values" time="0"/>
<testcase classname="KLF200-API GW_COMMAND_SEND_REQ" name="should write the priority levels at the right position" time="0.001"/>
<testcase classname="KLF200-API GW_COMMAND_SEND_REQ" name="should throw an error at priority level value greater than 3" time="0"/>
<testcase classname="KLF200-API GW_COMMAND_SEND_REQ" name="should throw an error at priority level less than 0" time="0"/>
<testcase classname="KLF200-API GW_COMMAND_SEND_REQ" name="should throw an error at too many priority levels (more than 8)" time="0"/>
<testcase classname="KLF200-API GW_COMMAND_SEND_REQ" name="should write the functional parameter the right way" time="0"/>
<testcase classname="KLF200-API GW_COMMAND_SEND_REQ" name="should throw an error on invalid functional parameter ID" time="0"/>
<testcase classname="KLF200-API GW_COMMAND_SEND_REQ" name="should write multiple nodes" time="0"/>
<testcase classname="KLF200-API GW_COMMAND_SEND_REQ" name="should throw an error if more than 20 nodes are provided" time="0"/>
<testcase classname="GW_COMMAND LockTime lockTimeValueToLockTime" name="should return 30 for input value 0" time="0.001"/>
<testcase classname="GW_COMMAND LockTime lockTimeValueToLockTime" name="should return 1290 for input value 42" time="0"/>
<testcase classname="GW_COMMAND LockTime lockTimeValueToLockTime" name="should return +infinity for input value 255" time="0.001"/>
<testcase classname="GW_COMMAND LockTime lockTimeValueToLockTime" name="should throw on a negative input value" time="0"/>
<testcase classname="GW_COMMAND LockTime lockTimeValueToLockTime" name="should throw on an input value greater than 255" time="0.001"/>
<testcase classname="GW_COMMAND LockTime lockTimeTolockTimeValue" name="should return 0 for input value 30" time="0"/>
<testcase classname="GW_COMMAND LockTime lockTimeTolockTimeValue" name="should return 42 for input value 1290" time="0"/>
<testcase classname="GW_COMMAND LockTime lockTimeTolockTimeValue" name="should return 255 for input value +infinity" time="0"/>
<testcase classname="GW_COMMAND LockTime lockTimeTolockTimeValue" name="should throw on a negative input value" time="0"/>
<testcase classname="GW_COMMAND LockTime lockTimeTolockTimeValue" name="should throw on an input value greater than 7560" time="0.001"/>
<testcase classname="GW_COMMAND LockTime lockTimeTolockTimeValue" name="should throw on an input value not dividable by 30" time="0"/>
<testcase classname="GW_COMMAND LockTime lockTimeValueToLockTimeForLimitation" name="should return 30 for input value 0" time="0"/>
<testcase classname="GW_COMMAND LockTime lockTimeValueToLockTimeForLimitation" name="should return 1290 for input value 42" time="0.001"/>
<testcase classname="GW_COMMAND LockTime lockTimeValueToLockTimeForLimitation" name="should return +infinity for input value 253" time="0"/>
<testcase classname="GW_COMMAND LockTime lockTimeValueToLockTimeForLimitation" name="should throw on a negative input value" time="0"/>
<testcase classname="GW_COMMAND LockTime lockTimeValueToLockTimeForLimitation" name="should throw on an input value greater than 253" time="0"/>
<testcase classname="GW_COMMAND LockTime lockTimeTolockTimeValueForLimitation" name="should return 0 for input value 30" time="0"/>
<testcase classname="GW_COMMAND LockTime lockTimeTolockTimeValueForLimitation" name="should return 42 for input value 1290" time="0"/>
<testcase classname="GW_COMMAND LockTime lockTimeTolockTimeValueForLimitation" name="should return 253 for input value +infinity" time="0"/>
<testcase classname="GW_COMMAND LockTime lockTimeTolockTimeValueForLimitation" name="should throw on a negative input value" time="0"/>
<testcase classname="GW_COMMAND LockTime lockTimeTolockTimeValueForLimitation" name="should throw on an input value greater than 7560" time="0"/>
<testcase classname="GW_COMMAND LockTime lockTimeTolockTimeValueForLimitation" name="should throw on an input value not dividable by 30" time="0"/>
<testcase classname="GW_COMMAND convertPositionRaw" name="should return 0 for 0x0000 for a roller shutter" time="0"/>
<testcase classname="GW_COMMAND convertPositionRaw" name="should return 1 for 0xC800 for a roller shutter" time="0"/>
<testcase classname="GW_COMMAND convertPositionRaw" name="should return 0.1 for 0x1400 for a roller shutter" time="0"/>
<testcase classname="GW_COMMAND convertPositionRaw" name="should return NaN for a value greater than 0xC800 for a roller shutter" time="0"/>
<testcase classname="GW_COMMAND convertPositionRaw" name="should return 1 for 0x0000 for a window opener" time="0.001"/>
<testcase classname="GW_COMMAND convertPositionRaw" name="should return 0 for 0xC800 for a window opener" time="0"/>
<testcase classname="GW_COMMAND convertPositionRaw" name="should return 0.9 for 0x1400 for a window opener" time="0"/>
<testcase classname="GW_COMMAND convertPositionRaw" name="should return NaN for a value greater than 0xC800 for a window opener" time="0"/>
<testcase classname="GW_COMMAND convertPosition" name="should return 0x0000 for 0 for a roller shutter" time="0"/>
<testcase classname="GW_COMMAND convertPosition" name="should return 0xC800 for 1 for a roller shutter" time="0"/>
<testcase classname="GW_COMMAND convertPosition" name="should return 0x1400 for 0.1 for a roller shutter" time="0"/>
<testcase classname="GW_COMMAND convertPosition" name="should throw an error for negative values for a roller shutter" time="0"/>
<testcase classname="GW_COMMAND convertPosition" name="should throw an error for values larger than 1.0 for a roller shutter" time="0"/>
<testcase classname="GW_COMMAND convertPosition" name="should return 0x0000 for 1 for a window opener" time="0"/>
<testcase classname="GW_COMMAND convertPosition" name="should return 0xC800 for 0 for a window opener" time="0"/>
<testcase classname="GW_COMMAND convertPosition" name="should return 0x1400 for 0.9 for a window opener" time="0.001"/>
<testcase classname="GW_COMMAND convertPosition" name="should throw an error for negative values for a window opener" time="0"/>
<testcase classname="GW_COMMAND convertPosition" name="should throw an error for values larger than 1.0 for a window opener" time="0"/>
<testcase classname="KLF200-API GW_CS_ACTIVATE_CONFIGURATION_MODE_CFM Constructor" name="should create without error" time="0"/>
<testcase classname="KLF200-API GW_CS_ACTIVATE_CONFIGURATION_MODE_CFM Constructor" name="should return the status" time="0"/>
<testcase classname="KLF200-API GW_CS_ACTIVATE_CONFIGURATION_MODE_CFM Constructor" name="should return the activated nodes" time="0"/>
<testcase classname="KLF200-API GW_CS_ACTIVATE_CONFIGURATION_MODE_CFM Constructor" name="should return the no contact nodes" time="0"/>
<testcase classname="KLF200-API GW_CS_ACTIVATE_CONFIGURATION_MODE_CFM Constructor" name="should return the other error nodes" time="0"/>
<testcase classname="KLF200-API GW_CS_ACTIVATE_CONFIGURATION_MODE_CFM getError" name="should return the error message" time="0"/>
<testcase classname="KLF200-API GW_CS_ACTIVATE_CONFIGURATION_MODE_CFM getError" name="should throw if no error" time="0"/>
<testcase classname="KLF200-API GW_CS_ACTIVATE_CONFIGURATION_MODE_REQ" name="shouldn&#x27;t throw an error on create" time="0.001"/>
<testcase classname="KLF200-API GW_CS_ACTIVATE_CONFIGURATION_MODE_REQ" name="should write multiple nodes" time="0"/>
<testcase classname="KLF200-API GW_CS_CONTROLLER_COPY_NTF Constructor" name="should create without error" time="0"/>
<testcase classname="KLF200-API GW_CS_CONTROLLER_COPY_NTF Constructor" name="should return the Controller Copy Mode" time="0"/>
<testcase classname="KLF200-API GW_CS_CONTROLLER_COPY_NTF Constructor" name="should return the Controller Copy Status" time="0"/>
<testcase classname="KLF200-API GW_CS_DISCOVER_NODES_REQ" name="shouldn&#x27;t throw an error on create" time="0"/>
<testcase classname="KLF200-API GW_CS_DISCOVER_NODES_REQ" name="should write the node type at the right position" time="0"/>
<testcase classname="KLF200-API GW_CS_DISCOVER_NODES_REQ" name="should default to ActuatorType.NO_TYPE for node type" time="0"/>
<testcase classname="KLF200-API GW_CS_DISCOVER_NODES_NTF Constructor" name="should create without error" time="0"/>
<testcase classname="KLF200-API GW_CS_DISCOVER_NODES_NTF Constructor" name="should return the status" time="0"/>
<testcase classname="KLF200-API GW_CS_DISCOVER_NODES_NTF Constructor" name="should return the added nodes" time="0.001"/>
<testcase classname="KLF200-API GW_CS_DISCOVER_NODES_NTF Constructor" name="should return the RF connection error nodes" time="0"/>
<testcase classname="KLF200-API GW_CS_DISCOVER_NODES_NTF Constructor" name="should return the io-Key error nodes" time="0"/>
<testcase classname="KLF200-API GW_CS_DISCOVER_NODES_NTF Constructor" name="should return the removed nodes" time="0.001"/>
<testcase classname="KLF200-API GW_CS_DISCOVER_NODES_NTF Constructor" name="should return the open nodes" time="0"/>
<testcase classname="KLF200-API GW_CS_CONTROLLER_COPY_REQ" name="shouldn&#x27;t throw an error on create" time="0.001"/>
<testcase classname="KLF200-API GW_CS_CONTROLLER_COPY_REQ" name="should write the controller copy mode at the right position" time="0"/>
<testcase classname="KLF200-API GW_CS_RECEIVE_KEY_NTF Constructor" name="should create without error" time="0"/>
<testcase classname="KLF200-API GW_CS_RECEIVE_KEY_NTF Constructor" name="should return the ChangeKeyStatus" time="0"/>
<testcase classname="KLF200-API GW_CS_RECEIVE_KEY_NTF Constructor" name="should return the changed nodes" time="0"/>
<testcase classname="KLF200-API GW_CS_RECEIVE_KEY_NTF Constructor" name="should return the unchanged nodes" time="0"/>
<testcase classname="KLF200-API GW_CS_GET_SYSTEMTABLE_DATA_NTF Constructor" name="should create without error" time="0"/>
<testcase classname="KLF200-API GW_CS_GET_SYSTEMTABLE_DATA_NTF Constructor" name="should return the correct number of entries" time="0"/>
<testcase classname="KLF200-API GW_CS_GET_SYSTEMTABLE_DATA_NTF Constructor" name="should return the correct number of entries" time="0"/>
<testcase classname="KLF200-API GW_CS_GET_SYSTEMTABLE_DATA_NTF Constructor" name="should return the entries" time="0"/>
<testcase classname="KLF200-API GW_CS_GET_SYSTEMTABLE_DATA_NTF Constructor" name="should return an empty array" time="0"/>
<testcase classname="KLF200-API GW_CS_PGC_JOB_NTF Constructor" name="should create without error" time="0.001"/>
<testcase classname="KLF200-API GW_CS_PGC_JOB_NTF Constructor" name="should return the correct PGC Job State" time="0"/>
<testcase classname="KLF200-API GW_CS_PGC_JOB_NTF Constructor" name="should return the correct PGC Job Status" time="0"/>
<testcase classname="KLF200-API GW_CS_PGC_JOB_NTF Constructor" name="should return the correct PGC Job Type" time="0"/>
<testcase classname="KLF200-API GW_CS_GENERATE_NEW_KEY_NTF Constructor" name="should create without error" time="0"/>
<testcase classname="KLF200-API GW_CS_GENERATE_NEW_KEY_NTF Constructor" name="should return the ChangeKeyStatus" time="0"/>
<testcase classname="KLF200-API GW_CS_GENERATE_NEW_KEY_NTF Constructor" name="should return the changed nodes" time="0.001"/>
<testcase classname="KLF200-API GW_CS_GENERATE_NEW_KEY_NTF Constructor" name="should return the unchanged nodes" time="0"/>
<testcase classname="KLF200-API GW_CS_REMOVE_NODES_CFM Constructor" name="should create without error" time="0"/>
<testcase classname="KLF200-API GW_CS_REMOVE_NODES_CFM Constructor" name="should return scene deleted as true" time="0"/>
<testcase classname="KLF200-API GW_CS_REMOVE_NODES_REQ" name="shouldn&#x27;t throw an error on create" time="0"/>
<testcase classname="KLF200-API GW_CS_REMOVE_NODES_REQ" name="should create the right object with the bit for node 42 set" time="0"/>
<testcase classname="KLF200-API GW_CS_REPAIR_KEY_NTF Constructor" name="should create without error" time="0"/>
<testcase classname="KLF200-API GW_CS_REPAIR_KEY_NTF Constructor" name="should return the ChangeKeyStatus" time="0"/>
<testcase classname="KLF200-API GW_CS_REPAIR_KEY_NTF Constructor" name="should return the changed nodes" time="0"/>
<testcase classname="KLF200-API GW_CS_REPAIR_KEY_NTF Constructor" name="should return the unchanged nodes" time="0"/>
<testcase classname="KLF200-API GW_CS_SYSTEM_TABLE_UPDATE_NTF Constructor" name="should create without error" time="0"/>
<testcase classname="KLF200-API GW_CS_SYSTEM_TABLE_UPDATE_NTF Constructor" name="should return the added and removed nodes" time="0.001"/>
<testcase classname="KLF200-API GW_DELETE_GROUP_CFM Constructor" name="should create without error" time="0"/>
<testcase classname="KLF200-API GW_DELETE_GROUP_CFM Constructor" name="should return the group ID" time="0"/>
<testcase classname="KLF200-API GW_DELETE_GROUP_CFM Constructor" name="should return the status" time="0"/>
<testcase classname="KLF200-API GW_DELETE_GROUP_CFM getError" name="should throw No error" time="0"/>
<testcase classname="KLF200-API GW_DELETE_GROUP_CFM getError" name="should return &#x27;Request failed.&#x27;" time="0"/>
<testcase classname="KLF200-API GW_DELETE_GROUP_CFM getError" name="should return &#x27;Invalid group ID.&#x27;" time="0"/>
<testcase classname="KLF200-API GW_DELETE_GROUP_CFM getError" name="should return &#x27;Unknown error 3.&#x27;" time="0"/>
<testcase classname="KLF200-API GW_DELETE_GROUP_REQ" name="shouldn&#x27;t throw an error on create" time="0"/>
<testcase classname="KLF200-API GW_DELETE_GROUP_REQ" name="should write the group id at the right position" time="0.001"/>
<testcase classname="KLF200-API GW_DELETE_SCENE_CFM Constructor" name="should create without error" time="0"/>
<testcase classname="KLF200-API GW_DELETE_SCENE_CFM Constructor" name="should return the scene ID" time="0"/>
<testcase classname="KLF200-API GW_DELETE_SCENE_CFM Constructor" name="should return the status" time="0.001"/>
<testcase classname="KLF200-API GW_DELETE_SCENE_CFM getError" name="should throw No error" time="0"/>
<testcase classname="KLF200-API GW_DELETE_SCENE_CFM getError" name="should return &#x27;Request failed.&#x27;" time="0"/>
<testcase classname="KLF200-API GW_DELETE_SCENE_CFM getError" name="should return &#x27;Invalid scene ID.&#x27;" time="0"/>
<testcase classname="KLF200-API GW_DELETE_SCENE_CFM getError" name="should return &#x27;Unknown error 3.&#x27;" time="0"/>
<testcase classname="KLF200-API GW_DELETE_SCENE_REQ" name="shouldn&#x27;t throw an error on create" time="0"/>
<testcase classname="KLF200-API GW_DELETE_SCENE_REQ" name="should write the group id at the right position" time="0"/>
<testcase classname="KLF200-API GW_ERROR_NTF" name="should return a valid error number." time="0"/>
<testcase classname="KLF200-API GW_ERROR_NTF" name="should return a valid zero error number." time="0.001"/>
<testcase classname="KLF200-API GW_ERROR_NTF" name="should return the unknown error number." time="0"/>
<testcase classname="KLF200-API GW_ERROR_NTF" name="should return the unknown error number, if the provided error number is not known." time="0"/>
<testcase classname="KLF200-API GW_ERROR_NTF" name="should throw an exception if the command isn&#x27;t matching" time="0"/>
<testcase classname="KLF200-API GW_ERROR_NTF getError()" name="should return the correct error message for error code 0" time="0.001"/>
<testcase classname="KLF200-API GW_ERROR_NTF getError()" name="should return the correct error message for error code 1" time="0"/>
<testcase classname="KLF200-API GW_ERROR_NTF getError()" name="should return the correct error message for error code 2" time="0"/>
<testcase classname="KLF200-API GW_ERROR_NTF getError()" name="should return the correct error message for error code 7" time="0"/>
<testcase classname="KLF200-API GW_ERROR_NTF getError()" name="should return the correct error message for error code 8" time="0"/>
<testcase classname="KLF200-API GW_ERROR_NTF getError()" name="should return the correct error message for error code 12" time="0"/>
<testcase classname="KLF200-API GW_ERROR_NTF getError()" name="should return the correct error message for error code 255" time="0"/>
<testcase classname="KLF200-API GW_GET_ACTIVATION_LOG_HEADER_CFM Constructor" name="should create without error" time="0.001"/>
<testcase classname="KLF200-API GW_GET_ACTIVATION_LOG_HEADER_CFM Constructor" name="should return the correct max line count and current line count values" time="0"/>
<testcase classname="KLF200-API GW_GET_ACTIVATION_LOG_LINE_CFM Constructor" name="should create without error" time="0"/>
<testcase classname="KLF200-API GW_GET_ACTIVATION_LOG_LINE_CFM Constructor" name="should return the correct property values" time="0"/>
<testcase classname="KLF200-API GW_GET_ACTIVATION_LOG_LINE_REQ" name="shouldn&#x27;t throw an error on create" time="0"/>
<testcase classname="KLF200-API GW_GET_ACTIVATION_LOG_LINE_REQ" name="should write the line number at the right position" time="0"/>
<testcase classname="KLF200-API GW_GET_ALL_GROUPS_INFORMATION_NTF Constructor" name="should create without error" time="0"/>
<testcase classname="KLF200-API GW_GET_ALL_GROUPS_INFORMATION_NTF Constructor" name="should return the group ID" time="0"/>
<testcase classname="KLF200-API GW_GET_ALL_GROUPS_INFORMATION_NTF Constructor" name="should return the order" time="0"/>
<testcase classname="KLF200-API GW_GET_ALL_GROUPS_INFORMATION_NTF Constructor" name="should return the placement" time="0.001"/>
<testcase classname="KLF200-API GW_GET_ALL_GROUPS_INFORMATION_NTF Constructor" name="should return the name" time="0"/>
<testcase classname="KLF200-API GW_GET_ALL_GROUPS_INFORMATION_NTF Constructor" name="should return the velocity" time="0"/>
<testcase classname="KLF200-API GW_GET_ALL_GROUPS_INFORMATION_NTF Constructor" name="should return the node variation" time="0"/>
<testcase classname="KLF200-API GW_GET_ALL_GROUPS_INFORMATION_NTF Constructor" name="should return the group type" time="0.001"/>
<testcase classname="KLF200-API GW_GET_ALL_GROUPS_INFORMATION_NTF Constructor" name="should return the nodes" time="0"/>
<testcase classname="KLF200-API GW_GET_ALL_GROUPS_INFORMATION_NTF Constructor" name="should return the empty nodes list if not User Group" time="0.001"/>
<testcase classname="KLF200-API GW_GET_ALL_GROUPS_INFORMATION_NTF Constructor" name="should return the revision" time="0"/>
<testcase classname="KLF200-API GW_GET_ALL_GROUPS_INFORMATION_REQ" name="shouldn&#x27;t throw an error on create" time="0.001"/>
<testcase classname="KLF200-API GW_GET_ALL_GROUPS_INFORMATION_REQ" name="should set no filter with empty parameter" time="0.001"/>
<testcase classname="KLF200-API GW_GET_ALL_GROUPS_INFORMATION_REQ" name="should set filter to true and group type 0" time="0"/>
<testcase classname="KLF200-API GW_GET_ALL_GROUPS_INFORMATION_REQ" name="should set filter to true and group type 1" time="0"/>
<testcase classname="KLF200-API GW_GET_ALL_GROUPS_INFORMATION_REQ" name="should set filter to true and group type 2" time="0"/>
<testcase classname="KLF200-API GW_GET_ALL_GROUPS_INFORMATION_REQ" name="should set filter to true and group type 3" time="0"/>
<testcase classname="KLF200-API GW_GET_ALL_NODES_INFORMATION_NTF Constructor" name="should create without error" time="0"/>
<testcase classname="KLF200-API GW_GET_ALL_NODES_INFORMATION_NTF Constructor" name="should return the node ID" time="0.001"/>
<testcase classname="KLF200-API GW_GET_ALL_NODES_INFORMATION_NTF Constructor" name="should return the order" time="0"/>
<testcase classname="KLF200-API GW_GET_ALL_NODES_INFORMATION_NTF Constructor" name="should return the placement" time="0"/>
<testcase classname="KLF200-API GW_GET_ALL_NODES_INFORMATION_NTF Constructor" name="should return the name" time="0"/>
<testcase classname="KLF200-API GW_GET_ALL_NODES_INFORMATION_NTF Constructor" name="should return the velocity" time="0"/>
<testcase classname="KLF200-API GW_GET_ALL_NODES_INFORMATION_NTF Constructor" name="should return the node type" time="0"/>
<testcase classname="KLF200-API GW_GET_ALL_NODES_INFORMATION_NTF Constructor" name="should return the node sub type" time="0"/>
<testcase classname="KLF200-API GW_GET_ALL_NODES_INFORMATION_NTF Constructor" name="should return the product group" time="0"/>
<testcase classname="KLF200-API GW_GET_ALL_NODES_INFORMATION_NTF Constructor" name="should return the product type" time="0"/>
<testcase classname="KLF200-API GW_GET_ALL_NODES_INFORMATION_NTF Constructor" name="should return the node variation" time="0"/>
<testcase classname="KLF200-API GW_GET_ALL_NODES_INFORMATION_NTF Constructor" name="should return the power mode" time="0"/>
<testcase classname="KLF200-API GW_GET_ALL_NODES_INFORMATION_NTF Constructor" name="should return the serial number" time="0"/>
<testcase classname="KLF200-API GW_GET_ALL_NODES_INFORMATION_NTF Constructor" name="should return the state" time="0"/>
<testcase classname="KLF200-API GW_GET_ALL_NODES_INFORMATION_NTF Constructor" name="should return the current position" time="0"/>
<testcase classname="KLF200-API GW_GET_ALL_NODES_INFORMATION_NTF Constructor" name="should return the FP1 current position" time="0"/>
<testcase classname="KLF200-API GW_GET_ALL_NODES_INFORMATION_NTF Constructor" name="should return the FP2 current position" time="0"/>
<testcase classname="KLF200-API GW_GET_ALL_NODES_INFORMATION_NTF Constructor" name="should return the FP3 current position" time="0"/>
<testcase classname="KLF200-API GW_GET_ALL_NODES_INFORMATION_NTF Constructor" name="should return the FP4 current position" time="0"/>
<testcase classname="KLF200-API GW_GET_ALL_NODES_INFORMATION_NTF Constructor" name="should return the remaining time" time="0"/>
<testcase classname="KLF200-API GW_GET_ALL_NODES_INFORMATION_NTF Constructor" name="should return the time stamp" time="0"/>
<testcase classname="KLF200-API GW_GET_ALL_NODES_INFORMATION_NTF Constructor" name="should return the aliases array" time="0.001"/>
<testcase classname="KLF200-API GW_GET_CONTACT_INPUT_LINK_LIST_CFM Constructor" name="should create without error" time="0.001"/>
<testcase classname="KLF200-API GW_GET_CONTACT_INPUT_LINK_LIST_CFM Constructor" name="should return an array with one contact input object" time="0"/>
<testcase classname="KLF200-API GW_GET_GROUP_INFORMATION_CFM Constructor" name="should create without error" time="0.001"/>
<testcase classname="KLF200-API GW_GET_GROUP_INFORMATION_CFM Constructor" name="should return the group ID" time="0"/>
<testcase classname="KLF200-API GW_GET_GROUP_INFORMATION_CFM Constructor" name="should return the status" time="0"/>
<testcase classname="KLF200-API GW_GET_GROUP_INFORMATION_CFM getError" name="should throw No error" time="0"/>
<testcase classname="KLF200-API GW_GET_GROUP_INFORMATION_CFM getError" name="should return &#x27;Request failed.&#x27;" time="0"/>
<testcase classname="KLF200-API GW_GET_GROUP_INFORMATION_CFM getError" name="should return &#x27;Invalid group ID.&#x27;" time="0"/>
<testcase classname="KLF200-API GW_GET_GROUP_INFORMATION_CFM getError" name="should return &#x27;Unknown error 3.&#x27;" time="0"/>
<testcase classname="KLF200-API GW_GET_GROUP_INFORMATION_NTF Constructor" name="should create without error" time="0"/>
<testcase classname="KLF200-API GW_GET_GROUP_INFORMATION_NTF Constructor" name="should return the group ID" time="0.001"/>
<testcase classname="KLF200-API GW_GET_GROUP_INFORMATION_NTF Constructor" name="should return the order" time="0"/>
<testcase classname="KLF200-API GW_GET_GROUP_INFORMATION_NTF Constructor" name="should return the placement" time="0"/>
<testcase classname="KLF200-API GW_GET_GROUP_INFORMATION_NTF Constructor" name="should return the name" time="0"/>
<testcase classname="KLF200-API GW_GET_GROUP_INFORMATION_NTF Constructor" name="should return the velocity" time="0"/>
<testcase classname="KLF200-API GW_GET_GROUP_INFORMATION_NTF Constructor" name="should return the node variation" time="0.001"/>
<testcase classname="KLF200-API GW_GET_GROUP_INFORMATION_NTF Constructor" name="should return the group type" time="0"/>
<testcase classname="KLF200-API GW_GET_GROUP_INFORMATION_NTF Constructor" name="should return the nodes" time="0"/>
<testcase classname="KLF200-API GW_GET_GROUP_INFORMATION_NTF Constructor" name="should return the empty nodes list if not User Group" time="0.001"/>
<testcase classname="KLF200-API GW_GET_GROUP_INFORMATION_NTF Constructor" name="should return the revision" time="0"/>
<testcase classname="KLF200-API GW_GET_GROUP_INFORMATION_REQ" name="shouldn&#x27;t throw an error on create" time="0"/>
<testcase classname="KLF200-API GW_GET_GROUP_INFORMATION_REQ" name="should write the group id at the right position" time="0.001"/>
<testcase classname="KLF200-API GW_GET_LIMITATION_STATUS_CFM Constructor" name="should create without error" time="0"/>
<testcase classname="KLF200-API GW_GET_LIMITATION_STATUS_CFM Constructor" name="should return the session ID" time="0.001"/>
<testcase classname="KLF200-API GW_GET_LIMITATION_STATUS_CFM Constructor" name="should return the status" time="0"/>
<testcase classname="KLF200-API GW_GET_LIMITATION_STATUS_CFM getError" name="should throw &#x27;No error.&#x27;" time="0"/>
<testcase classname="KLF200-API GW_GET_LIMITATION_STATUS_CFM getError" name="should return &#x27;Request failed.&#x27;" time="0"/>
<testcase classname="KLF200-API GW_GET_LIMITATION_STATUS_CFM getError" name="should return &#x27;Unknown error.&#x27;" time="0"/>
<testcase classname="KLF200-API GW_GET_LIMITATION_STATUS_REQ" name="shouldn&#x27;t throw an error on create" time="0.001"/>
<testcase classname="KLF200-API GW_GET_LIMITATION_STATUS_REQ" name="should write the correct default values" time="0"/>
<testcase classname="KLF200-API GW_GET_LIMITATION_STATUS_REQ" name="should write the single node" time="0"/>
<testcase classname="KLF200-API GW_GET_LIMITATION_STATUS_REQ" name="should write multiple nodes" time="0"/>
<testcase classname="KLF200-API GW_GET_LIMITATION_STATUS_REQ" name="shouldn&#x27;t throw an error with 20 nodes" time="0"/>
<testcase classname="KLF200-API GW_GET_LIMITATION_STATUS_REQ" name="should throw an error with more than 20 nodes" time="0.001"/>
<testcase classname="KLF200-API GW_GET_LOCAL_TIME_CFM Constructor" name="should create without error" time="0"/>
<testcase classname="KLF200-API GW_GET_LOCAL_TIME_CFM Constructor" name="should return the UTC time" time="0"/>
<testcase classname="KLF200-API GW_GET_LOCAL_TIME_CFM Constructor" name="should return the seconds" time="0"/>
<testcase classname="KLF200-API GW_GET_LOCAL_TIME_CFM Constructor" name="should return the minutes" time="0"/>
<testcase classname="KLF200-API GW_GET_LOCAL_TIME_CFM Constructor" name="should return the hours" time="0"/>
<testcase classname="KLF200-API GW_GET_LOCAL_TIME_CFM Constructor" name="should return the day of month" time="0"/>
<testcase classname="KLF200-API GW_GET_LOCAL_TIME_CFM Constructor" name="should return the month" time="0"/>
<testcase classname="KLF200-API GW_GET_LOCAL_TIME_CFM Constructor" name="should return the year" time="0.001"/>
<testcase classname="KLF200-API GW_GET_LOCAL_TIME_CFM Constructor" name="should return the weekday" time="0"/>
<testcase classname="KLF200-API GW_GET_LOCAL_TIME_CFM Constructor" name="should return the day of year" time="0.001"/>
<testcase classname="KLF200-API GW_GET_LOCAL_TIME_CFM Constructor" name="should return the daylight saving flag" time="0"/>
<testcase classname="KLF200-API GW_GET_MULTIPLE_ACTIVATION_LOG_LINES_CFM Constructor" name="should create without error" time="0.001"/>
<testcase classname="KLF200-API GW_GET_MULTIPLE_ACTIVATION_LOG_LINES_CFM Constructor" name="should return the line count" time="0"/>
<testcase classname="KLF200-API GW_GET_MULTIPLE_ACTIVATION_LOG_LINES_CFM Constructor" name="should return the status" time="0"/>
<testcase classname="KLF200-API GW_GET_MULTIPLE_ACTIVATION_LOG_LINES_CFM getError" name="should throw &#x27;No error.&#x27;" time="0.001"/>
<testcase classname="KLF200-API GW_GET_MULTIPLE_ACTIVATION_LOG_LINES_CFM getError" name="should return &#x27;Request failed.&#x27;" time="0.001"/>
<testcase classname="KLF200-API GW_GET_MULTIPLE_ACTIVATION_LOG_LINES_CFM getError" name="should return &#x27;Unknown error.&#x27;" time="0"/>
<testcase classname="KLF200-API GW_GET_MULTIPLE_ACTIVATION_LOG_LINES_NTF Constructor" name="should create without error" time="0"/>
<testcase classname="KLF200-API GW_GET_MULTIPLE_ACTIVATION_LOG_LINES_NTF Constructor" name="should return the timestamp" time="0"/>
<testcase classname="KLF200-API GW_GET_MULTIPLE_ACTIVATION_LOG_LINES_NTF Constructor" name="should return the session ID" time="0"/>
<testcase classname="KLF200-API GW_GET_MULTIPLE_ACTIVATION_LOG_LINES_NTF Constructor" name="should return the status ID" time="0"/>
<testcase classname="KLF200-API GW_GET_MULTIPLE_ACTIVATION_LOG_LINES_NTF Constructor" name="should return the node ID" time="0"/>
<testcase classname="KLF200-API GW_GET_MULTIPLE_ACTIVATION_LOG_LINES_NTF Constructor" name="should return the node parameter FP1" time="0"/>
<testcase classname="KLF200-API GW_GET_MULTIPLE_ACTIVATION_LOG_LINES_NTF Constructor" name="should return the parameter value" time="0"/>
<testcase classname="KLF200-API GW_GET_MULTIPLE_ACTIVATION_LOG_LINES_NTF Constructor" name="should return the run status" time="0.001"/>
<testcase classname="KLF200-API GW_GET_MULTIPLE_ACTIVATION_LOG_LINES_NTF Constructor" name="should return the status reply" time="0"/>
<testcase classname="KLF200-API GW_GET_MULTIPLE_ACTIVATION_LOG_LINES_NTF Constructor" name="should return the information code" time="0"/>
<testcase classname="KLF200-API GW_GET_MULTIPLE_ACTIVATION_LOG_LINES_REQ" name="shouldn&#x27;t throw an error on create" time="0.001"/>
<testcase classname="KLF200-API GW_GET_MULTIPLE_ACTIVATION_LOG_LINES_REQ" name="should write the correct date" time="0"/>
<testcase classname="KLF200-API GW_GET_NETWORK_SETUP_CFM Constructor" name="should create without error" time="0.001"/>
<testcase classname="KLF200-API GW_GET_NETWORK_SETUP_CFM Constructor" name="should return the IP address" time="0"/>
<testcase classname="KLF200-API GW_GET_NETWORK_SETUP_CFM Constructor" name="should return the mask" time="0.001"/>
<testcase classname="KLF200-API GW_GET_NETWORK_SETUP_CFM Constructor" name="should return the gateway" time="0"/>
<testcase classname="KLF200-API GW_GET_NETWORK_SETUP_CFM Constructor" name="should return the DHCP flag" time="0.001"/>
<testcase classname="KLF200-API GW_GET_NODE_INFORMATION_CFM Constructor" name="should create without error" time="0.001"/>
<testcase classname="KLF200-API GW_GET_NODE_INFORMATION_CFM Constructor" name="should return the scene ID" time="0"/>
<testcase classname="KLF200-API GW_GET_NODE_INFORMATION_CFM Constructor" name="should return the status" time="0.001"/>
<testcase classname="KLF200-API GW_GET_NODE_INFORMATION_CFM getError" name="should throw No error" time="0"/>
<testcase classname="KLF200-API GW_GET_NODE_INFORMATION_CFM getError" name="should return &#x27;Request failed.&#x27;" time="0"/>
<testcase classname="KLF200-API GW_GET_NODE_INFORMATION_CFM getError" name="should return &#x27;Invalid node ID.&#x27;" time="0"/>
<testcase classname="KLF200-API GW_GET_NODE_INFORMATION_CFM getError" name="should return &#x27;Unknown error 3.&#x27;" time="0"/>
<testcase classname="KLF200-API GW_GET_NODE_INFORMATION_NTF Constructor" name="should create without error" time="0"/>
<testcase classname="KLF200-API GW_GET_NODE_INFORMATION_NTF Constructor" name="should return the node ID" time="0"/>
<testcase classname="KLF200-API GW_GET_NODE_INFORMATION_NTF Constructor" name="should return the order" time="0"/>
<testcase classname="KLF200-API GW_GET_NODE_INFORMATION_NTF Constructor" name="should return the placement" time="0"/>
<testcase classname="KLF200-API GW_GET_NODE_INFORMATION_NTF Constructor" name="should return the name" time="0.001"/>
<testcase classname="KLF200-API GW_GET_NODE_INFORMATION_NTF Constructor" name="should return the velocity" time="0"/>
<testcase classname="KLF200-API GW_GET_NODE_INFORMATION_NTF Constructor" name="should return the node type" time="0.001"/>
<testcase classname="KLF200-API GW_GET_NODE_INFORMATION_NTF Constructor" name="should return the node sub type" time="0"/>
<testcase classname="KLF200-API GW_GET_NODE_INFORMATION_NTF Constructor" name="should return the product group" time="0"/>
<testcase classname="KLF200-API GW_GET_NODE_INFORMATION_NTF Constructor" name="should return the product type" time="0"/>
<testcase classname="KLF200-API GW_GET_NODE_INFORMATION_NTF Constructor" name="should return the node variation" time="0.001"/>
<testcase classname="KLF200-API GW_GET_NODE_INFORMATION_NTF Constructor" name="should return the power mode" time="0"/>
<testcase classname="KLF200-API GW_GET_NODE_INFORMATION_NTF Constructor" name="should return the serial number" time="0.001"/>
<testcase classname="KLF200-API GW_GET_NODE_INFORMATION_NTF Constructor" name="should return the state" time="0"/>
<testcase classname="KLF200-API GW_GET_NODE_INFORMATION_NTF Constructor" name="should return the current position" time="0"/>
<testcase classname="KLF200-API GW_GET_NODE_INFORMATION_NTF Constructor" name="should return the FP1 current position" time="0"/>
<testcase classname="KLF200-API GW_GET_NODE_INFORMATION_NTF Constructor" name="should return the FP2 current position" time="0"/>
<testcase classname="KLF200-API GW_GET_NODE_INFORMATION_NTF Constructor" name="should return the FP3 current position" time="0"/>
<testcase classname="KLF200-API GW_GET_NODE_INFORMATION_NTF Constructor" name="should return the FP4 current position" time="0"/>
<testcase classname="KLF200-API GW_GET_NODE_INFORMATION_NTF Constructor" name="should return the remaining time" time="0.001"/>
<testcase classname="KLF200-API GW_GET_NODE_INFORMATION_NTF Constructor" name="should return the time stamp" time="0"/>
<testcase classname="KLF200-API GW_GET_NODE_INFORMATION_NTF Constructor" name="should return the aliases array" time="0"/>
<testcase classname="KLF200-API GW_GET_NODE_INFORMATION_REQ" name="shouldn&#x27;t throw an error on create" time="0"/>
<testcase classname="KLF200-API GW_GET_NODE_INFORMATION_REQ" name="should write the correct node ID" time="0"/>
<testcase classname="KLF200-API GW_GET_PROTOCOL_VERSION_CFM Constructor" name="should create without error" time="0"/>
<testcase classname="KLF200-API GW_GET_PROTOCOL_VERSION_CFM Constructor" name="should return the line count" time="0"/>
<testcase classname="KLF200-API GW_GET_PROTOCOL_VERSION_CFM Constructor" name="should return the status" time="0"/>
<testcase classname="KLF200-API GW_GET_SCENE_INFORMATION_CFM Constructor" name="should create without error" time="0"/>
<testcase classname="KLF200-API GW_GET_SCENE_INFORMATION_CFM Constructor" name="should return the scene ID" time="0.001"/>
<testcase classname="KLF200-API GW_GET_SCENE_INFORMATION_CFM Constructor" name="should return the status" time="0"/>
<testcase classname="KLF200-API GW_GET_SCENE_INFORMATION_CFM getError" name="should throw No error" time="0"/>
<testcase classname="KLF200-API GW_GET_SCENE_INFORMATION_CFM getError" name="should return &#x27;Request failed.&#x27;" time="0.001"/>
<testcase classname="KLF200-API GW_GET_SCENE_INFORMATION_CFM getError" name="should return &#x27;Invalid scene ID.&#x27;" time="0"/>
<testcase classname="KLF200-API GW_GET_SCENE_INFORMATION_CFM getError" name="should return &#x27;Unknown error 3.&#x27;" time="0"/>
<testcase classname="KLF200-API GW_GET_SCENE_INFORMATION_NTF Constructor" name="should create without error" time="0"/>
<testcase classname="KLF200-API GW_GET_SCENE_INFORMATION_NTF Constructor" name="should return the scene ID" time="0"/>
<testcase classname="KLF200-API GW_GET_SCENE_INFORMATION_NTF Constructor" name="should return the name" time="0"/>
<testcase classname="KLF200-API GW_GET_SCENE_INFORMATION_NTF Constructor" name="should return the number of nodes" time="0"/>
<testcase classname="KLF200-API GW_GET_SCENE_INFORMATION_NTF Constructor" name="should return the nodes" time="0"/>
<testcase classname="KLF200-API GW_GET_SCENE_INFORMATION_NTF Constructor" name="should return the number of remaining nodes" time="0"/>
<testcase classname="KLF200-API GW_GET_SCENE_INFORMATION_REQ" name="shouldn&#x27;t throw an error on create" time="0"/>
<testcase classname="KLF200-API GW_GET_SCENE_INFORMATION_REQ" name="should write the scene id at the right position" time="0"/>
<testcase classname="KLF200-API GW_GET_SCENE_LIST_CFM Constructor" name="should create without error" time="0"/>
<testcase classname="KLF200-API GW_GET_SCENE_LIST_CFM Constructor" name="should return the number of scenes" time="0"/>
<testcase classname="KLF200-API GW_GET_SCENE_LIST_NTF Constructor" name="should create without error" time="0.001"/>
<testcase classname="KLF200-API GW_GET_SCENE_LIST_NTF Constructor" name="should return the number of scenes" time="0"/>
<testcase classname="KLF200-API GW_GET_SCENE_LIST_NTF Constructor" name="should return the number of remaining scenes" time="0"/>
<testcase classname="KLF200-API GW_GET_SCENE_LIST_NTF Constructor" name="should return the scenes" time="0.001"/>
<testcase classname="KLF200-API GW_GET_STATE_CFM Constructor" name="should create without error" time="0"/>
<testcase classname="KLF200-API GW_GET_STATE_CFM Constructor" name="should return the correct property values" time="0"/>
<testcase classname="KLF200-API GW_GET_VERSION_CFM Constructor" name="should create without error" time="0"/>
<testcase classname="KLF200-API GW_GET_VERSION_CFM Constructor" name="should return the Software Version" time="0"/>
<testcase classname="KLF200-API GW_GET_VERSION_CFM Constructor" name="should return the Hardware Version" time="0"/>
<testcase classname="KLF200-API GW_GET_VERSION_CFM Constructor" name="should return the Product Group" time="0"/>
<testcase classname="KLF200-API GW_GET_VERSION_CFM Constructor" name="should return the Product Type" time="0"/>
<testcase classname="KLF200-API SoftwareVersion Constructur" name="should create without error" time="0"/>
<testcase classname="KLF200-API SoftwareVersion toString" name="should return 2.3.4.71.5.6" time="0"/>
<testcase classname="KLF200-API GW_GROUP_DELETED_NTF Constructor" name="should create without error" time="0.001"/>
<testcase classname="KLF200-API GW_GROUP_DELETED_NTF Constructor" name="should return the group ID" time="0"/>
<testcase classname="KLF200-API GW_GROUP_INFORMATION_CHANGED_NTF Constructor Change type = deleted" name="should create without error" time="0"/>
<testcase classname="KLF200-API GW_GROUP_INFORMATION_CHANGED_NTF Constructor Change type = deleted" name="should return the group ID" time="0"/>
<testcase classname="KLF200-API GW_GROUP_INFORMATION_CHANGED_NTF Constructor Change type = deleted" name="should return an empty order" time="0"/>
<testcase classname="KLF200-API GW_GROUP_INFORMATION_CHANGED_NTF Constructor Change type = deleted" name="should return an empty placement" time="0"/>
<testcase classname="KLF200-API GW_GROUP_INFORMATION_CHANGED_NTF Constructor Change type = deleted" name="should return an empty name" time="0"/>
<testcase classname="KLF200-API GW_GROUP_INFORMATION_CHANGED_NTF Constructor Change type = deleted" name="should return an empty velocity" time="0.001"/>
<testcase classname="KLF200-API GW_GROUP_INFORMATION_CHANGED_NTF Constructor Change type = deleted" name="should return an empty node variation" time="0"/>
<testcase classname="KLF200-API GW_GROUP_INFORMATION_CHANGED_NTF Constructor Change type = deleted" name="should return an empty group type" time="0.001"/>
<testcase classname="KLF200-API GW_GROUP_INFORMATION_CHANGED_NTF Constructor Change type = deleted" name="should return an empty nodes" time="0"/>
<testcase classname="KLF200-API GW_GROUP_INFORMATION_CHANGED_NTF Constructor Change type = deleted" name="should return an empty revision" time="0"/>
<testcase classname="KLF200-API GW_GROUP_INFORMATION_CHANGED_NTF Constructor Change type = modified" name="should create without error" time="0"/>
<testcase classname="KLF200-API GW_GROUP_INFORMATION_CHANGED_NTF Constructor Change type = modified" name="should return the group ID" time="0"/>
<testcase classname="KLF200-API GW_GROUP_INFORMATION_CHANGED_NTF Constructor Change type = modified" name="should return the order" time="0"/>
<testcase classname="KLF200-API GW_GROUP_INFORMATION_CHANGED_NTF Constructor Change type = modified" name="should return the placement" time="0.001"/>
<testcase classname="KLF200-API GW_GROUP_INFORMATION_CHANGED_NTF Constructor Change type = modified" name="should return the name" time="0"/>
<testcase classname="KLF200-API GW_GROUP_INFORMATION_CHANGED_NTF Constructor Change type = modified" name="should return the velocity" time="0"/>
<testcase classname="KLF200-API GW_GROUP_INFORMATION_CHANGED_NTF Constructor Change type = modified" name="should return the node variation" time="0"/>
<testcase classname="KLF200-API GW_GROUP_INFORMATION_CHANGED_NTF Constructor Change type = modified" name="should return the group type" time="0.001"/>
<testcase classname="KLF200-API GW_GROUP_INFORMATION_CHANGED_NTF Constructor Change type = modified" name="should return the nodes" time="0.001"/>
<testcase classname="KLF200-API GW_GROUP_INFORMATION_CHANGED_NTF Constructor Change type = modified" name="should return the empty nodes list if not User Group" time="0.001"/>
<testcase classname="KLF200-API GW_GROUP_INFORMATION_CHANGED_NTF Constructor Change type = modified" name="should return the revision" time="0"/>
<testcase classname="KLF200-API GW_INITIALIZE_SCENE_CANCEL_CFM Constructor" name="should create without error" time="0.001"/>
<testcase classname="KLF200-API GW_INITIALIZE_SCENE_CANCEL_CFM Constructor" name="should return the status" time="0"/>
<testcase classname="KLF200-API GW_INITIALIZE_SCENE_CANCEL_CFM getError" name="should throw No error" time="0"/>
<testcase classname="KLF200-API GW_INITIALIZE_SCENE_CANCEL_CFM getError" name="should return &#x27;Request failed.&#x27;" time="0"/>
<testcase classname="KLF200-API GW_INITIALIZE_SCENE_CANCEL_CFM getError" name="should return &#x27;Invalid scene ID.&#x27;" time="0"/>
<testcase classname="KLF200-API GW_INITIALIZE_SCENE_CANCEL_CFM getError" name="should return &#x27;Unknown error 3.&#x27;" time="0.001"/>
<testcase classname="KLF200-API GW_INITIALIZE_SCENE_CFM Constructor" name="should create without error" time="0"/>
<testcase classname="KLF200-API GW_INITIALIZE_SCENE_CFM Constructor" name="should return the status" time="0"/>
<testcase classname="KLF200-API GW_INITIALIZE_SCENE_CFM getError" name="should throw No error" time="0"/>
<testcase classname="KLF200-API GW_INITIALIZE_SCENE_CFM getError" name="should return &#x27;Empty system table.&#x27;" time="0"/>
<testcase classname="KLF200-API GW_INITIALIZE_SCENE_CFM getError" name="should return &#x27;Out of storage for scene.&#x27;" time="0"/>
<testcase classname="KLF200-API GW_INITIALIZE_SCENE_CFM getError" name="should return &#x27;Unknown error 3.&#x27;" time="0"/>
<testcase classname="KLF200-API GW_INITIALIZE_SCENE_NTF Constructor" name="should create without error" time="0.001"/>
<testcase classname="KLF200-API GW_INITIALIZE_SCENE_NTF Constructor" name="should return the status" time="0"/>
<testcase classname="KLF200-API GW_INITIALIZE_SCENE_NTF Constructor" name="should return the failed nodes" time="0"/>
<testcase classname="KLF200-API GW_LEAVE_LEARN_STATE_CFM Constructor" name="should create without error" time="0"/>
<testcase classname="KLF200-API GW_LEAVE_LEARN_STATE_CFM Constructor" name="should return the status" time="0.001"/>
<testcase classname="KLF200-API GW_LEAVE_LEARN_STATE_CFM getError" name="should throw &#x27;No error.&#x27;" time="0"/>
<testcase classname="KLF200-API GW_LEAVE_LEARN_STATE_CFM getError" name="should return &#x27;Request failed.&#x27;" time="0"/>
<testcase classname="KLF200-API GW_LEAVE_LEARN_STATE_CFM getError" name="should return &#x27;Unknown error.&#x27;" time="0"/>
<testcase classname="KLF200-API GW_LIMITATION_STATUS_NTF Constructor" name="should create without error" time="0.001"/>
<testcase classname="KLF200-API GW_LIMITATION_STATUS_NTF Constructor" name="should return the session ID" time="0"/>
<testcase classname="KLF200-API GW_LIMITATION_STATUS_NTF Constructor" name="should return the node ID" time="0"/>
<testcase classname="KLF200-API GW_LIMITATION_STATUS_NTF Constructor" name="should return the parameter ID" time="0"/>
<testcase classname="KLF200-API GW_LIMITATION_STATUS_NTF Constructor" name="should return the min value" time="0"/>
<testcase classname="KLF200-API GW_LIMITATION_STATUS_NTF Constructor" name="should return the max value" time="0"/>
<testcase classname="KLF200-API GW_LIMITATION_STATUS_NTF Constructor" name="should return the limitation originator" time="0"/>
<testcase classname="KLF200-API GW_LIMITATION_STATUS_NTF Constructor" name="should return the limitation time" time="0"/>
<testcase classname="KLF200-API GW_MODE_SEND_CFM Constructor" name="should create without error" time="0"/>
<testcase classname="KLF200-API GW_MODE_SEND_CFM Constructor" name="should return the session ID" time="0"/>
<testcase classname="KLF200-API GW_MODE_SEND_CFM Constructor" name="should return the status" time="0.001"/>
<testcase classname="KLF200-API GW_MODE_SEND_CFM getError" name="should throw No error" time="0"/>
<testcase classname="KLF200-API GW_MODE_SEND_CFM getError" name="should return &#x27;Command rejected.&#x27;" time="0"/>
<testcase classname="KLF200-API GW_MODE_SEND_CFM getError" name="should return &#x27;Unknown client ID.&#x27;" time="0"/>
<testcase classname="KLF200-API GW_MODE_SEND_CFM getError" name="should return &#x27;Session ID in use.&#x27;" time="0"/>
<testcase classname="KLF200-API GW_MODE_SEND_CFM getError" name="should return &#x27;Busy.&#x27;" time="0"/>
<testcase classname="KLF200-API GW_MODE_SEND_CFM getError" name="should return &#x27;Invalid parameter value.&#x27;" time="0"/>
<testcase classname="KLF200-API GW_MODE_SEND_CFM getError" name="should return &#x27;Failed.&#x27;" time="0"/>
<testcase classname="KLF200-API GW_MODE_SEND_CFM getError" name="should return &#x27;Unknown error 254.&#x27;" time="0"/>
<testcase classname="KLF200-API GW_MODE_SEND_REQ" name="shouldn&#x27;t throw an error on create" time="0.001"/>
<testcase classname="KLF200-API GW_MODE_SEND_REQ" name="should write the correct default values" time="0"/>
<testcase classname="KLF200-API GW_MODE_SEND_REQ" name="should write the single node" time="0"/>
<testcase classname="KLF200-API GW_MODE_SEND_REQ" name="should write multiple nodes" time="0"/>
<testcase classname="KLF200-API GW_MODE_SEND_REQ" name="shouldn&#x27;t throw an error with 20 nodes" time="0.001"/>
<testcase classname="KLF200-API GW_MODE_SEND_REQ" name="should throw an error with more than 20 nodes" time="0"/>
<testcase classname="KLF200-API GW_MODE_SEND_REQ" name="shouldn&#x27;t throw an error with 8 priority levels" time="0.001"/>
<testcase classname="KLF200-API GW_MODE_SEND_REQ" name="should throw an error with more than 8 priority levels" time="0.001"/>
<testcase classname="KLF200-API GW_MODE_SEND_REQ" name="should throw an error with a negative priority level" time="0"/>
<testcase classname="KLF200-API GW_MODE_SEND_REQ" name="should throw an error with a priority level greater than 3" time="0.001"/>
<testcase classname="KLF200-API GW_MODE_SEND_REQ" name="shouldn&#x27;t throw an error with priority levels 0-3" time="0"/>
<testcase classname="KLF200-API GW_MODE_SEND_REQ" name="should write the correct priority levels 0-3" time="0.001"/>
<testcase classname="KLF200-API GW_NEW_GROUP_CFM Constructor" name="should create without error" time="0"/>
<testcase classname="KLF200-API GW_NEW_GROUP_CFM Constructor" name="should return the group ID" time="0"/>
<testcase classname="KLF200-API GW_NEW_GROUP_CFM Constructor" name="should return the status" time="0"/>
<testcase classname="KLF200-API GW_NEW_GROUP_CFM getError" name="should throw No error" time="0"/>
<testcase classname="KLF200-API GW_NEW_GROUP_CFM getError" name="should return &#x27;Request failed.&#x27;" time="0"/>
<testcase classname="KLF200-API GW_NEW_GROUP_CFM getError" name="should return &#x27;Invalid group ID.&#x27;" time="0"/>
<testcase classname="KLF200-API GW_NEW_GROUP_CFM getError" name="should return &#x27;Unknown error 3.&#x27;" time="0"/>
<testcase classname="KLF200-API GW_NEW_GROUP_REQ" name="shouldn&#x27;t throw an error on create" time="0"/>
<testcase classname="KLF200-API GW_NEW_GROUP_REQ" name="should write the correct default values" time="0.001"/>
<testcase classname="KLF200-API GW_NODE_INFORMATION_CHANGED_NTF Constructor" name="should create without error" time="0"/>
<testcase classname="KLF200-API GW_NODE_INFORMATION_CHANGED_NTF Constructor" name="should return the node ID" time="0"/>
<testcase classname="KLF200-API GW_NODE_INFORMATION_CHANGED_NTF Constructor" name="should return the order" time="0"/>
<testcase classname="KLF200-API GW_NODE_INFORMATION_CHANGED_NTF Constructor" name="should return the placement" time="0"/>
<testcase classname="KLF200-API GW_NODE_INFORMATION_CHANGED_NTF Constructor" name="should return the name" time="0"/>
<testcase classname="KLF200-API GW_NODE_INFORMATION_CHANGED_NTF Constructor" name="should return the node variation" time="0"/>
<testcase classname="KLF200-API GW_NODE_STATE_POSITION_CHANGED_NTF Constructor" name="should create without error" time="0"/>
<testcase classname="KLF200-API GW_NODE_STATE_POSITION_CHANGED_NTF Constructor" name="should return the node ID" time="0"/>
<testcase classname="KLF200-API GW_NODE_STATE_POSITION_CHANGED_NTF Constructor" name="should return the state" time="0"/>
<testcase classname="KLF200-API GW_NODE_STATE_POSITION_CHANGED_NTF Constructor" name="should return the current position" time="0"/>
<testcase classname="KLF200-API GW_NODE_STATE_POSITION_CHANGED_NTF Constructor" name="should return the FP1 current position" time="0"/>
<testcase classname="KLF200-API GW_NODE_STATE_POSITION_CHANGED_NTF Constructor" name="should return the FP2 current position" time="0"/>
<testcase classname="KLF200-API GW_NODE_STATE_POSITION_CHANGED_NTF Constructor" name="should return the FP3 current position" time="0"/>
<testcase classname="KLF200-API GW_NODE_STATE_POSITION_CHANGED_NTF Constructor" name="should return the FP4 current position" time="0"/>
<testcase classname="KLF200-API GW_NODE_STATE_POSITION_CHANGED_NTF Constructor" name="should return the remaining time" time="0"/>
<testcase classname="KLF200-API GW_NODE_STATE_POSITION_CHANGED_NTF Constructor" name="should return the time stamp" time="0"/>
<testcase classname="KLF200-API GW_PASSWORD_CHANGE_CFM Constructor" name="should create without error" time="0"/>
<testcase classname="KLF200-API GW_PASSWORD_CHANGE_CFM Constructor" name="should return the status" time="0"/>
<testcase classname="KLF200-API GW_PASSWORD_CHANGE_CFM getError" name="should throw No error" time="0.002"/>
<testcase classname="KLF200-API GW_PASSWORD_CHANGE_CFM getError" name="should return &#x27;Request failed.&#x27;" time="0"/>
<testcase classname="KLF200-API GW_PASSWORD_CHANGE_CFM getError" name="should return &#x27;Invalid ID.&#x27;" time="0.001"/>
<testcase classname="KLF200-API GW_PASSWORD_CHANGE_CFM getError" name="should return &#x27;Unknown error 3.&#x27;" time="0"/>
<testcase classname="KLF200-API GW_PASSWORD_CHANGE_NTF Constructor" name="should create without error" time="0"/>
<testcase classname="KLF200-API GW_PASSWORD_CHANGE_NTF Constructor" name="should return the number of scenes" time="0"/>
<testcase classname="KLF200-API GW_PASSWORD_CHANGE_REQ" name="shouldn&#x27;t throw an error on create" time="0"/>
<testcase classname="KLF200-API GW_PASSWORD_CHANGE_REQ" name="should write the correct password values" time="0.001"/>
<testcase classname="KLF200-API GW_PASSWORD_CHANGE_REQ" name="shouldn&#x27;t throw an error with passwords at size of 32 chars" time="0"/>
<testcase classname="KLF200-API GW_PASSWORD_CHANGE_REQ" name="should throw an error with old passwords at size greater than 32 chars" time="0.001"/>
<testcase classname="KLF200-API GW_PASSWORD_CHANGE_REQ" name="should throw an error with new passwords at size greater than 32 chars" time="0"/>
<testcase classname="KLF200-API GW_PASSWORD_ENTER_CFM Constructor" name="should create without error" time="0"/>
<testcase classname="KLF200-API GW_PASSWORD_ENTER_CFM Constructor" name="should return the status" time="0"/>
<testcase classname="KLF200-API GW_PASSWORD_ENTER_CFM getError" name="should throw No error" time="0"/>
<testcase classname="KLF200-API GW_PASSWORD_ENTER_CFM getError" name="should return &#x27;Request failed.&#x27;" time="0"/>
<testcase classname="KLF200-API GW_PASSWORD_ENTER_CFM getError" name="should return &#x27;Invalid ID.&#x27;" time="0"/>
<testcase classname="KLF200-API GW_PASSWORD_ENTER_CFM getError" name="should return &#x27;Unknown error 3.&#x27;" time="0"/>
<testcase classname="KLF200-API GW_PASSWORD_ENTER_REQ" name="should return the provided password." time="0"/>
<testcase classname="KLF200-API GW_PASSWORD_ENTER_REQ" name="should return the provided password, if the password length equals 32 bytes." time="0"/>
<testcase classname="KLF200-API GW_PASSWORD_ENTER_REQ" name="should throw an exception if the password is to long." time="0"/>
<testcase classname="KLF200-API GW_RECORD_SCENE_CFM Constructor" name="should create without error" time="0"/>
<testcase classname="KLF200-API GW_RECORD_SCENE_CFM Constructor" name="should return the status" time="0"/>
<testcase classname="KLF200-API GW_RECORD_SCENE_CFM getError" name="should throw No error" time="0"/>
<testcase classname="KLF200-API GW_RECORD_SCENE_CFM getError" name="should return &#x27;Request failed.&#x27;" time="0"/>
<testcase classname="KLF200-API GW_RECORD_SCENE_CFM getError" name="should return &#x27;Invalid scene ID.&#x27;" time="0"/>
<testcase classname="KLF200-API GW_RECORD_SCENE_CFM getError" name="should return &#x27;Unknown error 3.&#x27;" time="0"/>
<testcase classname="KLF200-API GW_RECORD_SCENE_NTF Constructor" name="should create without error" time="0.001"/>
<testcase classname="KLF200-API GW_RECORD_SCENE_NTF Constructor" name="should return the scene ID" time="0"/>
<testcase classname="KLF200-API GW_RECORD_SCENE_NTF Constructor" name="should return the status" time="0"/>
<testcase classname="KLF200-API GW_RECORD_SCENE_REQ" name="shouldn&#x27;t throw an error on create" time="0"/>
<testcase classname="KLF200-API GW_RECORD_SCENE_REQ" name="should write the correct scene name" time="0"/>
<testcase classname="KLF200-API GW_RECORD_SCENE_REQ" name="shouldn&#x27;t throw an error with scene name at size of 64 chars" time="0"/>
<testcase classname="KLF200-API GW_RECORD_SCENE_REQ" name="should throw an error with old passwords at size greater than 64 chars" time="0"/>
<testcase classname="KLF200-API GW_REMOVE_CONTACT_INPUT_LINK_CFM Constructor" name="should create without error" time="0"/>
<testcase classname="KLF200-API GW_REMOVE_CONTACT_INPUT_LINK_CFM Constructor" name="should return the contact ID" time="0"/>
<testcase classname="KLF200-API GW_REMOVE_CONTACT_INPUT_LINK_CFM Constructor" name="should return the status" time="0"/>
<testcase classname="KLF200-API GW_REMOVE_CONTACT_INPUT_LINK_CFM getError" name="should throw No error" time="0"/>
<testcase classname="KLF200-API GW_REMOVE_CONTACT_INPUT_LINK_CFM getError" name="should return &#x27;Request failed.&#x27;" time="0"/>
<testcase classname="KLF200-API GW_REMOVE_CONTACT_INPUT_LINK_CFM getError" name="should return &#x27;Unknown error 3.&#x27;" time="0"/>
<testcase classname="KLF200-API GW_REMOVE_CONTACT_INPUT_LINK_REQ" name="shouldn&#x27;t throw an error on create" time="0"/>
<testcase classname="KLF200-API GW_REMOVE_CONTACT_INPUT_LINK_REQ" name="should write the input link ID" time="0"/>
<testcase classname="KLF200-API GW_RENAME_SCENE_CFM Constructor" name="should create without error" time="0"/>
<testcase classname="KLF200-API GW_RENAME_SCENE_CFM Constructor" name="should return the scene ID" time="0.001"/>
<testcase classname="KLF200-API GW_RENAME_SCENE_CFM Constructor" name="should return the status" time="0"/>
<testcase classname="KLF200-API GW_RENAME_SCENE_CFM getError" name="should throw No error" time="0"/>
<testcase classname="KLF200-API GW_RENAME_SCENE_CFM getError" name="should return &#x27;Invalid scene ID.&#x27;" time="0"/>
<testcase classname="KLF200-API GW_RENAME_SCENE_CFM getError" name="should return &#x27;Name in use.&#x27;" time="0"/>
<testcase classname="KLF200-API GW_RENAME_SCENE_CFM getError" name="should return &#x27;Unknown error 3.&#x27;" time="0"/>
<testcase classname="KLF200-API GW_RENAME_SCENE_REQ" name="shouldn&#x27;t throw an error on create" time="0"/>
<testcase classname="KLF200-API GW_RENAME_SCENE_REQ" name="should write the correct scene name" time="0.001"/>
<testcase classname="KLF200-API GW_RENAME_SCENE_REQ" name="shouldn&#x27;t throw an error with scene name at size of 64 chars" time="0"/>
<testcase classname="KLF200-API GW_RENAME_SCENE_REQ" name="should throw an error with old passwords at size greater than 64 chars" time="0"/>
<testcase classname="KLF200-API GW_RTC_SET_TIME_ZONE_CFM Constructor" name="should create without error" time="0"/>
<testcase classname="KLF200-API GW_RTC_SET_TIME_ZONE_CFM Constructor" name="should return the status" time="0"/>
<testcase classname="KLF200-API GW_RTC_SET_TIME_ZONE_CFM getError" name="should throw &#x27;No error.&#x27;" time="0"/>
<testcase classname="KLF200-API GW_RTC_SET_TIME_ZONE_CFM getError" name="should return &#x27;Request failed.&#x27;" time="0"/>
<testcase classname="KLF200-API GW_RTC_SET_TIME_ZONE_CFM getError" name="should return &#x27;Unknown error.&#x27;" time="0"/>
<testcase classname="KLF200-API GW_RTC_SET_TIME_ZONE_REQ" name="shouldn&#x27;t throw an error on create" time="0.001"/>
<testcase classname="KLF200-API GW_RTC_SET_TIME_ZONE_REQ" name="should write the correct time zone" time="0"/>
<testcase classname="KLF200-API GW_SCENE_INFORMATION_CHANGED_NTF Constructor" name="should create without error" time="0"/>
<testcase classname="KLF200-API GW_SCENE_INFORMATION_CHANGED_NTF Constructor" name="should return the scenes ID" time="0"/>
<testcase classname="KLF200-API GW_SCENE_INFORMATION_CHANGED_NTF Constructor" name="should return the scenes change type" time="0"/>
<testcase classname="KLF200-API GW_SESSION_FINISHED_NTF Constructor" name="should create without error" time="0"/>
<testcase classname="KLF200-API GW_SESSION_FINISHED_NTF Constructor" name="should return the session ID" time="0"/>
<testcase classname="KLF200-API GW_SET_CONTACT_INPUT_LINK_CFM Constructor" name="should create without error" time="0"/>
<testcase classname="KLF200-API GW_SET_CONTACT_INPUT_LINK_CFM Constructor" name="should return the contact input ID" time="0"/>
<testcase classname="KLF200-API GW_SET_CONTACT_INPUT_LINK_CFM Constructor" name="should return the status" time="0"/>
<testcase classname="KLF200-API GW_SET_CONTACT_INPUT_LINK_CFM getError" name="should throw &#x27;No error.&#x27;" time="0"/>
<testcase classname="KLF200-API GW_SET_CONTACT_INPUT_LINK_CFM getError" name="should return &#x27;Request failed.&#x27;" time="0"/>
<testcase classname="KLF200-API GW_SET_CONTACT_INPUT_LINK_CFM getError" name="should return &#x27;Unknown error.&#x27;" time="0"/>
<testcase classname="KLF200-API GW_SET_CONTACT_INPUT_LINK_REQ" name="shouldn&#x27;t throw an error on create" time="0.001"/>
[...]
<testcase classname="KLF200-API GW_STATUS_REQUEST_NTF StatusType = RequestMainInfo Constructor" name="should return the current position" time="0"/>
<testcase classname="KLF200-API GW_STATUS_REQUEST_NTF StatusType = RequestMainInfo Constructor" name="should return the remaining time" time="0"/>
<testcase classname="KLF200-API GW_STATUS_REQUEST_NTF StatusType = RequestMainInfo Constructor" name="should return the last master execution address" time="0"/>
<testcase classname="KLF200-API GW_STATUS_REQUEST_NTF StatusType = RequestMainInfo Constructor" name="should return the last command originator" time="0"/>
<testcase classname="KLF200-API GW_STATUS_REQUEST_REQ" name="shouldn&#x27;t throw an error on create" time="0.001"/>
<testcase classname="KLF200-API GW_STATUS_REQUEST_REQ" name="should write the correct default values" time="0"/>
<testcase classname="KLF200-API GW_STATUS_REQUEST_REQ" name="should write the correct NodeIDs" time="0.001"/>
<testcase classname="KLF200-API GW_STATUS_REQUEST_REQ" name="shouldn&#x27;t throw on 20 nodes" time="0"/>
<testcase classname="KLF200-API GW_STATUS_REQUEST_REQ" name="should throw on 21 nodes" time="0"/>
<testcase classname="KLF200-API GW_STATUS_REQUEST_REQ" name="should write the correct functional parameters" time="0.001"/>
<testcase classname="KLF200-API GW_STATUS_REQUEST_REQ" name="should throw on functional parameter less than 1" time="0"/>
<testcase classname="KLF200-API GW_STATUS_REQUEST_REQ" name="should throw on functional parameter greater than 16" time="0.001"/>
<testcase classname="KLF200-API GW_STOP_SCENE_CFM Constructor" name="should create without error" time="0"/>
<testcase classname="KLF200-API GW_STOP_SCENE_CFM Constructor" name="should return the session ID" time="0"/>
<testcase classname="KLF200-API GW_STOP_SCENE_CFM Constructor" name="should return the status" time="0"/>
<testcase classname="KLF200-API GW_STOP_SCENE_CFM getError" name="should throw &#x27;No error.&#x27;" time="0.001"/>
<testcase classname="KLF200-API GW_STOP_SCENE_CFM getError" name="should return &#x27;Invalid parameter.&#x27;" time="0.001"/>
<testcase classname="KLF200-API GW_STOP_SCENE_CFM getError" name="should return &#x27;Request failed.&#x27;" time="0"/>
<testcase classname="KLF200-API GW_STOP_SCENE_CFM getError" name="should return &#x27;Unknown error.&#x27;" time="0.001"/>
<testcase classname="KLF200-API GW_STOP_SCENE_REQ" name="shouldn&#x27;t throw an error on create" time="0.001"/>
<testcase classname="KLF200-API GW_STOP_SCENE_REQ" name="should write the correct default values" time="0"/>
<testcase classname="GW_SYSTEMTABLE splitActuatorType" name="should return {&#x22;ActuatorType&#x22;:1,&#x22;ActuatorSubType&#x22;:0} for 0x40" time="0"/>
<testcase classname="GW_SYSTEMTABLE splitActuatorType" name="should return {&#x22;ActuatorType&#x22;:2,&#x22;ActuatorSubType&#x22;:0} for 0x80" time="0"/>
<testcase classname="GW_SYSTEMTABLE splitActuatorType" name="should return {&#x22;ActuatorType&#x22;:2,&#x22;ActuatorSubType&#x22;:1} for 0x81" time="0"/>
<testcase classname="GW_SYSTEMTABLE splitActuatorType" name="should return {&#x22;ActuatorType&#x22;:2,&#x22;ActuatorSubType&#x22;:2} for 0x82" time="0.001"/>
<testcase classname="GW_SYSTEMTABLE splitActuatorType" name="should return {&#x22;ActuatorType&#x22;:3,&#x22;ActuatorSubType&#x22;:0} for 0xc0" time="0"/>
<testcase classname="GW_SYSTEMTABLE splitActuatorType" name="should return {&#x22;ActuatorType&#x22;:4,&#x22;ActuatorSubType&#x22;:0} for 0x100" time="0"/>
<testcase classname="GW_SYSTEMTABLE splitActuatorType" name="should return {&#x22;ActuatorType&#x22;:4,&#x22;ActuatorSubType&#x22;:1} for 0x101" time="0"/>
<testcase classname="GW_SYSTEMTABLE splitActuatorType" name="should return {&#x22;ActuatorType&#x22;:5,&#x22;ActuatorSubType&#x22;:0} for 0x140" time="0"/>
<testcase classname="GW_SYSTEMTABLE splitActuatorType" name="should return {&#x22;ActuatorType&#x22;:5,&#x22;ActuatorSubType&#x22;:58} for 0x17a" time="0"/>
<testcase classname="GW_SYSTEMTABLE splitActuatorType" name="should return {&#x22;ActuatorType&#x22;:6,&#x22;ActuatorSubType&#x22;:0} for 0x180" time="0"/>
<testcase classname="GW_SYSTEMTABLE splitActuatorType" name="should return {&#x22;ActuatorType&#x22;:6,&#x22;ActuatorSubType&#x22;:58} for 0x1ba" time="0"/>
<testcase classname="GW_SYSTEMTABLE splitActuatorType" name="should return {&#x22;ActuatorType&#x22;:7,&#x22;ActuatorSubType&#x22;:0} for 0x1c0" time="0"/>
<testcase classname="GW_SYSTEMTABLE splitActuatorType" name="should return {&#x22;ActuatorType&#x22;:7,&#x22;ActuatorSubType&#x22;:58} for 0x1fa" time="0"/>
<testcase classname="GW_SYSTEMTABLE splitActuatorType" name="should return {&#x22;ActuatorType&#x22;:9,&#x22;ActuatorSubType&#x22;:0} for 0x240" time="0"/>
<testcase classname="GW_SYSTEMTABLE splitActuatorType" name="should return {&#x22;ActuatorType&#x22;:9,&#x22;ActuatorSubType&#x22;:1} for 0x241" time="0"/>
<testcase classname="GW_SYSTEMTABLE splitActuatorType" name="should return {&#x22;ActuatorType&#x22;:10,&#x22;ActuatorSubType&#x22;:0} for 0x280" time="0"/>
<testcase classname="GW_SYSTEMTABLE splitActuatorType" name="should return {&#x22;ActuatorType&#x22;:13,&#x22;ActuatorSubType&#x22;:0} for 0x340" time="0"/>
<testcase classname="GW_SYSTEMTABLE splitActuatorType" name="should return {&#x22;ActuatorType&#x22;:15,&#x22;ActuatorSubType&#x22;:0} for 0x3c0" time="0"/>
<testcase classname="GW_SYSTEMTABLE splitActuatorType" name="should return {&#x22;ActuatorType&#x22;:16,&#x22;ActuatorSubType&#x22;:0} for 0x400" time="0"/>
<testcase classname="GW_SYSTEMTABLE splitActuatorType" name="should return {&#x22;ActuatorType&#x22;:17,&#x22;ActuatorSubType&#x22;:0} for 0x440" time="0"/>
<testcase classname="GW_SYSTEMTABLE splitActuatorType" name="should return {&#x22;ActuatorType&#x22;:18,&#x22;ActuatorSubType&#x22;:0} for 0x480" time="0"/>
<testcase classname="GW_SYSTEMTABLE splitActuatorType" name="should return {&#x22;ActuatorType&#x22;:19,&#x22;ActuatorSubType&#x22;:0} for 0x4c0" time="0"/>
<testcase classname="GW_SYSTEMTABLE splitActuatorType" name="should return {&#x22;ActuatorType&#x22;:20,&#x22;ActuatorSubType&#x22;:0} for 0x500" time="0"/>
<testcase classname="GW_SYSTEMTABLE splitActuatorType" name="should return {&#x22;ActuatorType&#x22;:20,&#x22;ActuatorSubType&#x22;:1} for 0x501" time="0"/>
<testcase classname="GW_SYSTEMTABLE splitActuatorType" name="should return {&#x22;ActuatorType&#x22;:20,&#x22;ActuatorSubType&#x22;:2} for 0x502" time="0"/>
<testcase classname="GW_SYSTEMTABLE splitActuatorType" name="should return {&#x22;ActuatorType&#x22;:20,&#x22;ActuatorSubType&#x22;:3} for 0x503" time="0"/>
<testcase classname="GW_SYSTEMTABLE splitActuatorType" name="should return {&#x22;ActuatorType&#x22;:21,&#x22;ActuatorSubType&#x22;:0} for 0x540" time="0"/>
<testcase classname="GW_SYSTEMTABLE splitActuatorType" name="should return {&#x22;ActuatorType&#x22;:21,&#x22;ActuatorSubType&#x22;:58} for 0x57a" time="0"/>
<testcase classname="GW_SYSTEMTABLE splitActuatorType" name="should return {&#x22;ActuatorType&#x22;:24,&#x22;ActuatorSubType&#x22;:0} for 0x600" time="0"/>
<testcase classname="GW_SYSTEMTABLE splitActuatorType" name="should return {&#x22;ActuatorType&#x22;:24,&#x22;ActuatorSubType&#x22;:1} for 0x601" time="0"/>
<testcase classname="GW_SYSTEMTABLE SystemTableDataEntry" name="should create a SystemTableDataEntry object with the properties set to the correct values" time="0.001"/>
<testcase classname="GW_SYSTEMTABLE SystemTableDataEntry" name="should create a SystemTableDataEntry object with the ActuatorTurnaroundTime set to 5" time="0"/>
<testcase classname="GW_SYSTEMTABLE SystemTableDataEntry" name="should create a SystemTableDataEntry object with the ActuatorTurnaroundTime set to 10" time="0.001"/>
<testcase classname="GW_SYSTEMTABLE SystemTableDataEntry" name="should create a SystemTableDataEntry object with the ActuatorTurnaroundTime set to 40" time="0"/>
<testcase classname="GW_SYSTEMTABLE ActuatorAlias" name="should return an ActuatorAlias object" time="0"/>
<testcase classname="KLF200-API GW_WINK_SEND_CFM Constructor" name="should create without error" time="0"/>
<testcase classname="KLF200-API GW_WINK_SEND_CFM Constructor" name="should return the session ID" time="0.001"/>
<testcase classname="KLF200-API GW_WINK_SEND_CFM Constructor" name="should return the status" time="0"/>
<testcase classname="KLF200-API GW_WINK_SEND_CFM getError" name="should throw &#x27;No error.&#x27;" time="0"/>
<testcase classname="KLF200-API GW_WINK_SEND_CFM getError" name="should return &#x27;Request failed.&#x27;" time="0"/>
<testcase classname="KLF200-API GW_WINK_SEND_CFM getError" name="should return &#x27;Unknown error.&#x27;" time="0"/>
<testcase classname="KLF200-API GW_WINK_SEND_NTF Constructor" name="should create without error" time="0"/>
<testcase classname="KLF200-API GW_WINK_SEND_NTF Constructor" name="should return the session ID" time="0"/>
<testcase classname="KLF200-API GW_WINK_SEND_REQ" name="shouldn&#x27;t throw an error on create" time="0"/>
<testcase classname="KLF200-API GW_WINK_SEND_REQ" name="should write the correct default values" time="0"/>
<testcase classname="KLF200-API GW_WINK_SEND_REQ" name="should write the correct node ID values" time="0.001"/>
<testcase classname="KLF200-API GW_WINK_SEND_REQ" name="shouldn&#x27;t throw with 20 nodes" time="0"/>
<testcase classname="KLF200-API GW_WINK_SEND_REQ" name="should throw with more than 20 nodes" time="0"/>
<testcase classname="KLF200-API KLF200Protocol" name="should return the encoded buffer." time="0"/>
<testcase classname="KLF200-API KLF200Protocol" name="should return the decoded buffer." time="0"/>
<testcase classname="KLF200-API KLF200Protocol" name="should return the encoded buffer for an empty buffer." time="0"/>
<testcase classname="KLF200-API KLF200Protocol" name="should return an empty buffer after decode." time="0"/>
<testcase classname="KLF200-API KLF200Protocol" name="should throw an exception on wrong ProtocolID." time="0"/>
<testcase classname="KLF200-API KLF200Protocol" name="should throw an exception on wrong CRC." time="0"/>
<testcase classname="KLF200-API KLF200SocketProtocol" name="the socket should echo the request" time="0"/>
<testcase classname="KLF200-API KLF200SocketProtocol" name="should create without error." time="0"/>
<testcase classname="KLF200-API KLF200SocketProtocol" name="should find GW_PASSWORD_ENTER_CFM frame (check raw data bytes)." time="0.001"/>
<testcase classname="KLF200-API KLF200SocketProtocol" name="should find GW_PASSWORD_ENTER_CFM frame (check resulting frame)." time="0.001"/>
<testcase classname="KLF200-API KLF200SocketProtocol" name="should find GW_PASSWORD_ENTER_CFM frame (check split frame)." time="0.001"/>
<testcase classname="KLF200-API KLF200SocketProtocol" name="should throw an error due to an unknown command ID." time="0"/>
<testcase classname="KLF200-API KLF200SocketProtocol" name="should write the data using the protocol." time="0"/>
<testcase classname="KLF200-API Simple Confirmations GW_SET_UTC_CFM" name="should create the class without error" time="0"/>
<testcase classname="KLF200-API Simple Confirmations GW_REBOOT_CFM" name="should create the class without error" time="0"/>
<testcase classname="KLF200-API Simple Confirmations GW_SET_FACTORY_DEFAULT_CFM" name="should create the class without error" time="0"/>
<testcase classname="KLF200-API Simple Confirmations GW_SET_NETWORK_SETUP_CFM" name="should create the class without error" time="0"/>
<testcase classname="KLF200-API Simple Confirmations GW_CS_GET_SYSTEMTABLE_DATA_CFM" name="should create the class without error" time="0"/>
<testcase classname="KLF200-API Simple Confirmations GW_CS_DISCOVER_NODES_CFM" name="should create the class without error" time="0"/>
<testcase classname="KLF200-API Simple Confirmations GW_CS_VIRGIN_STATE_CFM" name="should create the class without error" time="0"/>
<testcase classname="KLF200-API Simple Confirmations GW_CS_CONTROLLER_COPY_CFM" name="should create the class without error" time="0"/>
<testcase classname="KLF200-API Simple Confirmations GW_CS_GENERATE_NEW_KEY_CFM" name="should create the class without error" time="0"/>
<testcase classname="KLF200-API Simple Confirmations GW_CS_RECEIVE_KEY_CFM" name="should create the class without error" time="0"/>
<testcase classname="KLF200-API Simple Confirmations GW_CS_REPAIR_KEY_CFM" name="should create the class without error" time="0"/>
<testcase classname="KLF200-API Simple Confirmations GW_HOUSE_STATUS_MONITOR_ENABLE_CFM" name="should create the class without error" time="0"/>
<testcase classname="KLF200-API Simple Confirmations GW_HOUSE_STATUS_MONITOR_DISABLE_CFM" name="should create the class without error" time="0"/>
<testcase classname="KLF200-API Simple Confirmations GW_CLEAR_ACTIVATION_LOG_CFM" name="should create the class without error" time="0"/>
<testcase classname="KLF200-API Simple Notifications GW_GET_ALL_NODES_INFORMATION_FINISHED_NTF" name="should create the class without error" time="0.001"/>
<testcase classname="KLF200-API Simple Notifications GW_ACTIVATION_LOG_UPDATED_NTF" name="should create the class without error" time="0"/>
<testcase classname="KLF200-API Simple Requests GW_REBOOT_REQ" name="should have the right command and a length byte of 3" time="0.001"/>
<testcase classname="KLF200-API Simple Requests GW_SET_FACTORY_DEFAULT_REQ" name="should have the right command and a length byte of 3" time="0"/>
<testcase classname="KLF200-API Simple Requests GW_GET_VERSION_REQ" name="should have the right command and a length byte of 3" time="0"/>
<testcase classname="KLF200-API Simple Requests GW_GET_PROTOCOL_VERSION_REQ" name="should have the right command and a length byte of 3" time="0.001"/>
<testcase classname="KLF200-API Simple Requests GW_GET_STATE_REQ" name="should have the right command and a length byte of 3" time="0"/>
<testcase classname="KLF200-API Simple Requests GW_LEAVE_LEARN_STATE_REQ" name="should have the right command and a length byte of 3" time="0.001"/>
<testcase classname="KLF200-API Simple Requests GW_GET_NETWORK_SETUP_REQ" name="should have the right command and a length byte of 3" time="0"/>
<testcase classname="KLF200-API Simple Requests GW_CS_GET_SYSTEMTABLE_DATA_REQ" name="should have the right command and a length byte of 3" time="0"/>
<testcase classname="KLF200-API Simple Requests GW_CS_VIRGIN_STATE_REQ" name="should have the right command and a length byte of 3" time="0"/>
<testcase classname="KLF200-API Simple Requests GW_CS_CONTROLLER_COPY_CANCEL_NTF" name="should have the right command and a length byte of 3" time="0"/>
<testcase classname="KLF200-API Simple Requests GW_CS_RECEIVE_KEY_REQ" name="should have the right command and a length byte of 3" time="0"/>
<testcase classname="KLF200-API Simple Requests GW_CS_GENERATE_NEW_KEY_REQ" name="should have the right command and a length byte of 3" time="0"/>
<testcase classname="KLF200-API Simple Requests GW_CS_REPAIR_KEY_REQ" name="should have the right command and a length byte of 3" time="0.001"/>
<testcase classname="KLF200-API Simple Requests GW_GET_ALL_NODES_INFORMATION_REQ" name="should have the right command and a length byte of 3" time="0"/>
<testcase classname="KLF200-API Simple Requests GW_HOUSE_STATUS_MONITOR_ENABLE_REQ" name="should have the right command and a length byte of 3" time="0.001"/>
<testcase classname="KLF200-API Simple Requests GW_HOUSE_STATUS_MONITOR_DISABLE_REQ" name="should have the right command and a length byte of 3" time="0"/>
<testcase classname="KLF200-API Simple Requests GW_INITIALIZE_SCENE_REQ" name="should have the right command and a length byte of 3" time="0"/>
<testcase classname="KLF200-API Simple Requests GW_INITIALIZE_SCENE_CANCEL_REQ" name="should have the right command and a length byte of 3" time="0"/>
<testcase classname="KLF200-API Simple Requests GW_GET_SCENE_LIST_REQ" name="should have the right command and a length byte of 3" time="0"/>
<testcase classname="KLF200-API Simple Requests GW_GET_CONTACT_INPUT_LINK_LIST_REQ" name="should have the right command and a length byte of 3" time="0"/>
<testcase classname="KLF200-API Simple Requests GW_GET_ACTIVATION_LOG_HEADER_REQ" name="should have the right command and a length byte of 3" time="0"/>
<testcase classname="KLF200-API Simple Requests GW_CLEAR_ACTIVATION_LOG_REQ" name="should have the right command and a length byte of 3" time="0"/>
<testcase classname="KLF200-API Simple Requests GW_GET_LOCAL_TIME_REQ" name="should have the right command and a length byte of 3" time="0"/>
<testcase classname="KLF200-API SLIPProtocol" name="should return the encoded buffer." time="0"/>
<testcase classname="KLF200-API SLIPProtocol" name="should return the decoded buffer." time="0"/>
<testcase classname="KLF200-API SLIPProtocol" name="should return the encoded buffer for an empty buffer." time="0.001"/>
<testcase classname="KLF200-API SLIPProtocol" name="should return an empty buffer after decode." time="0"/>
<testcase classname="KLF200-API SLIPProtocol" name="should return the encoded END marker." time="0.001"/>
<testcase classname="KLF200-API SLIPProtocol" name="should return the encoded ESC marker." time="0"/>
<testcase classname="KLF200-API SLIPProtocol" name="should return the decoded END marker." time="0"/>
<testcase classname="KLF200-API SLIPProtocol" name="should return the decoded ESC marker." time="0.001"/>
<testcase classname="KLF200-API SLIPProtocol" name="should throw an exception on missing markers." time="0"/>
<testcase classname="KLF200-API SLIPProtocol" name="should throw an exception on missing start marker." time="0"/>
<testcase classname="KLF200-API SLIPProtocol" name="should throw an exception on missing end marker." time="0"/>
<testcase classname="KLF200-API SLIPProtocol" name="should throw an exception on wrong ESC sequence." time="0"/>
<testcase classname="products Products class createProductsAsync" name="should create without error with 5 products." time="0.002"/>
<testcase classname="products Products class createProductsAsync" name="should throw an error on invalid frames." time="0.001"/>
<testcase classname="products Products class createProductsAsync" name="should create without error without products." time="0"/>
<testcase classname="products Products class findByName" name="should find product &#x27;Fenster Badezimmer&#x27;." time="0.002"/>
<testcase classname="products Products class requestStatusAsync" name="should send a command request" time="0.001"/>
<testcase classname="products Products class requestStatusAsync" name="should reject on error status" time="0.001"/>
<testcase classname="products Products class requestStatusAsync" name="should reject on error frame" time="0.001"/>
<testcase classname="products Products class onNotificationHandler" name="should add 1 product and remove 2 products." time="0"><skipped/></testcase>
<testcase classname="products Products class addNodeAsync" name="should throw on error frame." time="0.105"><failure>Busy.
Error: Busy.
    at MockConnection.sendFrameAsync (C:\Users\micha\source\repos\klf-200-api\test\mocks\mockConnection.ts:72:27)
    at Products.addNodeAsync (C:\Users\micha\source\repos\klf-200-api\src\products.ts:426:805)
    at Products.onNotificationHandler (C:\Users\micha\source\repos\klf-200-api\src\products.ts:425:122)
    at async C:\Users\micha\source\repos\klf-200-api\src\products.ts:404:1000
    at async C:\Users\micha\source\repos\klf-200-api\test\mocks\mockConnection.ts:97:6
    at async TypedEvent.emit (C:\Users\micha\source\repos\klf-200-api\src\utils\TypedEvent.ts:32:208)
    at async MockConnection.sendNotification (C:\Users\micha\source\repos\klf-200-api\test\mocks\mockConnection.ts:87:3)
    at async Context.&#x3C;anonymous&#x3E; (C:\Users\micha\source\repos\klf-200-api\test\products-test.ts:360:5)</failure></testcase>
</testsuite>
